Log file open, 04/14/18 17:05:44
LogWindows: Failed to load 'aqProf.dll' (GetLastError=126)
LogWindows: File 'aqProf.dll' does not exist
LogWindows: Failed to load 'VtuneApi.dll' (GetLastError=126)
LogWindows: File 'VtuneApi.dll' does not exist
LogWindows: Failed to load 'VtuneApi32e.dll' (GetLastError=126)
LogWindows: File 'VtuneApi32e.dll' does not exist
LogInit: Display: Running engine for game: Development
LogPlatformFile: Not using cached read wrapper
LogInit: Display: RandInit(-1386527425) SRandInit(-1386527424).
LogInit: Read version file with build ID '3944462'
LogInit: Overriding engine version to CL 3989454, compatible CL 3944462
LogInit: Registered custom module enumerator with build ID '3944462'
LogTaskGraph: Started task graph with 5 named threads and 35 total threads with 3 sets of task threads.
LogStats: Stats thread started at 0.409421
LogD3D11RHI: Aftermath initialized
LogICUInternationalization: Display: ICU TimeZone Detection - Raw Offset: +0:00, Platform Override: ''
LogModuleManager: Display: Found up-to-date module file ../../../Engine/Plugins/2D/Paper2D/Binaries/Win64/UE4Editor-Paper2D.dll (API version 3944462).
LogModuleManager: Display: Found up-to-date module file ../../../Engine/Plugins/2D/Paper2D/Binaries/Win64/UE4Editor-Paper2DEditor.dll (API version 3944462).
LogModuleManager: Display: Found up-to-date module file ../../../Engine/Plugins/2D/Paper2D/Binaries/Win64/UE4Editor-PaperSpriteSheetImporter.dll (API version 3944462).
LogModuleManager: Display: Found up-to-date module file ../../../Engine/Plugins/2D/Paper2D/Binaries/Win64/UE4Editor-PaperTiledImporter.dll (API version 3944462).
LogModuleManager: Display: Found up-to-date module file ../../../Engine/Plugins/2D/Paper2D/Binaries/Win64/UE4Editor-SmartSnapping.dll (API version 3944462).
LogModuleManager: Display: Found up-to-date module file ../../../Engine/Plugins/Blendables/LightPropagationVolume/Binaries/Win64/UE4Editor-LightPropagationVolumeRuntime.dll (API version 3944462).
LogModuleManager: Display: Found up-to-date module file ../../../Engine/Plugins/Blendables/LightPropagationVolume/Binaries/Win64/UE4Editor-LightPropagationVolumeEditor.dll (API version 3944462).
LogModuleManager: Display: Found up-to-date module file ../../../Engine/Plugins/Developer/CLionSourceCodeAccess/Binaries/Win64/UE4Editor-CLionSourceCodeAccess.dll (API version 3944462).
LogModuleManager: Display: Found up-to-date module file ../../../Engine/Plugins/Developer/GitSourceControl/Binaries/Win64/UE4Editor-GitSourceControl.dll (API version 3944462).
LogModuleManager: Display: Found up-to-date module file ../../../Engine/Plugins/Developer/PerforceSourceControl/Binaries/Win64/UE4Editor-PerforceSourceControl.dll (API version 3944462).
LogModuleManager: Display: Found up-to-date module file ../../../Engine/Plugins/Developer/SubversionSourceControl/Binaries/Win64/UE4Editor-SubversionSourceControl.dll (API version 3944462).
LogModuleManager: Display: Found up-to-date module file ../../../Engine/Plugins/Developer/UObjectPlugin/Binaries/Win64/UE4Editor-UObjectPlugin.dll (API version 3944462).
LogModuleManager: Display: Found up-to-date module file ../../../Engine/Plugins/Developer/VisualStudioCodeSourceCodeAccess/Binaries/Win64/UE4Editor-VisualStudioCodeSourceCodeAccess.dll (API version 3944462).
LogModuleManager: Display: Found up-to-date module file ../../../Engine/Plugins/Developer/VisualStudioSourceCodeAccess/Binaries/Win64/UE4Editor-VisualStudioSourceCodeAccess.dll (API version 3944462).
LogModuleManager: Display: Found up-to-date module file ../../../Engine/Plugins/Editor/AssetManagerEditor/Binaries/Win64/UE4Editor-AssetManagerEditor.dll (API version 3944462).
LogModuleManager: Display: Found up-to-date module file ../../../Engine/Plugins/Editor/CryptoKeys/Binaries/Win64/UE4Editor-CryptoKeys.dll (API version 3944462).
LogModuleManager: Display: Found up-to-date module file ../../../Engine/Plugins/Editor/CryptoKeys/Binaries/Win64/UE4Editor-CryptoKeysOpenSSL.dll (API version 3944462).
LogModuleManager: Display: Found up-to-date module file ../../../Engine/Plugins/Editor/DataValidation/Binaries/Win64/UE4Editor-DataValidation.dll (API version 3944462).
LogModuleManager: Display: Found up-to-date module file ../../../Engine/Plugins/Editor/FacialAnimation/Binaries/Win64/UE4Editor-FacialAnimation.dll (API version 3944462).
LogModuleManager: Display: Found up-to-date module file ../../../Engine/Plugins/Editor/FacialAnimation/Binaries/Win64/UE4Editor-FacialAnimationEditor.dll (API version 3944462).
LogModuleManager: Display: Found up-to-date module file ../../../Engine/Plugins/Editor/GameplayTagsEditor/Binaries/Win64/UE4Editor-GameplayTagsEditor.dll (API version 3944462).
LogModuleManager: Display: Found up-to-date module file ../../../Engine/Plugins/Editor/MobileLauncherProfileWizard/Binaries/Win64/UE4Editor-MobileLauncherProfileWizard.dll (API version 3944462).
LogModuleManager: Display: Found up-to-date module file ../../../Engine/Plugins/Editor/PluginBrowser/Binaries/Win64/UE4Editor-PluginBrowser.dll (API version 3944462).
LogModuleManager: Display: Found up-to-date module file ../../../Engine/Plugins/Editor/SpeedTreeImporter/Binaries/Win64/UE4Editor-SpeedTreeImporter.dll (API version 3944462).
LogModuleManager: Display: Found up-to-date module file ../../../Engine/Plugins/Enterprise/DatasmithContent/Binaries/Win64/UE4Editor-DatasmithContent.dll (API version 3944462).
LogModuleManager: Display: Found up-to-date module file ../../../Engine/Plugins/Experimental/AlembicImporter/Binaries/Win64/UE4Editor-AlembicImporter.dll (API version 3944462).
LogModuleManager: Display: Found up-to-date module file ../../../Engine/Plugins/Experimental/AlembicImporter/Binaries/Win64/UE4Editor-AlembicLibrary.dll (API version 3944462).
LogModuleManager: Display: Found up-to-date module file ../../../Engine/Plugins/Experimental/CharacterAI/Binaries/Win64/UE4Editor-CharacterAI.dll (API version 3944462).
LogModuleManager: Display: Found up-to-date module file ../../../Engine/Plugins/Experimental/HTML5Networking/Binaries/Win64/UE4Editor-HTML5Networking.dll (API version 3944462).
LogModuleManager: Display: Found up-to-date module file ../../../Engine/Plugins/Media/AndroidMedia/Binaries/Win64/UE4Editor-AndroidMediaEditor.dll (API version 3944462).
LogModuleManager: Display: Found up-to-date module file ../../../Engine/Plugins/Media/AndroidMedia/Binaries/Win64/UE4Editor-AndroidMediaFactory.dll (API version 3944462).
LogModuleManager: Display: Found up-to-date module file ../../../Engine/Plugins/Media/AvfMedia/Binaries/Win64/UE4Editor-AvfMediaEditor.dll (API version 3944462).
LogModuleManager: Display: Found up-to-date module file ../../../Engine/Plugins/Media/AvfMedia/Binaries/Win64/UE4Editor-AvfMediaFactory.dll (API version 3944462).
LogModuleManager: Display: Found up-to-date module file ../../../Engine/Plugins/Media/AvfMedia/Binaries/Win64/UE4Editor-AvfMediaFactory.dll (API version 3944462).
LogModuleManager: Display: Found up-to-date module file ../../../Engine/Plugins/Media/ImgMedia/Binaries/Win64/UE4Editor-ImgMedia.dll (API version 3944462).
LogModuleManager: Display: Found up-to-date module file ../../../Engine/Plugins/Media/ImgMedia/Binaries/Win64/UE4Editor-ImgMediaEditor.dll (API version 3944462).
LogModuleManager: Display: Found up-to-date module file ../../../Engine/Plugins/Media/ImgMedia/Binaries/Win64/UE4Editor-ImgMediaFactory.dll (API version 3944462).
LogModuleManager: Display: Found up-to-date module file ../../../Engine/Plugins/Media/ImgMedia/Binaries/Win64/UE4Editor-ImgMediaFactory.dll (API version 3944462).
LogModuleManager: Display: Found up-to-date module file ../../../Engine/Plugins/Media/ImgMedia/Binaries/Win64/UE4Editor-OpenExrWrapper.dll (API version 3944462).
LogModuleManager: Display: Found up-to-date module file ../../../Engine/Plugins/Media/LinearTimecode/Binaries/Win64/UE4Editor-LinearTimecode.dll (API version 3944462).
LogModuleManager: Display: Found up-to-date module file ../../../Engine/Plugins/Media/MediaCompositing/Binaries/Win64/UE4Editor-MediaCompositing.dll (API version 3944462).
LogModuleManager: Display: Found up-to-date module file ../../../Engine/Plugins/Media/MediaCompositing/Binaries/Win64/UE4Editor-MediaCompositingEditor.dll (API version 3944462).
LogModuleManager: Display: Found up-to-date module file ../../../Engine/Plugins/Media/MediaPlayerEditor/Binaries/Win64/UE4Editor-MediaPlayerEditor.dll (API version 3944462).
LogModuleManager: Display: Found up-to-date module file ../../../Engine/Plugins/Media/WmfMedia/Binaries/Win64/UE4Editor-WmfMedia.dll (API version 3944462).
LogModuleManager: Display: Found up-to-date module file ../../../Engine/Plugins/Media/WmfMedia/Binaries/Win64/UE4Editor-WmfMediaEditor.dll (API version 3944462).
LogModuleManager: Display: Found up-to-date module file ../../../Engine/Plugins/Media/WmfMedia/Binaries/Win64/UE4Editor-WmfMediaFactory.dll (API version 3944462).
LogModuleManager: Display: Found up-to-date module file ../../../Engine/Plugins/Media/WmfMedia/Binaries/Win64/UE4Editor-WmfMediaFactory.dll (API version 3944462).
LogModuleManager: Display: Found up-to-date module file ../../../Engine/Plugins/Messaging/TcpMessaging/Binaries/Win64/UE4Editor-TcpMessaging.dll (API version 3944462).
LogModuleManager: Display: Found up-to-date module file ../../../Engine/Plugins/Messaging/UdpMessaging/Binaries/Win64/UE4Editor-UdpMessaging.dll (API version 3944462).
LogModuleManager: Display: Found up-to-date module file ../../../Engine/Plugins/MovieScene/ActorSequence/Binaries/Win64/UE4Editor-ActorSequence.dll (API version 3944462).
LogModuleManager: Display: Found up-to-date module file ../../../Engine/Plugins/MovieScene/LevelSequenceEditor/Binaries/Win64/UE4Editor-LevelSequenceEditor.dll (API version 3944462).
LogModuleManager: Display: Found up-to-date module file ../../../Engine/Plugins/MovieScene/MatineeToLevelSequence/Binaries/Win64/UE4Editor-MatineeToLevelSequence.dll (API version 3944462).
LogModuleManager: Display: Found up-to-date module file ../../../Engine/Plugins/NetcodeUnitTest/NetcodeUnitTest/Binaries/Win64/UE4Editor-NetcodeUnitTest.dll (API version 3944462).
LogModuleManager: Display: Found up-to-date module file ../../../Engine/Plugins/NetcodeUnitTest/NUTUnrealEngine4/Binaries/Win64/UE4Editor-NUTUnrealEngine4.dll (API version 3944462).
LogModuleManager: Display: Found up-to-date module file ../../../Engine/Plugins/Online/OnlineSubsystem/Binaries/Win64/UE4Editor-OnlineSubsystem.dll (API version 3944462).
LogModuleManager: Display: Found up-to-date module file ../../../Engine/Plugins/Runtime/AndroidPermission/Binaries/Win64/UE4Editor-AndroidPermission.dll (API version 3944462).
LogModuleManager: Display: Found up-to-date module file ../../../Engine/Plugins/Online/OnlineSubsystemNull/Binaries/Win64/UE4Editor-OnlineSubsystemNull.dll (API version 3944462).
LogModuleManager: Display: Found up-to-date module file ../../../Engine/Plugins/Online/OnlineSubsystemUtils/Binaries/Win64/UE4Editor-OnlineSubsystemUtils.dll (API version 3944462).
LogModuleManager: Display: Found up-to-date module file ../../../Engine/Plugins/Online/OnlineSubsystemUtils/Binaries/Win64/UE4Editor-OnlineBlueprintSupport.dll (API version 3944462).
LogModuleManager: Display: Found up-to-date module file ../../../Engine/Plugins/Runtime/AndroidDeviceProfileSelector/Binaries/Win64/UE4Editor-AndroidDeviceProfileSelector.dll (API version 3944462).
LogModuleManager: Display: Found up-to-date module file ../../../Engine/Plugins/Runtime/AppleARKit/Binaries/Win64/UE4Editor-AppleARKit.dll (API version 3944462).
LogModuleManager: Display: Found up-to-date module file ../../../Engine/Plugins/Runtime/ProceduralMeshComponent/Binaries/Win64/UE4Editor-ProceduralMeshComponent.dll (API version 3944462).
LogModuleManager: Display: Found up-to-date module file ../../../Engine/Plugins/Runtime/ProceduralMeshComponent/Binaries/Win64/UE4Editor-ProceduralMeshComponentEditor.dll (API version 3944462).
LogModuleManager: Display: Found up-to-date module file ../../../Engine/Plugins/Animation/LiveLink/Binaries/Win64/UE4Editor-LiveLink.dll (API version 3944462).
LogModuleManager: Display: Found up-to-date module file ../../../Engine/Plugins/Animation/LiveLink/Binaries/Win64/UE4Editor-LiveLinkEditor.dll (API version 3944462).
LogModuleManager: Display: Found up-to-date module file ../../../Engine/Plugins/Runtime/ArchVisCharacter/Binaries/Win64/UE4Editor-ArchVisCharacter.dll (API version 3944462).
LogModuleManager: Display: Found up-to-date module file ../../../Engine/Plugins/Runtime/AudioCapture/Binaries/Win64/UE4Editor-AudioCapture.dll (API version 3944462).
LogModuleManager: Display: Found up-to-date module file ../../../Engine/Plugins/Runtime/AudioCapture/Binaries/Win64/UE4Editor-AudioCaptureEditor.dll (API version 3944462).
LogModuleManager: Display: Found up-to-date module file ../../../Engine/Plugins/Runtime/CableComponent/Binaries/Win64/UE4Editor-CableComponent.dll (API version 3944462).
LogModuleManager: Display: Found up-to-date module file ../../../Engine/Plugins/Runtime/CustomMeshComponent/Binaries/Win64/UE4Editor-CustomMeshComponent.dll (API version 3944462).
LogModuleManager: Display: Found up-to-date module file ../../../Engine/Plugins/Runtime/ExampleDeviceProfileSelector/Binaries/Win64/UE4Editor-ExampleDeviceProfileSelector.dll (API version 3944462).
LogModuleManager: Display: Found up-to-date module file ../../../Engine/Plugins/Runtime/ImmediatePhysics/Binaries/Win64/UE4Editor-ImmediatePhysics.dll (API version 3944462).
LogModuleManager: Display: Found up-to-date module file ../../../Engine/Plugins/Runtime/ImmediatePhysics/Binaries/Win64/UE4Editor-ImmediatePhysicsEditor.dll (API version 3944462).
LogModuleManager: Display: Found up-to-date module file ../../../Engine/Plugins/Runtime/LocationServicesBPLibrary/Binaries/Win64/UE4Editor-LocationServicesBPLibrary.dll (API version 3944462).
LogModuleManager: Display: Found up-to-date module file ../../../Engine/Plugins/Runtime/MobilePatchingUtils/Binaries/Win64/UE4Editor-MobilePatchingUtils.dll (API version 3944462).
LogModuleManager: Display: Found up-to-date module file ../../../Engine/Plugins/Runtime/Oculus/OculusVR/Binaries/Win64/UE4Editor-OculusHMD.dll (API version 3944462).
LogModuleManager: Display: Found up-to-date module file ../../../Engine/Plugins/Runtime/Oculus/OculusVR/Binaries/Win64/UE4Editor-OculusInput.dll (API version 3944462).
LogModuleManager: Display: Found up-to-date module file ../../../Engine/Plugins/Runtime/Oculus/OculusVR/Binaries/Win64/UE4Editor-OculusEditor.dll (API version 3944462).
LogModuleManager: Display: Found up-to-date module file ../../../Engine/Plugins/Runtime/PhysXVehicles/Binaries/Win64/UE4Editor-PhysXVehicles.dll (API version 3944462).
LogModuleManager: Display: Found up-to-date module file ../../../Engine/Plugins/Runtime/PhysXVehicles/Binaries/Win64/UE4Editor-PhysXVehiclesEditor.dll (API version 3944462).
LogModuleManager: Display: Found up-to-date module file ../../../Engine/Plugins/Runtime/RuntimePhysXCooking/Binaries/Win64/UE4Editor-RuntimePhysXCooking.dll (API version 3944462).
LogModuleManager: Display: Found up-to-date module file ../../../Engine/Plugins/Runtime/Steam/SteamVR/Binaries/Win64/UE4Editor-SteamVR.dll (API version 3944462).
LogModuleManager: Display: Found up-to-date module file ../../../Engine/Plugins/Runtime/Steam/SteamVR/Binaries/Win64/UE4Editor-SteamVRController.dll (API version 3944462).
LogModuleManager: Display: Found up-to-date module file ../../../Engine/Plugins/Runtime/WindowsMoviePlayer/Binaries/Win64/UE4Editor-WindowsMoviePlayer.dll (API version 3944462).
LogPluginManager: Mounting plugin Paper2D
LogPluginManager: Mounting plugin LiveLink
LogPluginManager: Mounting plugin LightPropagationVolume
LogPluginManager: Mounting plugin CLionSourceCodeAccess
LogPluginManager: Mounting plugin CodeLiteSourceCodeAccess
LogPluginManager: Mounting plugin GitSourceControl
LogPluginManager: Mounting plugin KDevelopSourceCodeAccess
LogPluginManager: Mounting plugin NullSourceCodeAccess
LogPluginManager: Mounting plugin PerforceSourceControl
LogPluginManager: Mounting plugin SubversionSourceControl
LogPluginManager: Mounting plugin UObjectPlugin
LogPluginManager: Mounting plugin VisualStudioCodeSourceCodeAccess
LogPluginManager: Mounting plugin VisualStudioSourceCodeAccess
LogPluginManager: Mounting plugin XCodeSourceCodeAccess
LogPluginManager: Mounting plugin AssetManagerEditor
LogPluginManager: Mounting plugin CryptoKeys
LogPluginManager: Mounting plugin DataValidation
LogPluginManager: Mounting plugin FacialAnimation
LogPluginManager: Mounting plugin GameplayTagsEditor
LogPluginManager: Mounting plugin MobileLauncherProfileWizard
LogPluginManager: Mounting plugin PluginBrowser
LogPluginManager: Mounting plugin SpeedTreeImporter
LogPluginManager: Mounting plugin DatasmithContent
LogPluginManager: Mounting plugin AlembicImporter
LogPluginManager: Mounting plugin CharacterAI
LogPluginManager: Mounting plugin HTML5Networking
LogPluginManager: Mounting plugin AndroidMedia
LogPluginManager: Mounting plugin AvfMedia
LogPluginManager: Mounting plugin ImgMedia
LogPluginManager: Mounting plugin LinearTimecode
LogPluginManager: Mounting plugin MediaCompositing
LogPluginManager: Mounting plugin MediaPlayerEditor
LogPluginManager: Mounting plugin WmfMedia
LogPluginManager: Mounting plugin TcpMessaging
LogPluginManager: Mounting plugin UdpMessaging
LogPluginManager: Mounting plugin ActorSequence
LogPluginManager: Mounting plugin LevelSequenceEditor
LogPluginManager: Mounting plugin MatineeToLevelSequence
LogPluginManager: Mounting plugin NetcodeUnitTest
LogPluginManager: Mounting plugin NUTUnrealEngine4
LogPluginManager: Mounting plugin OnlineSubsystemGooglePlay
LogPluginManager: Mounting plugin OnlineSubsystemIOS
LogPluginManager: Mounting plugin OnlineSubsystem
LogPluginManager: Mounting plugin OnlineSubsystemNull
LogPluginManager: Mounting plugin OnlineSubsystemUtils
LogPluginManager: Mounting plugin AndroidDeviceProfileSelector
LogPluginManager: Mounting plugin AndroidMoviePlayer
LogPluginManager: Mounting plugin AndroidPermission
LogPluginManager: Mounting plugin AppleARKit
LogPluginManager: Mounting plugin AppleMoviePlayer
LogPluginManager: Mounting plugin ArchVisCharacter
LogPluginManager: Mounting plugin AudioCapture
LogPluginManager: Mounting plugin CableComponent
LogPluginManager: Mounting plugin CustomMeshComponent
LogPluginManager: Mounting plugin ExampleDeviceProfileSelector
LogPluginManager: Mounting plugin GoogleCloudMessaging
LogPluginManager: Mounting plugin ImmediatePhysics
LogPluginManager: Mounting plugin IOSDeviceProfileSelector
LogPluginManager: Mounting plugin LinuxDeviceProfileSelector
LogPluginManager: Mounting plugin LocationServicesBPLibrary
LogPluginManager: Mounting plugin MobilePatchingUtils
LogPluginManager: Mounting plugin OculusVR
LogPluginManager: Plugin shader directory ../../../Engine/Plugins/Runtime/Oculus/OculusVR/Shaders found
LogPluginManager: Mapping shader source directory ../../../Engine/Plugins/Runtime/Oculus/OculusVR/Shaders to virtual directory /Plugin/OculusVR
LogPluginManager: Mounting plugin PhysXVehicles
LogPluginManager: Mounting plugin ProceduralMeshComponent
LogPluginManager: Mounting plugin RuntimePhysXCooking
LogPluginManager: Mounting plugin SteamVR
LogPluginManager: Mounting plugin WindowsMoviePlayer
LogStreaming: Display: Took  1.233s to configure plugins.
LogInit: Using libcurl 7.47.1
LogInit:  - built for x86_64-pc-win32
LogInit:  - supports SSL with OpenSSL/1.0.2g
LogInit:  - supports HTTP deflate (compression) using libz 1.2.8
LogInit:  - other features:
LogInit:      CURL_VERSION_SSL
LogInit:      CURL_VERSION_LIBZ
LogInit:      CURL_VERSION_IPV6
LogInit:      CURL_VERSION_ASYNCHDNS
LogInit:      CURL_VERSION_LARGEFILE
LogInit:      CURL_VERSION_IDN
LogInit:  CurlRequestOptions (configurable via config and command line):
LogInit:  - bVerifyPeer = false  - Libcurl will NOT verify peer certificate
LogInit:  - bUseHttpProxy = false  - Libcurl will NOT use HTTP proxy
LogInit:  - bDontReuseConnections = false  - Libcurl will reuse connections
LogInit:  - CertBundlePath = nullptr  - Libcurl will use whatever was configured at build time.
LogInit:  - MaxHostConnections = 16  - Libcurl will limit the number of connections to a host
LogInit:  - LocalHostAddr = Default
LogInit: WinSock: version 1.1 (2.2), MaxSocks=32767, MaxUdp=65467
LogInit: WinSock: I am Evolv (192.168.56.1:0)
LogInit: Build: ++UE4+Release-4.19-CL-3989454
LogInit: Engine Version: 4.19.1-3989454+++UE4+Release-4.19
LogInit: Compatible Engine Version: 4.19.0-3944462+++UE4+Release-4.19
LogInit: Net CL: 3944462
LogDevObjectVersion: Number of dev versions registered: 18
LogDevObjectVersion:   Dev-Blueprints (B0D832E4-1F89-4F0D-ACCF-7EB736FD4AA2): 10
LogDevObjectVersion:   Dev-Build (E1C64328-A22C-4D53-A36C-8E866417BD8C): 0
LogDevObjectVersion:   Dev-Core (375EC13C-06E4-48FB-B500-84F0262A717E): 2
LogDevObjectVersion:   Dev-Editor (E4B068ED-F494-42E9-A231-DA0B2E46BB41): 23
LogDevObjectVersion:   Dev-Framework (CFFC743F-43B0-4480-9391-14DF171D2073): 33
LogDevObjectVersion:   Dev-Mobile (B02B49B5-BB20-44E9-A304-32B752E40360): 2
LogDevObjectVersion:   Dev-Networking (A4E4105C-59A1-49B5-A7C5-40C4547EDFEE): 0
LogDevObjectVersion:   Dev-Online (39C831C9-5AE6-47DC-9A44-9C173E1C8E7C): 0
LogDevObjectVersion:   Dev-Physics (78F01B33-EBEA-4F98-B9B4-84EACCB95AA2): 0
LogDevObjectVersion:   Dev-Platform (6631380F-2D4D-43E0-8009-CF276956A95A): 0
LogDevObjectVersion:   Dev-Rendering (12F88B9F-8875-4AFC-A67C-D90C383ABD29): 25
LogDevObjectVersion:   Dev-Sequencer (7B5AE74C-D270-4C10-A958-57980B212A5A): 6
LogDevObjectVersion:   Dev-VR (D7296918-1DD6-4BDD-9DE2-64A83CC13884): 1
LogDevObjectVersion:   Dev-LoadTimes (C2A15278-BFE7-4AFE-6C17-90FF531DF755): 1
LogDevObjectVersion:   Private-Geometry (6EACA3D4-40EC-4CC1-B786-8BED09428FC5): 2
LogDevObjectVersion:   Dev-AnimPhys (29E575DD-E0A3-4627-9D10-D276232CDCEA): 16
LogDevObjectVersion:   Dev-ReflectionCapture (6B266CEC-1EC7-4B8F-A30B-E4D90942FC07): 1
LogDevObjectVersion:   Dev-Automation (0DF73D61-A23F-47EA-B727-89E90C41499A): 1
LogInit: Compiled (64-bit): Apr  6 2018 12:26:04
LogInit: Compiled with Visual C++: 19.00.24215.01
LogInit: Build Configuration: Development
LogInit: Branch Name: ++UE4+Release-4.19
LogInit: Command Line: -EpicPortal 
LogInit: Base Directory: C:/Program Files/Epic Games/UE_4.19/Engine/Binaries/Win64/
LogInit: Installed Engine Build: 1
LogStreaming: Display: Took  0.002s to delete old logs.
LogInit: Presizing for max 8388607 objects, including 0 objects not considered by GC, pre-allocating 0 bytes for permanent pool.
LogInit: Object subsystem initialized
[2018.04.14-16.05.46:146][  0]LogInit: Selected Device Profile: [Windows]
[2018.04.14-16.05.46:146][  0]LogInit: Applying CVar settings loaded from the selected device profile: [Windows]
[2018.04.14-16.05.46:163][  0]LogInit: Computer: EVOLV
[2018.04.14-16.05.46:163][  0]LogInit: User: Brad
[2018.04.14-16.05.46:163][  0]LogInit: CPU Page size=4096, Cores=6
[2018.04.14-16.05.46:163][  0]LogInit: High frequency timer resolution =3.119146 MHz
[2018.04.14-16.05.46:163][  0]LogMemory: Memory total: Physical=15.9GB (16GB approx)
[2018.04.14-16.05.46:163][  0]LogMemory: Platform Memory Stats for Windows
[2018.04.14-16.05.46:163][  0]LogMemory: Process Physical Memory: 276.30 MB used, 276.30 MB peak
[2018.04.14-16.05.46:163][  0]LogMemory: Process Virtual Memory: 271.56 MB used, 271.56 MB peak
[2018.04.14-16.05.46:163][  0]LogMemory: Physical Memory: 10614.05 MB used,  5705.29 MB free, 16319.34 MB total
[2018.04.14-16.05.46:163][  0]LogMemory: Virtual Memory: 714.06 MB used,  5705.29 MB free, 134217728.00 MB total
[2018.04.14-16.05.47:112][  0]LogInit: Using OS detected language (en-GB).
[2018.04.14-16.05.47:112][  0]LogInit: Using OS detected locale (en-GB).
[2018.04.14-16.05.47:116][  0]LogTextLocalizationManager: No specific localization for 'en-GB' exists, so the 'en' localization will be used.
[2018.04.14-16.05.47:587][  0]LogStreaming: Display: Took  0.475s to EndInitTextLocalization.
[2018.04.14-16.05.47:587][  0]LogInit: Setting process to per monitor DPI aware
[2018.04.14-16.05.47:613][  0]LogSlate: New Slate User Created.  User Index 0, Is Virtual User: 0
[2018.04.14-16.05.47:613][  0]LogSlate: Slate User Registered.  User Index 0, Is Virtual User: 0
[2018.04.14-16.05.47:827][  0]LogD3D11RHI: D3D11 adapters:
[2018.04.14-16.05.47:876][  0]LogD3D11RHI:    0. 'NVIDIA GeForce GTX 1060 6GB' (Feature Level 11_0)
[2018.04.14-16.05.47:876][  0]LogD3D11RHI:       6061/0/8159 MB DedicatedVideo/DedicatedSystem/SharedSystem, Outputs:2, VendorId:0x10de
[2018.04.14-16.05.47:878][  0]LogD3D11RHI:    1. 'Microsoft Basic Render Driver' (Feature Level 11_0)
[2018.04.14-16.05.47:878][  0]LogD3D11RHI:       0/0/8159 MB DedicatedVideo/DedicatedSystem/SharedSystem, Outputs:0, VendorId:0x1414
[2018.04.14-16.05.47:878][  0]LogD3D11RHI: Chosen D3D11 Adapter: 0
[2018.04.14-16.05.47:889][  0]LogD3D11RHI: Creating new Direct3DDevice
[2018.04.14-16.05.47:889][  0]LogD3D11RHI:     GPU DeviceId: 0x1c03 (for the marketing name, search the web for "GPU Device Id")
[2018.04.14-16.05.47:889][  0]LogWindows: EnumDisplayDevices:
[2018.04.14-16.05.47:889][  0]LogWindows:    0. 'NVIDIA GeForce GTX 1060 6GB' (P:0 D:1)
[2018.04.14-16.05.47:889][  0]LogWindows:    1. 'NVIDIA GeForce GTX 1060 6GB' (P:1 D:1)
[2018.04.14-16.05.47:889][  0]LogWindows:    2. 'NVIDIA GeForce GTX 1060 6GB' (P:0 D:0)
[2018.04.14-16.05.47:889][  0]LogWindows:    3. 'NVIDIA GeForce GTX 1060 6GB' (P:0 D:0)
[2018.04.14-16.05.47:889][  0]LogWindows: DebugString: GetVideoDriverDetailsInvalid PrimaryIsNotTheChoosenAdapter GetVideoDriverDetailsInvalid PrimaryIsNotTheChoosenAdapter GetVideoDriverDetailsInvalid PrimaryIsNotTheChoosenAdapter GetVideoDriverDetailsInvalid PrimaryIsNotTheChoosenAdapter FoundDriverCount:0 
[2018.04.14-16.05.47:889][  0]LogD3D11RHI:     Adapter Name: NVIDIA GeForce GTX 1060 6GB
[2018.04.14-16.05.47:889][  0]LogD3D11RHI:   Driver Version: Unknown (internal:Unknown, unified:Unknown)
[2018.04.14-16.05.47:889][  0]LogD3D11RHI:      Driver Date: Unknown
[2018.04.14-16.05.47:889][  0]LogRHI: Texture pool is 4242 MB (70% of 6061 MB)
[2018.04.14-16.05.47:917][  0]LogD3D11RHI: [Aftermath] Aftermath enabled and primed
[2018.04.14-16.05.47:917][  0]LogD3D11RHI: Async texture creation enabled
[2018.04.14-16.05.48:042][  0]LogD3D11RHI: GPU Timing Frequency: 1000.000000 (Debug: 2 1)
[2018.04.14-16.05.48:140][  0]LogShaderCompilers: Guid format shader working directory is -29 characters bigger than the processId version (../../../../../../Users/Brad/Documents/GitHub/Research-Project/Development/Intermediate/Shaders/WorkingDirectory/5888/).
[2018.04.14-16.05.48:141][  0]LogShaderCompilers: Cleaned the shader compiler working directory 'C:/Users/Brad/AppData/Local/Temp/UnrealShaderWorkingDir/FF4347F34382F542605D069AB15F99D9/'.
[2018.04.14-16.05.48:371][  0]LogTemp: Display: Loaded TP AllDesktopTargetPlatform
[2018.04.14-16.05.48:393][  0]LogTemp: Display: Loaded TP MacClientTargetPlatform
[2018.04.14-16.05.48:412][  0]LogTemp: Display: Loaded TP MacNoEditorTargetPlatform
[2018.04.14-16.05.48:432][  0]LogTemp: Display: Loaded TP MacServerTargetPlatform
[2018.04.14-16.05.48:451][  0]LogTemp: Display: Loaded TP MacTargetPlatform
[2018.04.14-16.05.48:470][  0]LogTemp: Display: Loaded TP WindowsClientTargetPlatform
[2018.04.14-16.05.48:489][  0]LogTemp: Display: Loaded TP WindowsNoEditorTargetPlatform
[2018.04.14-16.05.48:509][  0]LogTemp: Display: Loaded TP WindowsServerTargetPlatform
[2018.04.14-16.05.48:518][  0]LogTemp: Display: Loaded TP WindowsTargetPlatform
[2018.04.14-16.05.48:535][  0]LogTemp: Display: Loaded TP Android_ASTCTargetPlatform
[2018.04.14-16.05.48:555][  0]LogTemp: Display: Loaded TP Android_ATCTargetPlatform
[2018.04.14-16.05.48:572][  0]LogTemp: Display: Loaded TP Android_DXTTargetPlatform
[2018.04.14-16.05.48:589][  0]LogTemp: Display: Loaded TP Android_ETC1aTargetPlatform
[2018.04.14-16.05.48:606][  0]LogTemp: Display: Loaded TP Android_ETC1TargetPlatform
[2018.04.14-16.05.48:628][  0]LogTemp: Display: Loaded TP Android_ETC2TargetPlatform
[2018.04.14-16.05.48:666][  0]LogTemp: Display: Loaded TP Android_MultiTargetPlatform
[2018.04.14-16.05.48:666][  0]LogTemp: Display: Loaded TP Android_PVRTCTargetPlatform
[2018.04.14-16.05.48:683][  0]LogTemp: Display: Loaded TP AndroidTargetPlatform
[2018.04.14-16.05.48:685][  0]LogTemp: Display: Loaded TP HTML5TargetPlatform
[2018.04.14-16.05.48:726][  0]LogTemp: Display: Loaded TP IOSTargetPlatform
[2018.04.14-16.05.48:744][  0]LogTemp: Display: Loaded TP TVOSTargetPlatform
[2018.04.14-16.05.48:760][  0]LogTemp: Display: Loaded TP LinuxClientTargetPlatform
[2018.04.14-16.05.48:777][  0]LogTemp: Display: Loaded TP LinuxNoEditorTargetPlatform
[2018.04.14-16.05.48:797][  0]LogTemp: Display: Loaded TP LinuxServerTargetPlatform
[2018.04.14-16.05.48:816][  0]LogTemp: Display: Loaded TP LinuxTargetPlatform
[2018.04.14-16.05.48:816][  0]LogTargetPlatformManager: Display: Building Assets For Windows
[2018.04.14-16.05.48:956][  0]LogXGEController: Cannot use XGE Controller as Incredibuild is not installed on this machine.
[2018.04.14-16.05.48:956][  0]LogShaderCompilers: Cannot use XGE Shader Compiler as Incredibuild is not installed on this machine.
[2018.04.14-16.05.48:956][  0]LogShaderCompilers: Display: Using Local Shader Compiler.
[2018.04.14-16.05.49:719][  0]LogDerivedDataCache: Display: Max Cache Size: 512 MB
[2018.04.14-16.05.49:797][  0]LogDerivedDataCache: Loaded boot cache 0.08s 74MB C:/Users/Brad/AppData/Local/UnrealEngine/4.19/DerivedDataCache/Boot.ddc.
[2018.04.14-16.05.49:797][  0]LogDerivedDataCache: Display: Loaded Boot cache: C:/Users/Brad/AppData/Local/UnrealEngine/4.19/DerivedDataCache/Boot.ddc
[2018.04.14-16.05.49:797][  0]LogDerivedDataCache: FDerivedDataBackendGraph:  Pak pak cache file ../../../../../../Users/Brad/Documents/GitHub/Research-Project/Development/DerivedDataCache/DDC.ddp not found, will not use a pak cache.
[2018.04.14-16.05.49:797][  0]LogDerivedDataCache: Unable to find inner node Pak for hierarchical cache Hierarchy.
[2018.04.14-16.05.49:797][  0]LogDerivedDataCache: FDerivedDataBackendGraph:  CompressedPak pak cache file ../../../../../../Users/Brad/Documents/GitHub/Research-Project/Development/DerivedDataCache/Compressed.ddp not found, will not use a pak cache.
[2018.04.14-16.05.49:798][  0]LogDerivedDataCache: Unable to find inner node CompressedPak for hierarchical cache Hierarchy.
[2018.04.14-16.05.49:817][  0]LogDerivedDataCache: Display: Pak cache opened for reading ../../../Engine/DerivedDataCache/Compressed.ddp.
[2018.04.14-16.05.49:829][  0]LogDerivedDataCache: Using Local data cache path C:/Users/Brad/AppData/Local/UnrealEngine/Common/DerivedDataCache: Writable
[2018.04.14-16.05.49:841][  0]LogMaterial: Verifying Global Shaders for PCD3D_SM5
[2018.04.14-16.05.49:842][  0]LogSlate: Using Freetype 2.6.0
[2018.04.14-16.05.49:842][  0]LogSlate: SlateFontCache - WITH_FREETYPE: 1, WITH_HARFBUZZ: 1
[2018.04.14-16.05.49:842][  0]LogSlate: SlateFontCache - WITH_FREETYPE: 1, WITH_HARFBUZZ: 1
[2018.04.14-16.05.49:982][  0]LogAssetRegistry: FAssetRegistry took 0.0273 seconds to start up
[2018.04.14-16.05.50:370][  0]LogInit: Selected Device Profile: [Windows]
[2018.04.14-16.05.50:526][  0]LogSimplygon: Simplygon DLL not present - disabling.
[2018.04.14-16.05.50:529][  0]LogMeshReduction: Using SimplygonSwarm for distributed automatic mesh merging
[2018.04.14-16.05.50:529][  0]LogMeshReduction: Using QuadricMeshReduction for automatic static mesh reduction
[2018.04.14-16.05.50:529][  0]LogMeshReduction: No automatic skeletal mesh reduction module available
[2018.04.14-16.05.50:529][  0]LogMeshReduction: No automatic mesh merging module available
[2018.04.14-16.05.50:529][  0]LogMeshMerging: No automatic mesh merging module available
[2018.04.14-16.05.50:569][  0]LogNetVersion: Development , NetCL: 3944462, EngineNetVer: 2, GameNetVer: 0 (Checksum: 3771591798)
[2018.04.14-16.05.51:018][  0]LogPackageLocalizationCache: Processed 9 localized package path(s) for 2 prioritized culture(s) in 0.088685 seconds
[2018.04.14-16.05.51:025][  0]LogUObjectArray: 36728 objects as part of root set at end of initial load.
[2018.04.14-16.05.51:025][  0]LogUObjectAllocator: 7314312 out of 0 bytes used by permanent object pool.
[2018.04.14-16.05.51:025][  0]LogUObjectArray: CloseDisregardForGC: 0/0 objects in disregard for GC pool
[2018.04.14-16.05.52:765][  0]LogTcpMessaging: Initializing TcpMessaging bridge
[2018.04.14-16.05.52:799][  0]LogUdpMessaging: Initializing bridge on interface 0.0.0.0:0 to multicast group 230.0.0.1:6666.
[2018.04.14-16.05.53:209][  0]SourceControl: Source control is disabled
[2018.04.14-16.05.53:209][  0]SourceControl: Source control is disabled
[2018.04.14-16.05.53:231][  0]SourceControl: Source control is disabled
[2018.04.14-16.05.53:253][  0]SourceControl: Source control is disabled
[2018.04.14-16.05.53:820][  0]LogAndroidPermission: UAndroidPermissionCallbackProxy::GetInstance
[2018.04.14-16.05.54:003][  0]LogOcInput: OculusInput pre-init called
[2018.04.14-16.05.54:127][  0]LogEngine: Initializing Engine...
[2018.04.14-16.05.54:129][  0]LogHMD: Failed to initialize OpenVR with code 110
[2018.04.14-16.05.54:131][  0]LogStats: UGameplayTagsManager::ConstructGameplayTagTree: Construct from data asset -  0.000 s
[2018.04.14-16.05.54:131][  0]LogStats: UGameplayTagsManager::ConstructGameplayTagTree: GameplayTagTreeChangedEvent.Broadcast -  0.000 s
[2018.04.14-16.05.54:352][  0]LogAIModule: Creating AISystem for world Untitled
[2018.04.14-16.05.54:433][  0]LogInit: XAudio2 using 'Speakers (EDIFIER e3350 Stereo)' : 2 channels at 44.1 kHz using 16 bits per sample (channel mask 0x3)
[2018.04.14-16.05.54:441][  0]LogInit: FAudioDevice initialized.
[2018.04.14-16.05.54:527][  0]LogDerivedDataCache: Saved boot cache 0.09s 74MB C:/Users/Brad/AppData/Local/UnrealEngine/4.19/DerivedDataCache/Boot.ddc.
[2018.04.14-16.05.54:544][  0]LogInit: Texture streaming: Enabled
[2018.04.14-16.05.54:565][  0]LogEngineSessionManager: EngineSessionManager initialized
[2018.04.14-16.05.54:584][  0]LogInit: Transaction tracking system initialized
[2018.04.14-16.05.54:618][  0]BlueprintLog: New page: Editor Load
[2018.04.14-16.05.54:712][  0]LocalizationService: Localization service is disabled
[2018.04.14-16.05.54:828][  0]LogConsoleResponse: Display: 
[2018.04.14-16.05.54:975][  0]LogCook: Display: Max memory allowance for cook 16384mb min free memory 0mb
[2018.04.14-16.05.54:975][  0]LogCook: Display: Mobile HDR setting 0
[2018.04.14-16.05.54:976][  0]LogGameplayTags: Display: UGameplayTagsManager::DoneAddingNativeTags. DelegateIsBound: 0
[2018.04.14-16.05.54:976][  0]LogStats: UGameplayTagsManager::ConstructGameplayTagTree: Construct from data asset -  0.000 s
[2018.04.14-16.05.54:976][  0]LogStats: UGameplayTagsManager::ConstructGameplayTagTree: GameplayTagTreeChangedEvent.Broadcast -  0.000 s
[2018.04.14-16.05.55:011][  0]LogFileCache: Scanning file cache for directory 'C:/Users/Brad/Documents/GitHub/Research-Project/Development/Content/' took 0.01s
[2018.04.14-16.05.55:427][  0]SourceControl: Source control is disabled
[2018.04.14-16.05.55:427][  0]Cmd: MAP LOAD FILE="../../../../../../Users/Brad/Documents/GitHub/Research-Project/Development/Content/World.umap" TEMPLATE=0 SHOWPROGRESS=1 FEATURELEVEL=3
[2018.04.14-16.05.55:433][  0]LightingResults: New page: Lighting Build
[2018.04.14-16.05.55:437][  0]MapCheck: New page: Map Check
[2018.04.14-16.05.55:437][  0]LightingResults: New page: Lighting Build
[2018.04.14-16.05.55:923][  0]LogBlueprint: Warning: [Compiler BP_MotionController] Set Hand  is deprecated; please replace or remove it.
[2018.04.14-16.05.55:923][  0]LogBlueprint: Warning: [Compiler BP_MotionController] Set Hand  is deprecated; Please use the Motion Source property instead of Hand
[2018.04.14-16.05.55:947][  0]LogBlueprint: Warning: [Compiler BP_MotionController] [0012.83] Compile of BP_MotionController successful, but with 2 Warning(s) [in 41 ms] (/Game/VirtualRealityBP/Blueprints/BP_MotionController.BP_MotionController)
[2018.04.14-16.05.56:254][  0]LogSkeletalMesh: Skeletal Mesh found in DDC [1.740220ms] /Game/VirtualReality/Mannequin/Character/Mesh/MannequinHand_Right.MannequinHand_Right
[2018.04.14-16.05.56:293][  0]LogAIModule: Creating AISystem for world World
[2018.04.14-16.05.56:302][  0]LogEditorServer: Finished looking for orphan Actors (0.000 secs)
[2018.04.14-16.05.56:314][  0]Cmd: MAP CHECKDEP NOCLEARLOG
[2018.04.14-16.05.56:375][  0]MapCheck: Map check complete: 0 Error(s), 0 Warning(s), took 60.792ms to complete.
[2018.04.14-16.05.56:375][  0]LogFileHelpers: Loading map 'World' took 0.948
[2018.04.14-16.05.56:529][  0]LogCollectionManager: Loaded 0 collections in 0.002449 seconds
[2018.04.14-16.05.56:574][  0]LogFileCache: Scanning file cache for directory 'C:/Users/Brad/Documents/GitHub/Research-Project/Development/Saved/Collections/' took 0.01s
[2018.04.14-16.05.56:574][  0]LogFileCache: Scanning file cache for directory 'C:/Users/Brad/Documents/GitHub/Research-Project/Development/Content/Developers/Brad/Collections/' took 0.01s
[2018.04.14-16.05.56:574][  0]LogFileCache: Scanning file cache for directory 'C:/Users/Brad/Documents/GitHub/Research-Project/Development/Content/Collections/' took 0.01s
[2018.04.14-16.05.56:574][  0]LogCollectionManager: Rebuilt the GUID cache for 0 collections in 0.000000 seconds
[2018.04.14-16.05.56:586][  0]LogContentBrowser: Native class hierarchy populated in 0.0112 seconds. Added 2452 classes and 558 folders.
[2018.04.14-16.05.56:594][  0]LogContentBrowser: Native class hierarchy updated for 'WidgetCarousel' in 0.0002 seconds. Added 0 classes and 0 folders.
[2018.04.14-16.05.56:648][  0]LogContentBrowser: Native class hierarchy updated for 'AddContentDialog' in 0.0002 seconds. Added 0 classes and 0 folders.
[2018.04.14-16.05.56:655][  0]LogContentBrowser: Native class hierarchy updated for 'SceneOutliner' in 0.0002 seconds. Added 1 classes and 2 folders.
[2018.04.14-16.05.56:722][  0]LogSlate: Took 0.000242 seconds to synchronously load lazily loaded font '../../../Engine/Content/Slate/Fonts/Roboto-Regular.ttf' (155K)
[2018.04.14-16.05.56:724][  0]LogSlate: Took 0.000214 seconds to synchronously load lazily loaded font '../../../Engine/Content/Slate/Fonts/Roboto-Bold.ttf' (160K)
[2018.04.14-16.05.56:732][  0]LogSlate: Took 0.000203 seconds to synchronously load lazily loaded font '../../../Engine/Content/Editor/Slate/Fonts/FontAwesome.ttf' (139K)
[2018.04.14-16.05.56:826][  0]LogRenderer: Reallocating scene render targets to support 1208x576 Format 10 NumSamples 1 (Frame:1).
[2018.04.14-16.05.56:867][  0]LogSlate: Took 0.000154 seconds to synchronously load lazily loaded font '../../../Engine/Content/Slate/Fonts/Roboto-Light.ttf' (167K)
[2018.04.14-16.05.57:039][  0]LogContentBrowser: Native class hierarchy updated for 'HierarchicalLODOutliner' in 0.0002 seconds. Added 0 classes and 0 folders.
[2018.04.14-16.05.57:039][  0]LogLoad: (Engine Initialization) Total time: 13.92 seconds
[2018.04.14-16.05.57:039][  0]LogLoad: (Engine Initialization) Total Blueprint compile time: 0.00 seconds
[2018.04.14-16.05.57:048][  0]LogWindowsTextInputMethodSystem: Display: IME system now deactivated.
[2018.04.14-16.05.57:070][  0]LogContentStreaming: Texture pool size now 1000 MB
[2018.04.14-16.05.57:146][  1]LogAssetRegistry: Asset discovery search completed in 7.1851 seconds
[2018.04.14-16.05.57:148][  1]LogCollectionManager: Rebuilt the object cache for 0 collections in 0.000000 seconds (found 0 objects)
[2018.04.14-16.05.57:148][  1]LogCollectionManager: Fixed up redirectors for 0 collections in 0.000089 seconds (updated 0 objects)
[2018.04.14-16.06.13:361][907]LogSlate: FSceneViewport::OnFocusLost() reason 0
[2018.04.14-16.06.13:517][912]LogSlate: Took 0.000204 seconds to synchronously load lazily loaded font '../../../Engine/Content/Slate/Fonts/Roboto-Light.ttf' (167K)
[2018.04.14-16.06.13:837][912]LogContentBrowser: Native class hierarchy updated for 'BlueprintGraph' in 0.0007 seconds. Added 116 classes and 0 folders.
[2018.04.14-16.06.14:676][912]LogSlate: Took 0.000210 seconds to synchronously load lazily loaded font '../../../Engine/Content/Slate/Fonts/Roboto-BoldCondensed.ttf' (158K)
[2018.04.14-16.06.14:749][913]LogSlate: Took 0.000247 seconds to synchronously load lazily loaded font '../../../Engine/Content/Slate/Fonts/Roboto-Italic.ttf' (157K)
[2018.04.14-16.06.18:612][192]LogSlate: Window 'BP_Robot' being destroyed
[2018.04.14-16.06.18:615][192]LogSlate: Window 'BP_Robot' being destroyed
[2018.04.14-16.06.35:630][570]LogSlate: Window 'BP_Catch' being destroyed
[2018.04.14-16.06.35:633][570]LogSlate: Window 'BP_Catch' being destroyed
[2018.04.14-16.08.54:485][317]LogSlate: Window 'BP_PickupCube' being destroyed
[2018.04.14-16.08.54:488][317]LogSlate: Window 'BP_PickupCube' being destroyed
[2018.04.14-16.08.57:317][575]LogEditorViewport: Clicking on Actor (LMB): BP_PickupCube_C (BP_PickupCube3)
[2018.04.14-16.09.01:501][ 14]LogEditorViewport: Clicking on Actor (LMB): StaticMeshActor (Floor)
[2018.04.14-16.09.06:169][567]LogEditorViewport: Clicking on Actor (LMB): StaticMeshActor (Floor)
[2018.04.14-16.09.08:446][838]LogEditorViewport: Clicking on Actor (LMB): BP_PickupCube_C (BP_PickupCube2)
[2018.04.14-16.09.12:075][172]LogSlate: FSceneViewport::OnFocusLost() reason 0
[2018.04.14-16.09.34:161][809]LogSlate: Window 'BP_Catch' being destroyed
[2018.04.14-16.09.34:165][809]LogSlate: Window 'BP_Catch' being destroyed
[2018.04.14-16.11.00:109][209]LogSlate: Only BGRA pngs, bmps or icos are supported in by External Image Picker
[2018.04.14-16.11.00:327][210]LogTemp: Executing iPhonePackager certificates Engine -bundlename com.YourCompany.Development
[2018.04.14-16.11.00:327][210]LogTemp: CWD: C:\Program Files\Epic Games\UE_4.19\Engine\Binaries\DotNET\IOS
[2018.04.14-16.11.00:327][210]LogTemp: Initial Dir: C:\Program Files\Epic Games\UE_4.19
[2018.04.14-16.11.00:327][210]LogTemp: Env CWD: C:\Program Files\Epic Games\UE_4.19\Engine\Binaries\DotNET\IOS
[2018.04.14-16.11.00:327][210]LogTemp: BranchPath = EVOLV/C/Program Files/Epic Games/UE_4.19/Engine/Binaries --- GameBranchPath = EVOLV/C/Program Files/Epic Games/UE_4.19/Engine/Binaries
[2018.04.14-16.11.00:327][210]LogTemp: IPP ERROR: Could not find provision directory 'C:\Users\Brad\AppData\Local/Apple Computer/MobileDevice/Provisioning Profiles/'.
[2018.04.14-16.11.07:095][662]LogSlate: Window 'Project Settings' being destroyed
[2018.04.14-16.11.07:108][662]LogSlate: Window 'Project Settings' being destroyed
[2018.04.14-16.11.56:571][393]LogSlate: Window 'BP_Catch' being destroyed
[2018.04.14-16.11.56:573][393]LogSlate: Window 'BP_Catch' being destroyed
