Log file open, 04/19/18 13:44:15
LogWindows: Failed to load 'aqProf.dll' (GetLastError=126)
LogWindows: File 'aqProf.dll' does not exist
LogWindows: Failed to load 'VtuneApi.dll' (GetLastError=126)
LogWindows: File 'VtuneApi.dll' does not exist
LogWindows: Failed to load 'VtuneApi32e.dll' (GetLastError=126)
LogWindows: File 'VtuneApi32e.dll' does not exist
LogInit: Display: Running engine for game: Development
LogPlatformFile: Not using cached read wrapper
LogInit: Display: RandInit(-1579051176) SRandInit(-1579051176).
LogInit: Read version file with build ID '3944462'
LogInit: Overriding engine version to CL 3989454, compatible CL 3944462
LogInit: Registered custom module enumerator with build ID '3944462'
LogTaskGraph: Started task graph with 5 named threads and 35 total threads with 3 sets of task threads.
LogStats: Stats thread started at 0.408125
LogD3D11RHI: Aftermath initialized
LogICUInternationalization: Display: ICU TimeZone Detection - Raw Offset: +0:00, Platform Override: ''
LogModuleManager: Display: Found up-to-date module file ../../../Engine/Plugins/2D/Paper2D/Binaries/Win64/UE4Editor-Paper2D.dll (API version 3944462).
LogModuleManager: Display: Found up-to-date module file ../../../Engine/Plugins/2D/Paper2D/Binaries/Win64/UE4Editor-Paper2DEditor.dll (API version 3944462).
LogModuleManager: Display: Found up-to-date module file ../../../Engine/Plugins/2D/Paper2D/Binaries/Win64/UE4Editor-PaperSpriteSheetImporter.dll (API version 3944462).
LogModuleManager: Display: Found up-to-date module file ../../../Engine/Plugins/2D/Paper2D/Binaries/Win64/UE4Editor-PaperTiledImporter.dll (API version 3944462).
LogModuleManager: Display: Found up-to-date module file ../../../Engine/Plugins/2D/Paper2D/Binaries/Win64/UE4Editor-SmartSnapping.dll (API version 3944462).
LogModuleManager: Display: Found up-to-date module file ../../../Engine/Plugins/Blendables/LightPropagationVolume/Binaries/Win64/UE4Editor-LightPropagationVolumeRuntime.dll (API version 3944462).
LogModuleManager: Display: Found up-to-date module file ../../../Engine/Plugins/Blendables/LightPropagationVolume/Binaries/Win64/UE4Editor-LightPropagationVolumeEditor.dll (API version 3944462).
LogModuleManager: Display: Found up-to-date module file ../../../Engine/Plugins/Developer/CLionSourceCodeAccess/Binaries/Win64/UE4Editor-CLionSourceCodeAccess.dll (API version 3944462).
LogModuleManager: Display: Found up-to-date module file ../../../Engine/Plugins/Developer/GitSourceControl/Binaries/Win64/UE4Editor-GitSourceControl.dll (API version 3944462).
LogModuleManager: Display: Found up-to-date module file ../../../Engine/Plugins/Developer/PerforceSourceControl/Binaries/Win64/UE4Editor-PerforceSourceControl.dll (API version 3944462).
LogModuleManager: Display: Found up-to-date module file ../../../Engine/Plugins/Developer/SubversionSourceControl/Binaries/Win64/UE4Editor-SubversionSourceControl.dll (API version 3944462).
LogModuleManager: Display: Found up-to-date module file ../../../Engine/Plugins/Developer/UObjectPlugin/Binaries/Win64/UE4Editor-UObjectPlugin.dll (API version 3944462).
LogModuleManager: Display: Found up-to-date module file ../../../Engine/Plugins/Developer/VisualStudioCodeSourceCodeAccess/Binaries/Win64/UE4Editor-VisualStudioCodeSourceCodeAccess.dll (API version 3944462).
LogModuleManager: Display: Found up-to-date module file ../../../Engine/Plugins/Developer/VisualStudioSourceCodeAccess/Binaries/Win64/UE4Editor-VisualStudioSourceCodeAccess.dll (API version 3944462).
LogModuleManager: Display: Found up-to-date module file ../../../Engine/Plugins/Editor/AssetManagerEditor/Binaries/Win64/UE4Editor-AssetManagerEditor.dll (API version 3944462).
LogModuleManager: Display: Found up-to-date module file ../../../Engine/Plugins/Editor/CryptoKeys/Binaries/Win64/UE4Editor-CryptoKeys.dll (API version 3944462).
LogModuleManager: Display: Found up-to-date module file ../../../Engine/Plugins/Editor/CryptoKeys/Binaries/Win64/UE4Editor-CryptoKeysOpenSSL.dll (API version 3944462).
LogModuleManager: Display: Found up-to-date module file ../../../Engine/Plugins/Editor/DataValidation/Binaries/Win64/UE4Editor-DataValidation.dll (API version 3944462).
LogModuleManager: Display: Found up-to-date module file ../../../Engine/Plugins/Editor/FacialAnimation/Binaries/Win64/UE4Editor-FacialAnimation.dll (API version 3944462).
LogModuleManager: Display: Found up-to-date module file ../../../Engine/Plugins/Editor/FacialAnimation/Binaries/Win64/UE4Editor-FacialAnimationEditor.dll (API version 3944462).
LogModuleManager: Display: Found up-to-date module file ../../../Engine/Plugins/Editor/GameplayTagsEditor/Binaries/Win64/UE4Editor-GameplayTagsEditor.dll (API version 3944462).
LogModuleManager: Display: Found up-to-date module file ../../../Engine/Plugins/Editor/MobileLauncherProfileWizard/Binaries/Win64/UE4Editor-MobileLauncherProfileWizard.dll (API version 3944462).
LogModuleManager: Display: Found up-to-date module file ../../../Engine/Plugins/Editor/PluginBrowser/Binaries/Win64/UE4Editor-PluginBrowser.dll (API version 3944462).
LogModuleManager: Display: Found up-to-date module file ../../../Engine/Plugins/Editor/SpeedTreeImporter/Binaries/Win64/UE4Editor-SpeedTreeImporter.dll (API version 3944462).
LogModuleManager: Display: Found up-to-date module file ../../../Engine/Plugins/Enterprise/DatasmithContent/Binaries/Win64/UE4Editor-DatasmithContent.dll (API version 3944462).
LogModuleManager: Display: Found up-to-date module file ../../../Engine/Plugins/Experimental/AlembicImporter/Binaries/Win64/UE4Editor-AlembicImporter.dll (API version 3944462).
LogModuleManager: Display: Found up-to-date module file ../../../Engine/Plugins/Experimental/AlembicImporter/Binaries/Win64/UE4Editor-AlembicLibrary.dll (API version 3944462).
LogModuleManager: Display: Found up-to-date module file ../../../Engine/Plugins/Experimental/CharacterAI/Binaries/Win64/UE4Editor-CharacterAI.dll (API version 3944462).
LogModuleManager: Display: Found up-to-date module file ../../../Engine/Plugins/Experimental/HTML5Networking/Binaries/Win64/UE4Editor-HTML5Networking.dll (API version 3944462).
LogModuleManager: Display: Found up-to-date module file ../../../Engine/Plugins/Media/AndroidMedia/Binaries/Win64/UE4Editor-AndroidMediaEditor.dll (API version 3944462).
LogModuleManager: Display: Found up-to-date module file ../../../Engine/Plugins/Media/AndroidMedia/Binaries/Win64/UE4Editor-AndroidMediaFactory.dll (API version 3944462).
LogModuleManager: Display: Found up-to-date module file ../../../Engine/Plugins/Media/AvfMedia/Binaries/Win64/UE4Editor-AvfMediaEditor.dll (API version 3944462).
LogModuleManager: Display: Found up-to-date module file ../../../Engine/Plugins/Media/AvfMedia/Binaries/Win64/UE4Editor-AvfMediaFactory.dll (API version 3944462).
LogModuleManager: Display: Found up-to-date module file ../../../Engine/Plugins/Media/AvfMedia/Binaries/Win64/UE4Editor-AvfMediaFactory.dll (API version 3944462).
LogModuleManager: Display: Found up-to-date module file ../../../Engine/Plugins/Media/ImgMedia/Binaries/Win64/UE4Editor-ImgMedia.dll (API version 3944462).
LogModuleManager: Display: Found up-to-date module file ../../../Engine/Plugins/Media/ImgMedia/Binaries/Win64/UE4Editor-ImgMediaEditor.dll (API version 3944462).
LogModuleManager: Display: Found up-to-date module file ../../../Engine/Plugins/Media/ImgMedia/Binaries/Win64/UE4Editor-ImgMediaFactory.dll (API version 3944462).
LogModuleManager: Display: Found up-to-date module file ../../../Engine/Plugins/Media/ImgMedia/Binaries/Win64/UE4Editor-ImgMediaFactory.dll (API version 3944462).
LogModuleManager: Display: Found up-to-date module file ../../../Engine/Plugins/Media/ImgMedia/Binaries/Win64/UE4Editor-OpenExrWrapper.dll (API version 3944462).
LogModuleManager: Display: Found up-to-date module file ../../../Engine/Plugins/Media/LinearTimecode/Binaries/Win64/UE4Editor-LinearTimecode.dll (API version 3944462).
LogModuleManager: Display: Found up-to-date module file ../../../Engine/Plugins/Media/MediaCompositing/Binaries/Win64/UE4Editor-MediaCompositing.dll (API version 3944462).
LogModuleManager: Display: Found up-to-date module file ../../../Engine/Plugins/Media/MediaCompositing/Binaries/Win64/UE4Editor-MediaCompositingEditor.dll (API version 3944462).
LogModuleManager: Display: Found up-to-date module file ../../../Engine/Plugins/Media/MediaPlayerEditor/Binaries/Win64/UE4Editor-MediaPlayerEditor.dll (API version 3944462).
LogModuleManager: Display: Found up-to-date module file ../../../Engine/Plugins/Media/WmfMedia/Binaries/Win64/UE4Editor-WmfMedia.dll (API version 3944462).
LogModuleManager: Display: Found up-to-date module file ../../../Engine/Plugins/Media/WmfMedia/Binaries/Win64/UE4Editor-WmfMediaEditor.dll (API version 3944462).
LogModuleManager: Display: Found up-to-date module file ../../../Engine/Plugins/Media/WmfMedia/Binaries/Win64/UE4Editor-WmfMediaFactory.dll (API version 3944462).
LogModuleManager: Display: Found up-to-date module file ../../../Engine/Plugins/Media/WmfMedia/Binaries/Win64/UE4Editor-WmfMediaFactory.dll (API version 3944462).
LogModuleManager: Display: Found up-to-date module file ../../../Engine/Plugins/Messaging/TcpMessaging/Binaries/Win64/UE4Editor-TcpMessaging.dll (API version 3944462).
LogModuleManager: Display: Found up-to-date module file ../../../Engine/Plugins/Messaging/UdpMessaging/Binaries/Win64/UE4Editor-UdpMessaging.dll (API version 3944462).
LogModuleManager: Display: Found up-to-date module file ../../../Engine/Plugins/MovieScene/ActorSequence/Binaries/Win64/UE4Editor-ActorSequence.dll (API version 3944462).
LogModuleManager: Display: Found up-to-date module file ../../../Engine/Plugins/MovieScene/LevelSequenceEditor/Binaries/Win64/UE4Editor-LevelSequenceEditor.dll (API version 3944462).
LogModuleManager: Display: Found up-to-date module file ../../../Engine/Plugins/MovieScene/MatineeToLevelSequence/Binaries/Win64/UE4Editor-MatineeToLevelSequence.dll (API version 3944462).
LogModuleManager: Display: Found up-to-date module file ../../../Engine/Plugins/NetcodeUnitTest/NetcodeUnitTest/Binaries/Win64/UE4Editor-NetcodeUnitTest.dll (API version 3944462).
LogModuleManager: Display: Found up-to-date module file ../../../Engine/Plugins/NetcodeUnitTest/NUTUnrealEngine4/Binaries/Win64/UE4Editor-NUTUnrealEngine4.dll (API version 3944462).
LogModuleManager: Display: Found up-to-date module file ../../../Engine/Plugins/Online/OnlineSubsystem/Binaries/Win64/UE4Editor-OnlineSubsystem.dll (API version 3944462).
LogModuleManager: Display: Found up-to-date module file ../../../Engine/Plugins/Runtime/AndroidPermission/Binaries/Win64/UE4Editor-AndroidPermission.dll (API version 3944462).
LogModuleManager: Display: Found up-to-date module file ../../../Engine/Plugins/Online/OnlineSubsystemNull/Binaries/Win64/UE4Editor-OnlineSubsystemNull.dll (API version 3944462).
LogModuleManager: Display: Found up-to-date module file ../../../Engine/Plugins/Online/OnlineSubsystemUtils/Binaries/Win64/UE4Editor-OnlineSubsystemUtils.dll (API version 3944462).
LogModuleManager: Display: Found up-to-date module file ../../../Engine/Plugins/Online/OnlineSubsystemUtils/Binaries/Win64/UE4Editor-OnlineBlueprintSupport.dll (API version 3944462).
LogModuleManager: Display: Found up-to-date module file ../../../Engine/Plugins/Runtime/AndroidDeviceProfileSelector/Binaries/Win64/UE4Editor-AndroidDeviceProfileSelector.dll (API version 3944462).
LogModuleManager: Display: Found up-to-date module file ../../../Engine/Plugins/Runtime/AppleARKit/Binaries/Win64/UE4Editor-AppleARKit.dll (API version 3944462).
LogModuleManager: Display: Found up-to-date module file ../../../Engine/Plugins/Runtime/ProceduralMeshComponent/Binaries/Win64/UE4Editor-ProceduralMeshComponent.dll (API version 3944462).
LogModuleManager: Display: Found up-to-date module file ../../../Engine/Plugins/Runtime/ProceduralMeshComponent/Binaries/Win64/UE4Editor-ProceduralMeshComponentEditor.dll (API version 3944462).
LogModuleManager: Display: Found up-to-date module file ../../../Engine/Plugins/Animation/LiveLink/Binaries/Win64/UE4Editor-LiveLink.dll (API version 3944462).
LogModuleManager: Display: Found up-to-date module file ../../../Engine/Plugins/Animation/LiveLink/Binaries/Win64/UE4Editor-LiveLinkEditor.dll (API version 3944462).
LogModuleManager: Display: Found up-to-date module file ../../../Engine/Plugins/Runtime/ArchVisCharacter/Binaries/Win64/UE4Editor-ArchVisCharacter.dll (API version 3944462).
LogModuleManager: Display: Found up-to-date module file ../../../Engine/Plugins/Runtime/AudioCapture/Binaries/Win64/UE4Editor-AudioCapture.dll (API version 3944462).
LogModuleManager: Display: Found up-to-date module file ../../../Engine/Plugins/Runtime/AudioCapture/Binaries/Win64/UE4Editor-AudioCaptureEditor.dll (API version 3944462).
LogModuleManager: Display: Found up-to-date module file ../../../Engine/Plugins/Runtime/CableComponent/Binaries/Win64/UE4Editor-CableComponent.dll (API version 3944462).
LogModuleManager: Display: Found up-to-date module file ../../../Engine/Plugins/Runtime/CustomMeshComponent/Binaries/Win64/UE4Editor-CustomMeshComponent.dll (API version 3944462).
LogModuleManager: Display: Found up-to-date module file ../../../Engine/Plugins/Runtime/ExampleDeviceProfileSelector/Binaries/Win64/UE4Editor-ExampleDeviceProfileSelector.dll (API version 3944462).
LogModuleManager: Display: Found up-to-date module file ../../../Engine/Plugins/Runtime/ImmediatePhysics/Binaries/Win64/UE4Editor-ImmediatePhysics.dll (API version 3944462).
LogModuleManager: Display: Found up-to-date module file ../../../Engine/Plugins/Runtime/ImmediatePhysics/Binaries/Win64/UE4Editor-ImmediatePhysicsEditor.dll (API version 3944462).
LogModuleManager: Display: Found up-to-date module file ../../../Engine/Plugins/Runtime/LocationServicesBPLibrary/Binaries/Win64/UE4Editor-LocationServicesBPLibrary.dll (API version 3944462).
LogModuleManager: Display: Found up-to-date module file ../../../Engine/Plugins/Runtime/MobilePatchingUtils/Binaries/Win64/UE4Editor-MobilePatchingUtils.dll (API version 3944462).
LogModuleManager: Display: Found up-to-date module file ../../../Engine/Plugins/Runtime/Oculus/OculusVR/Binaries/Win64/UE4Editor-OculusHMD.dll (API version 3944462).
LogModuleManager: Display: Found up-to-date module file ../../../Engine/Plugins/Runtime/Oculus/OculusVR/Binaries/Win64/UE4Editor-OculusInput.dll (API version 3944462).
LogModuleManager: Display: Found up-to-date module file ../../../Engine/Plugins/Runtime/Oculus/OculusVR/Binaries/Win64/UE4Editor-OculusEditor.dll (API version 3944462).
LogModuleManager: Display: Found up-to-date module file ../../../Engine/Plugins/Runtime/PhysXVehicles/Binaries/Win64/UE4Editor-PhysXVehicles.dll (API version 3944462).
LogModuleManager: Display: Found up-to-date module file ../../../Engine/Plugins/Runtime/PhysXVehicles/Binaries/Win64/UE4Editor-PhysXVehiclesEditor.dll (API version 3944462).
LogModuleManager: Display: Found up-to-date module file ../../../Engine/Plugins/Runtime/RuntimePhysXCooking/Binaries/Win64/UE4Editor-RuntimePhysXCooking.dll (API version 3944462).
LogModuleManager: Display: Found up-to-date module file ../../../Engine/Plugins/Runtime/Steam/SteamVR/Binaries/Win64/UE4Editor-SteamVR.dll (API version 3944462).
LogModuleManager: Display: Found up-to-date module file ../../../Engine/Plugins/Runtime/Steam/SteamVR/Binaries/Win64/UE4Editor-SteamVRController.dll (API version 3944462).
LogModuleManager: Display: Found up-to-date module file ../../../Engine/Plugins/Runtime/WindowsMoviePlayer/Binaries/Win64/UE4Editor-WindowsMoviePlayer.dll (API version 3944462).
LogPluginManager: Mounting plugin Paper2D
LogPluginManager: Mounting plugin LiveLink
LogPluginManager: Mounting plugin LightPropagationVolume
LogPluginManager: Mounting plugin CLionSourceCodeAccess
LogPluginManager: Mounting plugin CodeLiteSourceCodeAccess
LogPluginManager: Mounting plugin GitSourceControl
LogPluginManager: Mounting plugin KDevelopSourceCodeAccess
LogPluginManager: Mounting plugin NullSourceCodeAccess
LogPluginManager: Mounting plugin PerforceSourceControl
LogPluginManager: Mounting plugin SubversionSourceControl
LogPluginManager: Mounting plugin UObjectPlugin
LogPluginManager: Mounting plugin VisualStudioCodeSourceCodeAccess
LogPluginManager: Mounting plugin VisualStudioSourceCodeAccess
LogPluginManager: Mounting plugin XCodeSourceCodeAccess
LogPluginManager: Mounting plugin AssetManagerEditor
LogPluginManager: Mounting plugin CryptoKeys
LogPluginManager: Mounting plugin DataValidation
LogPluginManager: Mounting plugin FacialAnimation
LogPluginManager: Mounting plugin GameplayTagsEditor
LogPluginManager: Mounting plugin MobileLauncherProfileWizard
LogPluginManager: Mounting plugin PluginBrowser
LogPluginManager: Mounting plugin SpeedTreeImporter
LogPluginManager: Mounting plugin DatasmithContent
LogPluginManager: Mounting plugin AlembicImporter
LogPluginManager: Mounting plugin CharacterAI
LogPluginManager: Mounting plugin HTML5Networking
LogPluginManager: Mounting plugin AndroidMedia
LogPluginManager: Mounting plugin AvfMedia
LogPluginManager: Mounting plugin ImgMedia
LogPluginManager: Mounting plugin LinearTimecode
LogPluginManager: Mounting plugin MediaCompositing
LogPluginManager: Mounting plugin MediaPlayerEditor
LogPluginManager: Mounting plugin WmfMedia
LogPluginManager: Mounting plugin TcpMessaging
LogPluginManager: Mounting plugin UdpMessaging
LogPluginManager: Mounting plugin ActorSequence
LogPluginManager: Mounting plugin LevelSequenceEditor
LogPluginManager: Mounting plugin MatineeToLevelSequence
LogPluginManager: Mounting plugin NetcodeUnitTest
LogPluginManager: Mounting plugin NUTUnrealEngine4
LogPluginManager: Mounting plugin OnlineSubsystemGooglePlay
LogPluginManager: Mounting plugin OnlineSubsystemIOS
LogPluginManager: Mounting plugin OnlineSubsystem
LogPluginManager: Mounting plugin OnlineSubsystemNull
LogPluginManager: Mounting plugin OnlineSubsystemUtils
LogPluginManager: Mounting plugin AndroidDeviceProfileSelector
LogPluginManager: Mounting plugin AndroidMoviePlayer
LogPluginManager: Mounting plugin AndroidPermission
LogPluginManager: Mounting plugin AppleARKit
LogPluginManager: Mounting plugin AppleMoviePlayer
LogPluginManager: Mounting plugin ArchVisCharacter
LogPluginManager: Mounting plugin AudioCapture
LogPluginManager: Mounting plugin CableComponent
LogPluginManager: Mounting plugin CustomMeshComponent
LogPluginManager: Mounting plugin ExampleDeviceProfileSelector
LogPluginManager: Mounting plugin GoogleCloudMessaging
LogPluginManager: Mounting plugin ImmediatePhysics
LogPluginManager: Mounting plugin IOSDeviceProfileSelector
LogPluginManager: Mounting plugin LinuxDeviceProfileSelector
LogPluginManager: Mounting plugin LocationServicesBPLibrary
LogPluginManager: Mounting plugin MobilePatchingUtils
LogPluginManager: Mounting plugin OculusVR
LogPluginManager: Plugin shader directory ../../../Engine/Plugins/Runtime/Oculus/OculusVR/Shaders found
LogPluginManager: Mapping shader source directory ../../../Engine/Plugins/Runtime/Oculus/OculusVR/Shaders to virtual directory /Plugin/OculusVR
LogPluginManager: Mounting plugin PhysXVehicles
LogPluginManager: Mounting plugin ProceduralMeshComponent
LogPluginManager: Mounting plugin RuntimePhysXCooking
LogPluginManager: Mounting plugin SteamVR
LogPluginManager: Mounting plugin WindowsMoviePlayer
LogStreaming: Display: Took  1.192s to configure plugins.
LogInit: Using libcurl 7.47.1
LogInit:  - built for x86_64-pc-win32
LogInit:  - supports SSL with OpenSSL/1.0.2g
LogInit:  - supports HTTP deflate (compression) using libz 1.2.8
LogInit:  - other features:
LogInit:      CURL_VERSION_SSL
LogInit:      CURL_VERSION_LIBZ
LogInit:      CURL_VERSION_IPV6
LogInit:      CURL_VERSION_ASYNCHDNS
LogInit:      CURL_VERSION_LARGEFILE
LogInit:      CURL_VERSION_IDN
LogInit:  CurlRequestOptions (configurable via config and command line):
LogInit:  - bVerifyPeer = false  - Libcurl will NOT verify peer certificate
LogInit:  - bUseHttpProxy = false  - Libcurl will NOT use HTTP proxy
LogInit:  - bDontReuseConnections = false  - Libcurl will reuse connections
LogInit:  - CertBundlePath = nullptr  - Libcurl will use whatever was configured at build time.
LogInit:  - MaxHostConnections = 16  - Libcurl will limit the number of connections to a host
LogInit:  - LocalHostAddr = Default
LogInit: WinSock: version 1.1 (2.2), MaxSocks=32767, MaxUdp=65467
LogInit: WinSock: I am Evolv (192.168.56.1:0)
LogInit: Build: ++UE4+Release-4.19-CL-3989454
LogInit: Engine Version: 4.19.1-3989454+++UE4+Release-4.19
LogInit: Compatible Engine Version: 4.19.0-3944462+++UE4+Release-4.19
LogInit: Net CL: 3944462
LogDevObjectVersion: Number of dev versions registered: 18
LogDevObjectVersion:   Dev-Blueprints (B0D832E4-1F89-4F0D-ACCF-7EB736FD4AA2): 10
LogDevObjectVersion:   Dev-Build (E1C64328-A22C-4D53-A36C-8E866417BD8C): 0
LogDevObjectVersion:   Dev-Core (375EC13C-06E4-48FB-B500-84F0262A717E): 2
LogDevObjectVersion:   Dev-Editor (E4B068ED-F494-42E9-A231-DA0B2E46BB41): 23
LogDevObjectVersion:   Dev-Framework (CFFC743F-43B0-4480-9391-14DF171D2073): 33
LogDevObjectVersion:   Dev-Mobile (B02B49B5-BB20-44E9-A304-32B752E40360): 2
LogDevObjectVersion:   Dev-Networking (A4E4105C-59A1-49B5-A7C5-40C4547EDFEE): 0
LogDevObjectVersion:   Dev-Online (39C831C9-5AE6-47DC-9A44-9C173E1C8E7C): 0
LogDevObjectVersion:   Dev-Physics (78F01B33-EBEA-4F98-B9B4-84EACCB95AA2): 0
LogDevObjectVersion:   Dev-Platform (6631380F-2D4D-43E0-8009-CF276956A95A): 0
LogDevObjectVersion:   Dev-Rendering (12F88B9F-8875-4AFC-A67C-D90C383ABD29): 25
LogDevObjectVersion:   Dev-Sequencer (7B5AE74C-D270-4C10-A958-57980B212A5A): 6
LogDevObjectVersion:   Dev-VR (D7296918-1DD6-4BDD-9DE2-64A83CC13884): 1
LogDevObjectVersion:   Dev-LoadTimes (C2A15278-BFE7-4AFE-6C17-90FF531DF755): 1
LogDevObjectVersion:   Private-Geometry (6EACA3D4-40EC-4CC1-B786-8BED09428FC5): 2
LogDevObjectVersion:   Dev-AnimPhys (29E575DD-E0A3-4627-9D10-D276232CDCEA): 16
LogDevObjectVersion:   Dev-ReflectionCapture (6B266CEC-1EC7-4B8F-A30B-E4D90942FC07): 1
LogDevObjectVersion:   Dev-Automation (0DF73D61-A23F-47EA-B727-89E90C41499A): 1
LogInit: Compiled (64-bit): Apr  6 2018 12:26:04
LogInit: Compiled with Visual C++: 19.00.24215.01
LogInit: Build Configuration: Development
LogInit: Branch Name: ++UE4+Release-4.19
LogInit: Command Line:  
LogInit: Base Directory: C:/Program Files/Epic Games/UE_4.19/Engine/Binaries/Win64/
LogInit: Installed Engine Build: 1
LogStreaming: Display: Took  0.002s to delete old logs.
LogInit: Presizing for max 8388607 objects, including 0 objects not considered by GC, pre-allocating 0 bytes for permanent pool.
LogInit: Object subsystem initialized
[2018.04.19-12.44.16:991][  0]LogInit: Selected Device Profile: [Windows]
[2018.04.19-12.44.16:991][  0]LogInit: Applying CVar settings loaded from the selected device profile: [Windows]
[2018.04.19-12.44.17:007][  0]LogInit: Computer: EVOLV
[2018.04.19-12.44.17:007][  0]LogInit: User: Brad
[2018.04.19-12.44.17:007][  0]LogInit: CPU Page size=4096, Cores=6
[2018.04.19-12.44.17:007][  0]LogInit: High frequency timer resolution =3.119146 MHz
[2018.04.19-12.44.17:007][  0]LogMemory: Memory total: Physical=15.9GB (16GB approx)
[2018.04.19-12.44.17:007][  0]LogMemory: Platform Memory Stats for Windows
[2018.04.19-12.44.17:007][  0]LogMemory: Process Physical Memory: 278.41 MB used, 278.41 MB peak
[2018.04.19-12.44.17:007][  0]LogMemory: Process Virtual Memory: 271.80 MB used, 271.80 MB peak
[2018.04.19-12.44.17:007][  0]LogMemory: Physical Memory: 7798.55 MB used,  8520.79 MB free, 16319.34 MB total
[2018.04.19-12.44.17:007][  0]LogMemory: Virtual Memory: 714.06 MB used,  8520.79 MB free, 134217728.00 MB total
[2018.04.19-12.44.17:771][  0]LogInit: Using OS detected language (en-GB).
[2018.04.19-12.44.17:771][  0]LogInit: Using OS detected locale (en-GB).
[2018.04.19-12.44.17:774][  0]LogTextLocalizationManager: No specific localization for 'en-GB' exists, so the 'en' localization will be used.
[2018.04.19-12.44.18:240][  0]LogStreaming: Display: Took  0.470s to EndInitTextLocalization.
[2018.04.19-12.44.18:240][  0]LogInit: Setting process to per monitor DPI aware
[2018.04.19-12.44.18:277][  0]LogSlate: New Slate User Created.  User Index 0, Is Virtual User: 0
[2018.04.19-12.44.18:277][  0]LogSlate: Slate User Registered.  User Index 0, Is Virtual User: 0
[2018.04.19-12.44.18:504][  0]LogD3D11RHI: D3D11 adapters:
[2018.04.19-12.44.18:545][  0]LogD3D11RHI:    0. 'NVIDIA GeForce GTX 1060 6GB' (Feature Level 11_0)
[2018.04.19-12.44.18:545][  0]LogD3D11RHI:       6061/0/8159 MB DedicatedVideo/DedicatedSystem/SharedSystem, Outputs:2, VendorId:0x10de
[2018.04.19-12.44.18:547][  0]LogD3D11RHI:    1. 'Microsoft Basic Render Driver' (Feature Level 11_0)
[2018.04.19-12.44.18:547][  0]LogD3D11RHI:       0/0/8159 MB DedicatedVideo/DedicatedSystem/SharedSystem, Outputs:0, VendorId:0x1414
[2018.04.19-12.44.18:547][  0]LogD3D11RHI: Chosen D3D11 Adapter: 0
[2018.04.19-12.44.18:558][  0]LogD3D11RHI: Creating new Direct3DDevice
[2018.04.19-12.44.18:558][  0]LogD3D11RHI:     GPU DeviceId: 0x1c03 (for the marketing name, search the web for "GPU Device Id")
[2018.04.19-12.44.18:558][  0]LogWindows: EnumDisplayDevices:
[2018.04.19-12.44.18:558][  0]LogWindows:    0. 'NVIDIA GeForce GTX 1060 6GB' (P:0 D:1)
[2018.04.19-12.44.18:558][  0]LogWindows:    1. 'NVIDIA GeForce GTX 1060 6GB' (P:1 D:1)
[2018.04.19-12.44.18:558][  0]LogWindows:    2. 'NVIDIA GeForce GTX 1060 6GB' (P:0 D:0)
[2018.04.19-12.44.18:559][  0]LogWindows:    3. 'NVIDIA GeForce GTX 1060 6GB' (P:0 D:0)
[2018.04.19-12.44.18:559][  0]LogWindows: DebugString: GetVideoDriverDetailsInvalid PrimaryIsNotTheChoosenAdapter GetVideoDriverDetailsInvalid PrimaryIsNotTheChoosenAdapter GetVideoDriverDetailsInvalid PrimaryIsNotTheChoosenAdapter GetVideoDriverDetailsInvalid PrimaryIsNotTheChoosenAdapter FoundDriverCount:0 
[2018.04.19-12.44.18:559][  0]LogD3D11RHI:     Adapter Name: NVIDIA GeForce GTX 1060 6GB
[2018.04.19-12.44.18:559][  0]LogD3D11RHI:   Driver Version: Unknown (internal:Unknown, unified:Unknown)
[2018.04.19-12.44.18:559][  0]LogD3D11RHI:      Driver Date: Unknown
[2018.04.19-12.44.18:559][  0]LogRHI: Texture pool is 4242 MB (70% of 6061 MB)
[2018.04.19-12.44.18:590][  0]LogD3D11RHI: [Aftermath] Aftermath enabled and primed
[2018.04.19-12.44.18:590][  0]LogD3D11RHI: Async texture creation enabled
[2018.04.19-12.44.18:678][  0]LogD3D11RHI: GPU Timing Frequency: 1000.000000 (Debug: 2 1)
[2018.04.19-12.44.18:776][  0]LogShaderCompilers: Guid format shader working directory is -30 characters bigger than the processId version (../../../../../../Users/Brad/Documents/GitHub/Research-Project/Development/Intermediate/Shaders/WorkingDirectory/19876/).
[2018.04.19-12.44.18:776][  0]LogShaderCompilers: Cleaned the shader compiler working directory 'C:/Users/Brad/AppData/Local/Temp/UnrealShaderWorkingDir/3BEB4EA64574C49A0DD701BA14E4DA1D/'.
[2018.04.19-12.44.18:996][  0]LogTemp: Display: Loaded TP AllDesktopTargetPlatform
[2018.04.19-12.44.19:015][  0]LogTemp: Display: Loaded TP MacClientTargetPlatform
[2018.04.19-12.44.19:033][  0]LogTemp: Display: Loaded TP MacNoEditorTargetPlatform
[2018.04.19-12.44.19:052][  0]LogTemp: Display: Loaded TP MacServerTargetPlatform
[2018.04.19-12.44.19:071][  0]LogTemp: Display: Loaded TP MacTargetPlatform
[2018.04.19-12.44.19:090][  0]LogTemp: Display: Loaded TP WindowsClientTargetPlatform
[2018.04.19-12.44.19:109][  0]LogTemp: Display: Loaded TP WindowsNoEditorTargetPlatform
[2018.04.19-12.44.19:128][  0]LogTemp: Display: Loaded TP WindowsServerTargetPlatform
[2018.04.19-12.44.19:137][  0]LogTemp: Display: Loaded TP WindowsTargetPlatform
[2018.04.19-12.44.19:154][  0]LogTemp: Display: Loaded TP Android_ASTCTargetPlatform
[2018.04.19-12.44.19:171][  0]LogTemp: Display: Loaded TP Android_ATCTargetPlatform
[2018.04.19-12.44.19:189][  0]LogTemp: Display: Loaded TP Android_DXTTargetPlatform
[2018.04.19-12.44.19:206][  0]LogTemp: Display: Loaded TP Android_ETC1aTargetPlatform
[2018.04.19-12.44.19:223][  0]LogTemp: Display: Loaded TP Android_ETC1TargetPlatform
[2018.04.19-12.44.19:240][  0]LogTemp: Display: Loaded TP Android_ETC2TargetPlatform
[2018.04.19-12.44.19:274][  0]LogTemp: Display: Loaded TP Android_MultiTargetPlatform
[2018.04.19-12.44.19:275][  0]LogTemp: Display: Loaded TP Android_PVRTCTargetPlatform
[2018.04.19-12.44.19:292][  0]LogTemp: Display: Loaded TP AndroidTargetPlatform
[2018.04.19-12.44.19:293][  0]LogTemp: Display: Loaded TP HTML5TargetPlatform
[2018.04.19-12.44.19:336][  0]LogTemp: Display: Loaded TP IOSTargetPlatform
[2018.04.19-12.44.19:352][  0]LogTemp: Display: Loaded TP TVOSTargetPlatform
[2018.04.19-12.44.19:368][  0]LogTemp: Display: Loaded TP LinuxClientTargetPlatform
[2018.04.19-12.44.19:385][  0]LogTemp: Display: Loaded TP LinuxNoEditorTargetPlatform
[2018.04.19-12.44.19:401][  0]LogTemp: Display: Loaded TP LinuxServerTargetPlatform
[2018.04.19-12.44.19:419][  0]LogTemp: Display: Loaded TP LinuxTargetPlatform
[2018.04.19-12.44.19:419][  0]LogTargetPlatformManager: Display: Building Assets For Windows
[2018.04.19-12.44.19:551][  0]LogXGEController: Cleaning working directory: C:/Users/Brad/AppData/Local/Temp/UnrealXGEWorkingDir/
[2018.04.19-12.44.19:551][  0]LogXGEController: Cannot use XGE Controller as Incredibuild is not installed on this machine.
[2018.04.19-12.44.19:551][  0]LogShaderCompilers: Cannot use XGE Shader Compiler as Incredibuild is not installed on this machine.
[2018.04.19-12.44.19:551][  0]LogShaderCompilers: Display: Using Local Shader Compiler.
[2018.04.19-12.44.20:303][  0]LogDerivedDataCache: Display: Max Cache Size: 512 MB
[2018.04.19-12.44.20:386][  0]LogDerivedDataCache: Loaded boot cache 0.08s 88MB C:/Users/Brad/AppData/Local/UnrealEngine/4.19/DerivedDataCache/Boot.ddc.
[2018.04.19-12.44.20:386][  0]LogDerivedDataCache: Display: Loaded Boot cache: C:/Users/Brad/AppData/Local/UnrealEngine/4.19/DerivedDataCache/Boot.ddc
[2018.04.19-12.44.20:386][  0]LogDerivedDataCache: FDerivedDataBackendGraph:  Pak pak cache file ../../../../../../Users/Brad/Documents/GitHub/Research-Project/Development/DerivedDataCache/DDC.ddp not found, will not use a pak cache.
[2018.04.19-12.44.20:386][  0]LogDerivedDataCache: Unable to find inner node Pak for hierarchical cache Hierarchy.
[2018.04.19-12.44.20:386][  0]LogDerivedDataCache: FDerivedDataBackendGraph:  CompressedPak pak cache file ../../../../../../Users/Brad/Documents/GitHub/Research-Project/Development/DerivedDataCache/Compressed.ddp not found, will not use a pak cache.
[2018.04.19-12.44.20:386][  0]LogDerivedDataCache: Unable to find inner node CompressedPak for hierarchical cache Hierarchy.
[2018.04.19-12.44.20:406][  0]LogDerivedDataCache: Display: Pak cache opened for reading ../../../Engine/DerivedDataCache/Compressed.ddp.
[2018.04.19-12.44.20:418][  0]LogDerivedDataCache: Using Local data cache path C:/Users/Brad/AppData/Local/UnrealEngine/Common/DerivedDataCache: Writable
[2018.04.19-12.44.20:431][  0]LogMaterial: Verifying Global Shaders for PCD3D_SM5
[2018.04.19-12.44.20:432][  0]LogSlate: Using Freetype 2.6.0
[2018.04.19-12.44.20:432][  0]LogSlate: SlateFontCache - WITH_FREETYPE: 1, WITH_HARFBUZZ: 1
[2018.04.19-12.44.20:432][  0]LogSlate: SlateFontCache - WITH_FREETYPE: 1, WITH_HARFBUZZ: 1
[2018.04.19-12.44.20:568][  0]LogAssetRegistry: FAssetRegistry took 0.0271 seconds to start up
[2018.04.19-12.44.20:931][  0]LogInit: Selected Device Profile: [Windows]
[2018.04.19-12.44.21:081][  0]LogSimplygon: Simplygon DLL not present - disabling.
[2018.04.19-12.44.21:085][  0]LogMeshReduction: Using SimplygonSwarm for distributed automatic mesh merging
[2018.04.19-12.44.21:085][  0]LogMeshReduction: Using QuadricMeshReduction for automatic static mesh reduction
[2018.04.19-12.44.21:085][  0]LogMeshReduction: No automatic skeletal mesh reduction module available
[2018.04.19-12.44.21:085][  0]LogMeshReduction: No automatic mesh merging module available
[2018.04.19-12.44.21:085][  0]LogMeshMerging: No automatic mesh merging module available
[2018.04.19-12.44.21:123][  0]LogNetVersion: Development , NetCL: 3944462, EngineNetVer: 2, GameNetVer: 0 (Checksum: 3771591798)
[2018.04.19-12.44.21:569][  0]LogPackageLocalizationCache: Processed 9 localized package path(s) for 2 prioritized culture(s) in 0.085307 seconds
[2018.04.19-12.44.21:576][  0]LogUObjectArray: 36728 objects as part of root set at end of initial load.
[2018.04.19-12.44.21:576][  0]LogUObjectAllocator: 7314312 out of 0 bytes used by permanent object pool.
[2018.04.19-12.44.21:576][  0]LogUObjectArray: CloseDisregardForGC: 0/0 objects in disregard for GC pool
[2018.04.19-12.44.23:209][  0]LogTcpMessaging: Initializing TcpMessaging bridge
[2018.04.19-12.44.23:243][  0]LogUdpMessaging: Initializing bridge on interface 0.0.0.0:0 to multicast group 230.0.0.1:6666.
[2018.04.19-12.44.23:655][  0]SourceControl: Source control is disabled
[2018.04.19-12.44.23:655][  0]SourceControl: Source control is disabled
[2018.04.19-12.44.23:678][  0]SourceControl: Source control is disabled
[2018.04.19-12.44.23:699][  0]SourceControl: Source control is disabled
[2018.04.19-12.44.24:254][  0]LogAndroidPermission: UAndroidPermissionCallbackProxy::GetInstance
[2018.04.19-12.44.24:429][  0]LogOcInput: OculusInput pre-init called
[2018.04.19-12.44.24:559][  0]LogEngine: Initializing Engine...
[2018.04.19-12.44.24:561][  0]LogHMD: Failed to initialize OpenVR with code 110
[2018.04.19-12.44.24:563][  0]LogStats: UGameplayTagsManager::ConstructGameplayTagTree: Construct from data asset -  0.000 s
[2018.04.19-12.44.24:563][  0]LogStats: UGameplayTagsManager::ConstructGameplayTagTree: GameplayTagTreeChangedEvent.Broadcast -  0.000 s
[2018.04.19-12.44.24:808][  0]LogAIModule: Creating AISystem for world Untitled
[2018.04.19-12.44.24:825][  0]LogInit: XAudio2 using 'Speakers (EDIFIER e3350 Stereo)' : 2 channels at 44.1 kHz using 16 bits per sample (channel mask 0x3)
[2018.04.19-12.44.24:835][  0]LogInit: FAudioDevice initialized.
[2018.04.19-12.44.24:924][  0]LogDerivedDataCache: Saved boot cache 0.09s 88MB C:/Users/Brad/AppData/Local/UnrealEngine/4.19/DerivedDataCache/Boot.ddc.
[2018.04.19-12.44.24:940][  0]LogInit: Texture streaming: Enabled
[2018.04.19-12.44.24:960][  0]LogEngineSessionManager: EngineSessionManager initialized
[2018.04.19-12.44.24:979][  0]LogInit: Transaction tracking system initialized
[2018.04.19-12.44.25:008][  0]BlueprintLog: New page: Editor Load
[2018.04.19-12.44.25:098][  0]LocalizationService: Localization service is disabled
[2018.04.19-12.44.25:217][  0]LogConsoleResponse: Display: 
[2018.04.19-12.44.25:359][  0]LogCook: Display: Max memory allowance for cook 16384mb min free memory 0mb
[2018.04.19-12.44.25:359][  0]LogCook: Display: Mobile HDR setting 0
[2018.04.19-12.44.25:359][  0]LogGameplayTags: Display: UGameplayTagsManager::DoneAddingNativeTags. DelegateIsBound: 0
[2018.04.19-12.44.25:360][  0]LogStats: UGameplayTagsManager::ConstructGameplayTagTree: Construct from data asset -  0.000 s
[2018.04.19-12.44.25:360][  0]LogStats: UGameplayTagsManager::ConstructGameplayTagTree: GameplayTagTreeChangedEvent.Broadcast -  0.000 s
[2018.04.19-12.44.25:397][  0]LogFileCache: Scanning file cache for directory 'C:/Users/Brad/Documents/GitHub/Research-Project/Development/Content/' took 0.01s
[2018.04.19-12.44.25:807][  0]SourceControl: Source control is disabled
[2018.04.19-12.44.25:807][  0]Cmd: MAP LOAD FILE="../../../../../../Users/Brad/Documents/GitHub/Research-Project/Development/Content/World.umap" TEMPLATE=0 SHOWPROGRESS=1 FEATURELEVEL=3
[2018.04.19-12.44.25:807][  0]LightingResults: New page: Lighting Build
[2018.04.19-12.44.25:811][  0]MapCheck: New page: Map Check
[2018.04.19-12.44.25:811][  0]LightingResults: New page: Lighting Build
[2018.04.19-12.44.26:106][  0]LogBlueprint: Warning: [Compiler BP_MotionController] Set Hand  is deprecated; please replace or remove it.
[2018.04.19-12.44.26:106][  0]LogBlueprint: Warning: [Compiler BP_MotionController] Set Hand  is deprecated; Please use the Motion Source property instead of Hand
[2018.04.19-12.44.26:129][  0]LogBlueprint: Warning: [Compiler BP_MotionController] [0012.12] Compile of BP_MotionController successful, but with 2 Warning(s) [in 40 ms] (/Game/VirtualRealityBP/Blueprints/BP_MotionController.BP_MotionController)
[2018.04.19-12.44.26:478][  0]LogSkeletalMesh: Skeletal Mesh found in DDC [1.872628ms] /Game/VirtualReality/Mannequin/Character/Mesh/MannequinHand_Right.MannequinHand_Right
[2018.04.19-12.44.26:516][  0]LogAIModule: Creating AISystem for world World
[2018.04.19-12.44.26:525][  0]LogEditorServer: Finished looking for orphan Actors (0.000 secs)
[2018.04.19-12.44.26:537][  0]Cmd: MAP CHECKDEP NOCLEARLOG
[2018.04.19-12.44.26:598][  0]MapCheck: Map check complete: 0 Error(s), 0 Warning(s), took 61.604ms to complete.
[2018.04.19-12.44.26:599][  0]LogFileHelpers: Loading map 'World' took 0.792
[2018.04.19-12.44.26:746][  0]LogCollectionManager: Loaded 0 collections in 0.002648 seconds
[2018.04.19-12.44.26:793][  0]LogFileCache: Scanning file cache for directory 'C:/Users/Brad/Documents/GitHub/Research-Project/Development/Saved/Collections/' took 0.01s
[2018.04.19-12.44.26:793][  0]LogFileCache: Scanning file cache for directory 'C:/Users/Brad/Documents/GitHub/Research-Project/Development/Content/Developers/Brad/Collections/' took 0.01s
[2018.04.19-12.44.26:793][  0]LogFileCache: Scanning file cache for directory 'C:/Users/Brad/Documents/GitHub/Research-Project/Development/Content/Collections/' took 0.01s
[2018.04.19-12.44.26:793][  0]LogCollectionManager: Rebuilt the GUID cache for 0 collections in 0.000001 seconds
[2018.04.19-12.44.26:805][  0]LogContentBrowser: Native class hierarchy populated in 0.0120 seconds. Added 2452 classes and 558 folders.
[2018.04.19-12.44.26:814][  0]LogContentBrowser: Native class hierarchy updated for 'WidgetCarousel' in 0.0003 seconds. Added 0 classes and 0 folders.
[2018.04.19-12.44.26:866][  0]LogContentBrowser: Native class hierarchy updated for 'AddContentDialog' in 0.0002 seconds. Added 0 classes and 0 folders.
[2018.04.19-12.44.26:874][  0]LogContentBrowser: Native class hierarchy updated for 'SceneOutliner' in 0.0003 seconds. Added 1 classes and 2 folders.
[2018.04.19-12.44.26:946][  0]LogSlate: Took 0.000319 seconds to synchronously load lazily loaded font '../../../Engine/Content/Slate/Fonts/Roboto-Regular.ttf' (155K)
[2018.04.19-12.44.26:949][  0]LogSlate: Took 0.000246 seconds to synchronously load lazily loaded font '../../../Engine/Content/Slate/Fonts/Roboto-Bold.ttf' (160K)
[2018.04.19-12.44.26:956][  0]LogSlate: Took 0.000245 seconds to synchronously load lazily loaded font '../../../Engine/Content/Editor/Slate/Fonts/FontAwesome.ttf' (139K)
[2018.04.19-12.44.27:058][  0]LogRenderer: Reallocating scene render targets to support 1208x576 Format 10 NumSamples 1 (Frame:1).
[2018.04.19-12.44.27:104][  0]LogSlate: Took 0.000220 seconds to synchronously load lazily loaded font '../../../Engine/Content/Slate/Fonts/Roboto-Light.ttf' (167K)
[2018.04.19-12.44.27:230][  0]LogContentBrowser: Native class hierarchy updated for 'HierarchicalLODOutliner' in 0.0003 seconds. Added 0 classes and 0 folders.
[2018.04.19-12.44.27:230][  0]LogLoad: (Engine Initialization) Total time: 13.22 seconds
[2018.04.19-12.44.27:230][  0]LogLoad: (Engine Initialization) Total Blueprint compile time: 0.00 seconds
[2018.04.19-12.44.27:590][  0]LogContentStreaming: Texture pool size now 1000 MB
[2018.04.19-12.44.27:909][  1]LogAssetRegistry: Asset discovery search completed in 7.3621 seconds
[2018.04.19-12.44.27:910][  1]LogCollectionManager: Rebuilt the object cache for 0 collections in 0.000000 seconds (found 0 objects)
[2018.04.19-12.44.27:910][  1]LogCollectionManager: Fixed up redirectors for 0 collections in 0.000059 seconds (updated 0 objects)
[2018.04.19-12.44.28:572][  3]LogSlate: Took 0.000248 seconds to synchronously load lazily loaded font '../../../Engine/Content/Slate/Fonts/Roboto-Light.ttf' (167K)
[2018.04.19-12.44.31:898][ 13]LogSlate: FSceneViewport::OnFocusLost() reason 0
[2018.04.19-12.44.34:833][218]LogSlate: FSceneViewport::OnFocusLost() reason 0
[2018.04.19-12.44.35:332][223]LogContentBrowser: Native class hierarchy updated for 'BlueprintGraph' in 0.0007 seconds. Added 116 classes and 0 folders.
[2018.04.19-12.44.36:171][223]LogSlate: Took 0.000206 seconds to synchronously load lazily loaded font '../../../Engine/Content/Slate/Fonts/Roboto-BoldCondensed.ttf' (158K)
[2018.04.19-12.44.37:914][282]LogSlate: Took 0.000208 seconds to synchronously load lazily loaded font '../../../Engine/Content/Slate/Fonts/Roboto-Italic.ttf' (157K)
[2018.04.19-12.44.39:496][371]LogRenderer: Reallocating scene render targets to support 1360x712 Format 10 NumSamples 1 (Frame:1).
[2018.04.19-12.44.42:855][593]LogSlate: Window 'BP_Catch' being destroyed
[2018.04.19-12.44.42:858][593]LogSlate: Window 'BP_Catch' being destroyed
[2018.04.19-12.52.22:126][383]BlueprintLog: New page: Compile BP_Catch
[2018.04.19-12.52.23:429][451]Cmd: OBJ SAVEPACKAGE PACKAGE="/Game/BP_Catch" FILE="../../../../../../Users/Brad/Documents/GitHub/Research-Project/Development/Content/BP_Catch.uasset" SILENT=true
[2018.04.19-12.52.23:481][451]LogSavePackage: Save=36.75ms
[2018.04.19-12.52.23:481][451]LogSavePackage: Moving '../../../../../../Users/Brad/Documents/GitHub/Research-Project/Development/Saved/BP_Catch099998A54217B2E35629F28013B8E467.tmp' to '../../../../../../Users/Brad/Documents/GitHub/Research-Project/Development/Content/BP_Catch.uasset'
[2018.04.19-12.52.23:484][451]LogSavePackage: Display: Finished SavePackage ../../../../../../Users/Brad/Documents/GitHub/Research-Project/Development/Content/BP_Catch.uasset
[2018.04.19-12.54.27:560][997]LogSavePackage: Save=136.85ms
[2018.04.19-12.54.27:560][997]LogSavePackage: Moving '../../../../../../Users/Brad/Documents/GitHub/Research-Project/Development/Saved/World_Auto1D0E29AEC494B329A63EFECB404FB2222.tmp' to '../../../../../../Users/Brad/Documents/GitHub/Research-Project/Development/Saved/Autosaves/Game/World_Auto1.umap'
[2018.04.19-12.54.27:561][997]LogSavePackage: Display: Finished SavePackage ../../../../../../Users/Brad/Documents/GitHub/Research-Project/Development/Saved/Autosaves/Game/World_Auto1.umap
[2018.04.19-12.54.27:563][997]LogFileHelpers: Editor autosave (incl. sublevels) for '/Game/World' took 0.167
[2018.04.19-12.54.27:564][997]LogFileHelpers: Editor autosave (incl. sublevels) for all levels took 0.167
[2018.04.19-12.56.48:125][ 61]BlueprintLog: New page: Compile BP_Catch
[2018.04.19-12.56.48:962][ 86]Cmd: OBJ SAVEPACKAGE PACKAGE="/Game/BP_Catch" FILE="../../../../../../Users/Brad/Documents/GitHub/Research-Project/Development/Content/BP_Catch.uasset" SILENT=true
[2018.04.19-12.56.49:007][ 86]LogSavePackage: Save=36.76ms
[2018.04.19-12.56.49:007][ 86]LogSavePackage: Moving '../../../../../../Users/Brad/Documents/GitHub/Research-Project/Development/Saved/BP_Catch77C5A5D349971725A329BCB3ADFD26CD.tmp' to '../../../../../../Users/Brad/Documents/GitHub/Research-Project/Development/Content/BP_Catch.uasset'
[2018.04.19-12.56.49:010][ 86]LogSavePackage: Display: Finished SavePackage ../../../../../../Users/Brad/Documents/GitHub/Research-Project/Development/Content/BP_Catch.uasset
[2018.04.19-13.04.27:919][ 35]LogSavePackage: Save=137.76ms
[2018.04.19-13.04.27:919][ 35]LogSavePackage: Moving '../../../../../../Users/Brad/Documents/GitHub/Research-Project/Development/Saved/World_Auto2F727667B4E6D1C441EE7F0BCE01A1449.tmp' to '../../../../../../Users/Brad/Documents/GitHub/Research-Project/Development/Saved/Autosaves/Game/World_Auto2.umap'
[2018.04.19-13.04.27:920][ 35]LogSavePackage: Display: Finished SavePackage ../../../../../../Users/Brad/Documents/GitHub/Research-Project/Development/Saved/Autosaves/Game/World_Auto2.umap
[2018.04.19-13.04.27:922][ 35]LogFileHelpers: Editor autosave (incl. sublevels) for '/Game/World' took 0.179
[2018.04.19-13.04.27:922][ 35]LogFileHelpers: Editor autosave (incl. sublevels) for all levels took 0.179
[2018.04.19-13.06.50:397][488]LogBlueprint: Warning: [Compiler ] Pasted node  CustomEvent   conflicted with  Event ActorBeginOverlap  and was replaced as a Custom Event!
[2018.04.19-13.09.36:617][614]LogEditorTransaction: Undo Move Nodes
[2018.04.19-13.09.37:117][631]LogEditorTransaction: Undo Move Node
[2018.04.19-13.09.37:581][647]LogEditorTransaction: Undo Move Node
[2018.04.19-13.09.38:072][664]LogEditorTransaction: Undo Create Pin Link
[2018.04.19-13.09.38:517][679]LogEditorTransaction: Undo Move Node
[2018.04.19-13.09.38:979][695]LogEditorTransaction: Undo Delete current selection
[2018.04.19-13.09.39:432][710]LogEditorTransaction: Undo Move Node
[2018.04.19-13.09.39:996][730]LogEditorTransaction: Undo Paste clipboard contents
[2018.04.19-13.09.41:038][770]LogEditorTransaction: Undo Delete current selection
[2018.04.19-13.09.41:527][797]LogEditorTransaction: Undo Move Node
[2018.04.19-13.09.41:978][821]LogEditorTransaction: Undo Move Node
[2018.04.19-13.09.42:428][845]LogEditorTransaction: Undo Move Node
[2018.04.19-13.09.42:921][872]LogEditorTransaction: Undo Create Pin Link
[2018.04.19-13.09.43:382][893]LogEditorTransaction: Undo Move Node
[2018.04.19-13.09.43:925][916]LogEditorTransaction: Undo Move Nodes
[2018.04.19-13.09.44:576][946]LogEditorTransaction: Undo Delete current selection
[2018.04.19-13.09.45:105][968]LogEditorTransaction: Undo Delete current selection
[2018.04.19-13.09.45:558][986]LogEditorTransaction: Undo Delete current selection
[2018.04.19-13.09.45:973][  2]LogEditorTransaction: Undo Delete current selection
[2018.04.19-13.09.46:434][ 20]LogEditorTransaction: Undo Delete current selection
[2018.04.19-13.09.46:951][ 41]LogEditorTransaction: Undo Paste clipboard contents
[2018.04.19-13.09.51:737][315]BlueprintLog: New page: Compile BP_Catch
[2018.04.19-13.09.52:387][327]Cmd: OBJ SAVEPACKAGE PACKAGE="/Game/BP_Catch" FILE="../../../../../../Users/Brad/Documents/GitHub/Research-Project/Development/Content/BP_Catch.uasset" SILENT=true
[2018.04.19-13.09.52:439][327]LogSavePackage: Save=36.68ms
[2018.04.19-13.09.52:439][327]LogSavePackage: Moving '../../../../../../Users/Brad/Documents/GitHub/Research-Project/Development/Saved/BP_Catch9D5FCB034F1FFDFC8350CDB5E2C623D8.tmp' to '../../../../../../Users/Brad/Documents/GitHub/Research-Project/Development/Content/BP_Catch.uasset'
[2018.04.19-13.09.52:443][327]LogSavePackage: Display: Finished SavePackage ../../../../../../Users/Brad/Documents/GitHub/Research-Project/Development/Content/BP_Catch.uasset
[2018.04.19-13.14.28:933][677]LogSavePackage: Save=139.35ms
[2018.04.19-13.14.28:933][677]LogSavePackage: Moving '../../../../../../Users/Brad/Documents/GitHub/Research-Project/Development/Saved/World_Auto3EB0A67C5441CE63DA1DD0E8E2B87AC67.tmp' to '../../../../../../Users/Brad/Documents/GitHub/Research-Project/Development/Saved/Autosaves/Game/World_Auto3.umap'
[2018.04.19-13.14.28:935][677]LogSavePackage: Display: Finished SavePackage ../../../../../../Users/Brad/Documents/GitHub/Research-Project/Development/Saved/Autosaves/Game/World_Auto3.umap
[2018.04.19-13.14.28:937][677]LogFileHelpers: Editor autosave (incl. sublevels) for '/Game/World' took 0.180
[2018.04.19-13.14.28:937][677]LogFileHelpers: Editor autosave (incl. sublevels) for all levels took 0.180
[2018.04.19-13.22.00:414][ 82]LogEditorTransaction: Undo Rename Node
[2018.04.19-13.22.00:822][106]LogEditorTransaction: Undo Rename Node
[2018.04.19-13.22.01:170][122]LogEditorTransaction: Undo Resize Node
[2018.04.19-13.22.01:516][138]LogEditorTransaction: Undo Move Node
[2018.04.19-13.22.02:128][168]LogEditorTransaction: Undo Rename Node
[2018.04.19-13.22.02:542][188]LogEditorTransaction: Undo Add Node
[2018.04.19-13.22.03:023][211]LogEditorTransaction: Undo Create Pin Link
[2018.04.19-13.22.03:621][240]LogEditorTransaction: Undo Move Node
[2018.04.19-13.22.04:117][264]LogEditorTransaction: Undo Move Node
[2018.04.19-13.22.04:769][296]LogEditorTransaction: Undo Delete current selection
[2018.04.19-13.22.08:539][497]BlueprintLog: New page: Compile BP_Catch
[2018.04.19-13.22.09:234][514]Cmd: OBJ SAVEPACKAGE PACKAGE="/Game/BP_Catch" FILE="../../../../../../Users/Brad/Documents/GitHub/Research-Project/Development/Content/BP_Catch.uasset" SILENT=true
[2018.04.19-13.22.09:286][514]LogSavePackage: Save=37.24ms
[2018.04.19-13.22.09:286][514]LogSavePackage: Moving '../../../../../../Users/Brad/Documents/GitHub/Research-Project/Development/Saved/BP_CatchE2B9F10F4C10CDEABD44DBB648AAE56C.tmp' to '../../../../../../Users/Brad/Documents/GitHub/Research-Project/Development/Content/BP_Catch.uasset'
[2018.04.19-13.22.09:290][514]LogSavePackage: Display: Finished SavePackage ../../../../../../Users/Brad/Documents/GitHub/Research-Project/Development/Content/BP_Catch.uasset
[2018.04.19-13.24.41:040][994]LogSavePackage: Save=151.06ms
[2018.04.19-13.24.41:041][994]LogSavePackage: Moving '../../../../../../Users/Brad/Documents/GitHub/Research-Project/Development/Saved/World_Auto46B978D364045C52BD0FAE281A88E448D.tmp' to '../../../../../../Users/Brad/Documents/GitHub/Research-Project/Development/Saved/Autosaves/Game/World_Auto4.umap'
[2018.04.19-13.24.41:043][994]LogSavePackage: Display: Finished SavePackage ../../../../../../Users/Brad/Documents/GitHub/Research-Project/Development/Saved/Autosaves/Game/World_Auto4.umap
[2018.04.19-13.24.41:045][994]LogFileHelpers: Editor autosave (incl. sublevels) for '/Game/World' took 0.191
[2018.04.19-13.24.41:045][994]LogFileHelpers: Editor autosave (incl. sublevels) for all levels took 0.191
[2018.04.19-13.47.16:130][788]BlueprintLog: New page: Compile BP_Catch
[2018.04.19-13.47.16:903][803]Cmd: OBJ SAVEPACKAGE PACKAGE="/Game/BP_Catch" FILE="../../../../../../Users/Brad/Documents/GitHub/Research-Project/Development/Content/BP_Catch.uasset" SILENT=true
[2018.04.19-13.47.16:955][803]LogSavePackage: Save=37.40ms
[2018.04.19-13.47.16:955][803]LogSavePackage: Moving '../../../../../../Users/Brad/Documents/GitHub/Research-Project/Development/Saved/BP_CatchDF12A2514B67F08EE5E7518E88D91944.tmp' to '../../../../../../Users/Brad/Documents/GitHub/Research-Project/Development/Content/BP_Catch.uasset'
[2018.04.19-13.47.16:960][803]LogSavePackage: Display: Finished SavePackage ../../../../../../Users/Brad/Documents/GitHub/Research-Project/Development/Content/BP_Catch.uasset
[2018.04.19-13.47.49:044][803]LogSavePackage: Save=136.59ms
[2018.04.19-13.47.49:044][803]LogSavePackage: Moving '../../../../../../Users/Brad/Documents/GitHub/Research-Project/Development/Saved/World_Auto52E213E184DAED8FA5367578896938E7B.tmp' to '../../../../../../Users/Brad/Documents/GitHub/Research-Project/Development/Saved/Autosaves/Game/World_Auto5.umap'
[2018.04.19-13.47.49:045][803]LogSavePackage: Display: Finished SavePackage ../../../../../../Users/Brad/Documents/GitHub/Research-Project/Development/Saved/Autosaves/Game/World_Auto5.umap
[2018.04.19-13.47.49:047][803]LogFileHelpers: Editor autosave (incl. sublevels) for '/Game/World' took 0.169
[2018.04.19-13.47.49:047][803]LogFileHelpers: Editor autosave (incl. sublevels) for all levels took 0.169
[2018.04.19-13.59.24:887][917]LogEditorTransaction: Undo Resize Node
[2018.04.19-13.59.25:010][924]LogEditorTransaction: Undo Move Node
[2018.04.19-13.59.25:167][929]LogEditorTransaction: Undo Resize Node
[2018.04.19-13.59.25:745][937]LogEditorTransaction: Undo Move Node
[2018.04.19-13.59.26:277][944]LogEditorTransaction: Undo Resize Node
[2018.04.19-13.59.26:802][951]LogEditorTransaction: Undo Move Node
[2018.04.19-13.59.27:324][958]LogEditorTransaction: Undo Rename Node
[2018.04.19-13.59.27:851][965]LogEditorTransaction: Undo Resize Node
[2018.04.19-13.59.28:378][972]LogEditorTransaction: Undo Rename Node
[2018.04.19-13.59.28:828][978]LogEditorTransaction: Undo Rename Node
[2018.04.19-13.59.29:352][985]LogEditorTransaction: Undo Add Node
[2018.04.19-13.59.30:326][998]LogEditorTransaction: Undo Create Pin Link
[2018.04.19-13.59.31:003][  7]LogEditorTransaction: Undo Delete current selection
[2018.04.19-13.59.32:838][ 30]BlueprintLog: New page: Compile BP_Catch
[2018.04.19-13.59.33:900][ 35]Cmd: OBJ SAVEPACKAGE PACKAGE="/Game/BP_Catch" FILE="../../../../../../Users/Brad/Documents/GitHub/Research-Project/Development/Content/BP_Catch.uasset" SILENT=true
[2018.04.19-13.59.33:953][ 35]LogSavePackage: Save=37.96ms
[2018.04.19-13.59.33:953][ 35]LogSavePackage: Moving '../../../../../../Users/Brad/Documents/GitHub/Research-Project/Development/Saved/BP_CatchE951E7684FEE9EA59C7601A50E438BA2.tmp' to '../../../../../../Users/Brad/Documents/GitHub/Research-Project/Development/Content/BP_Catch.uasset'
[2018.04.19-13.59.33:956][ 35]LogSavePackage: Display: Finished SavePackage ../../../../../../Users/Brad/Documents/GitHub/Research-Project/Development/Content/BP_Catch.uasset
[2018.04.19-13.59.59:025][320]LogSavePackage: Save=143.70ms
[2018.04.19-13.59.59:025][320]LogSavePackage: Moving '../../../../../../Users/Brad/Documents/GitHub/Research-Project/Development/Saved/World_Auto6B720C08B4FC202BA197F30B8A00E4355.tmp' to '../../../../../../Users/Brad/Documents/GitHub/Research-Project/Development/Saved/Autosaves/Game/World_Auto6.umap'
[2018.04.19-13.59.59:026][320]LogSavePackage: Display: Finished SavePackage ../../../../../../Users/Brad/Documents/GitHub/Research-Project/Development/Saved/Autosaves/Game/World_Auto6.umap
[2018.04.19-13.59.59:045][320]LogFileHelpers: Editor autosave (incl. sublevels) for '/Game/World' took 0.252
[2018.04.19-13.59.59:045][320]LogFileHelpers: Editor autosave (incl. sublevels) for all levels took 0.252
[2018.04.19-14.50.06:396][609]LogLinker: Can't find file '/Game/FirstPersonBP/Blueprints/Robot'
[2018.04.19-14.50.06:397][609]LogLinker: Can't find file '/Game/FirstPersonBP/Blueprints/Robot'
[2018.04.19-14.50.06:398][609]ImportText (PinInfo): Missing opening parenthesis: Name="Base" IsReference=0 PinContainerType="None" PinDir="EGPD_Output" Category=struct SubCategoryObject=/Script/CoreUObject.Rotator
[2018.04.19-14.50.06:398][609]ImportText (PinInfo): Missing opening parenthesis: Name="Arm1" IsReference=0 PinContainerType="None" PinDir="EGPD_Output" Category=struct SubCategoryObject=/Script/CoreUObject.Rotator
[2018.04.19-14.50.06:398][609]ImportText (PinInfo): Missing opening parenthesis: Name="Arm2" IsReference=0 PinContainerType="None" PinDir="EGPD_Output" Category=struct SubCategoryObject=/Script/CoreUObject.Rotator
[2018.04.19-14.50.23:494][838]LogSlate: Took 0.005166 seconds to synchronously load lazily loaded font '../../../Engine/Content/Slate/Fonts/Roboto-BoldCondensedItalic.ttf' (160K)
[2018.04.19-14.50.57:513][878]BlueprintLog: New page: Compile BP_Robot
[2018.04.19-14.50.58:996][925]Cmd: OBJ SAVEPACKAGE PACKAGE="/Game/Robot_Model/BP_Robot" FILE="../../../../../../Users/Brad/Documents/GitHub/Research-Project/Development/Content/Robot_Model/BP_Robot.uasset" SILENT=true
[2018.04.19-14.50.59:059][925]LogSavePackage: Save=39.45ms
[2018.04.19-14.50.59:059][925]LogSavePackage: Moving '../../../../../../Users/Brad/Documents/GitHub/Research-Project/Development/Saved/BP_Robot0D717C2C4A794690FFE66B91F7B0F90D.tmp' to '../../../../../../Users/Brad/Documents/GitHub/Research-Project/Development/Content/Robot_Model/BP_Robot.uasset'
[2018.04.19-14.50.59:063][925]LogSavePackage: Display: Finished SavePackage ../../../../../../Users/Brad/Documents/GitHub/Research-Project/Development/Content/Robot_Model/BP_Robot.uasset
[2018.04.19-14.51.43:986][711]LogSavePackage: Save=140.01ms
[2018.04.19-14.51.43:986][711]LogSavePackage: Moving '../../../../../../Users/Brad/Documents/GitHub/Research-Project/Development/Saved/World_Auto79E4D711F4236EDFC9A4A8E8F9F8D6FD3.tmp' to '../../../../../../Users/Brad/Documents/GitHub/Research-Project/Development/Saved/Autosaves/Game/World_Auto7.umap'
[2018.04.19-14.51.43:988][711]LogSavePackage: Display: Finished SavePackage ../../../../../../Users/Brad/Documents/GitHub/Research-Project/Development/Saved/Autosaves/Game/World_Auto7.umap
[2018.04.19-14.51.43:992][711]LogFileHelpers: Editor autosave (incl. sublevels) for '/Game/World' took 0.179
[2018.04.19-14.51.43:992][711]LogFileHelpers: Editor autosave (incl. sublevels) for all levels took 0.179
[2018.04.19-14.52.45:393][936]BlueprintLog: New page: Compile BP_Robot
[2018.04.19-14.52.46:169][954]Cmd: OBJ SAVEPACKAGE PACKAGE="/Game/Robot_Model/BP_Robot" FILE="../../../../../../Users/Brad/Documents/GitHub/Research-Project/Development/Content/Robot_Model/BP_Robot.uasset" SILENT=true
[2018.04.19-14.52.46:214][954]LogSavePackage: Save=37.61ms
[2018.04.19-14.52.46:215][954]LogSavePackage: Moving '../../../../../../Users/Brad/Documents/GitHub/Research-Project/Development/Saved/BP_RobotF5F7AE064F97845D4F1C9EBACD04B41D.tmp' to '../../../../../../Users/Brad/Documents/GitHub/Research-Project/Development/Content/Robot_Model/BP_Robot.uasset'
[2018.04.19-14.52.46:218][954]LogSavePackage: Display: Finished SavePackage ../../../../../../Users/Brad/Documents/GitHub/Research-Project/Development/Content/Robot_Model/BP_Robot.uasset
[2018.04.19-14.53.19:343][507]LogSlate: Window 'BP_Robot' being destroyed
[2018.04.19-14.53.19:346][507]LogSlate: Window 'BP_Robot' being destroyed
[2018.04.19-14.53.19:478][507]LogActorComponent: UnregisterComponent: (/Engine/Transient.EditorFloorComp) Not registered. Aborting.
[2018.04.19-14.53.22:357][807]Cmd: OBJ SAVEPACKAGE PACKAGE="/Game/World" FILE="../../../../../../Users/Brad/Documents/GitHub/Research-Project/Development/Content/World.umap" SILENT=true AUTOSAVING=false KEEPDIRTY=false
[2018.04.19-14.53.22:523][807]LogSavePackage: Save=138.09ms
[2018.04.19-14.53.22:523][807]LogSavePackage: Moving '../../../../../../Users/Brad/Documents/GitHub/Research-Project/Development/Saved/World58E233AB44DCCE7182E6F3AC7A08314B.tmp' to '../../../../../../Users/Brad/Documents/GitHub/Research-Project/Development/Content/World.umap'
[2018.04.19-14.53.22:528][807]LogSavePackage: Display: Finished SavePackage ../../../../../../Users/Brad/Documents/GitHub/Research-Project/Development/Content/World.umap
[2018.04.19-14.53.22:568][807]Cmd: OBJ SAVEPACKAGE PACKAGE="/Game/World_BuiltData" FILE="../../../../../../Users/Brad/Documents/GitHub/Research-Project/Development/Content/World_BuiltData.uasset" SILENT=true
[2018.04.19-14.53.22:621][807]LogSavePackage: Save=39.98ms
[2018.04.19-14.53.22:621][807]LogSavePackage: Moving '../../../../../../Users/Brad/Documents/GitHub/Research-Project/Development/Saved/World_BuiltDataF513D159497D62E768DC3CAAD7521E8D.tmp' to '../../../../../../Users/Brad/Documents/GitHub/Research-Project/Development/Content/World_BuiltData.uasset'
[2018.04.19-14.53.22:622][807]LogSavePackage: Display: Finished SavePackage ../../../../../../Users/Brad/Documents/GitHub/Research-Project/Development/Content/World_BuiltData.uasset
