Log file open, 04/12/18 18:36:33
LogWindows: Failed to load 'aqProf.dll' (GetLastError=126)
LogWindows: File 'aqProf.dll' does not exist
LogWindows: Failed to load 'VSPerf140.dll' (GetLastError=126)
LogWindows: File 'VSPerf140.dll' does not exist
LogWindows: Failed to load 'VtuneApi.dll' (GetLastError=126)
LogWindows: File 'VtuneApi.dll' does not exist
LogWindows: Failed to load 'VtuneApi32e.dll' (GetLastError=126)
LogWindows: File 'VtuneApi32e.dll' does not exist
LogInit: Display: Running engine for game: Development
LogPlatformFile: Not using cached read wrapper
LogInit: Display: RandInit(700462879) SRandInit(700462879).
LogInit: Read version file with build ID '3944462'
LogInit: Overriding engine version to CL 3944462, compatible CL 3944462
LogInit: Registered custom module enumerator with build ID '3944462'
LogTaskGraph: Started task graph with 5 named threads and 23 total threads with 3 sets of task threads.
LogStats: Stats thread started at 0.270067
LogD3D11RHI: Aftermath initialized
LogICUInternationalization: Display: ICU TimeZone Detection - Raw Offset: +0:00, Platform Override: ''
LogModuleManager: Display: Found up-to-date module file ../../../Engine/Plugins/2D/Paper2D/Binaries/Win64/UE4Editor-Paper2D.dll (API version 3944462).
LogModuleManager: Display: Found up-to-date module file ../../../Engine/Plugins/2D/Paper2D/Binaries/Win64/UE4Editor-Paper2DEditor.dll (API version 3944462).
LogModuleManager: Display: Found up-to-date module file ../../../Engine/Plugins/2D/Paper2D/Binaries/Win64/UE4Editor-PaperSpriteSheetImporter.dll (API version 3944462).
LogModuleManager: Display: Found up-to-date module file ../../../Engine/Plugins/2D/Paper2D/Binaries/Win64/UE4Editor-PaperTiledImporter.dll (API version 3944462).
LogModuleManager: Display: Found up-to-date module file ../../../Engine/Plugins/2D/Paper2D/Binaries/Win64/UE4Editor-SmartSnapping.dll (API version 3944462).
LogModuleManager: Display: Found up-to-date module file ../../../Engine/Plugins/Blendables/LightPropagationVolume/Binaries/Win64/UE4Editor-LightPropagationVolumeRuntime.dll (API version 3944462).
LogModuleManager: Display: Found up-to-date module file ../../../Engine/Plugins/Blendables/LightPropagationVolume/Binaries/Win64/UE4Editor-LightPropagationVolumeEditor.dll (API version 3944462).
LogModuleManager: Display: Found up-to-date module file ../../../Engine/Plugins/Developer/CLionSourceCodeAccess/Binaries/Win64/UE4Editor-CLionSourceCodeAccess.dll (API version 3944462).
LogModuleManager: Display: Found up-to-date module file ../../../Engine/Plugins/Developer/GitSourceControl/Binaries/Win64/UE4Editor-GitSourceControl.dll (API version 3944462).
LogModuleManager: Display: Found up-to-date module file ../../../Engine/Plugins/Developer/PerforceSourceControl/Binaries/Win64/UE4Editor-PerforceSourceControl.dll (API version 3944462).
LogModuleManager: Display: Found up-to-date module file ../../../Engine/Plugins/Developer/SubversionSourceControl/Binaries/Win64/UE4Editor-SubversionSourceControl.dll (API version 3944462).
LogModuleManager: Display: Found up-to-date module file ../../../Engine/Plugins/Developer/UObjectPlugin/Binaries/Win64/UE4Editor-UObjectPlugin.dll (API version 3944462).
LogModuleManager: Display: Found up-to-date module file ../../../Engine/Plugins/Developer/VisualStudioCodeSourceCodeAccess/Binaries/Win64/UE4Editor-VisualStudioCodeSourceCodeAccess.dll (API version 3944462).
LogModuleManager: Display: Found up-to-date module file ../../../Engine/Plugins/Developer/VisualStudioSourceCodeAccess/Binaries/Win64/UE4Editor-VisualStudioSourceCodeAccess.dll (API version 3944462).
LogModuleManager: Display: Found up-to-date module file ../../../Engine/Plugins/Editor/AssetManagerEditor/Binaries/Win64/UE4Editor-AssetManagerEditor.dll (API version 3944462).
LogModuleManager: Display: Found up-to-date module file ../../../Engine/Plugins/Editor/CryptoKeys/Binaries/Win64/UE4Editor-CryptoKeys.dll (API version 3944462).
LogModuleManager: Display: Found up-to-date module file ../../../Engine/Plugins/Editor/CryptoKeys/Binaries/Win64/UE4Editor-CryptoKeysOpenSSL.dll (API version 3944462).
LogModuleManager: Display: Found up-to-date module file ../../../Engine/Plugins/Editor/DataValidation/Binaries/Win64/UE4Editor-DataValidation.dll (API version 3944462).
LogModuleManager: Display: Found up-to-date module file ../../../Engine/Plugins/Editor/FacialAnimation/Binaries/Win64/UE4Editor-FacialAnimation.dll (API version 3944462).
LogModuleManager: Display: Found up-to-date module file ../../../Engine/Plugins/Editor/FacialAnimation/Binaries/Win64/UE4Editor-FacialAnimationEditor.dll (API version 3944462).
LogModuleManager: Display: Found up-to-date module file ../../../Engine/Plugins/Editor/GameplayTagsEditor/Binaries/Win64/UE4Editor-GameplayTagsEditor.dll (API version 3944462).
LogModuleManager: Display: Found up-to-date module file ../../../Engine/Plugins/Editor/MobileLauncherProfileWizard/Binaries/Win64/UE4Editor-MobileLauncherProfileWizard.dll (API version 3944462).
LogModuleManager: Display: Found up-to-date module file ../../../Engine/Plugins/Editor/PluginBrowser/Binaries/Win64/UE4Editor-PluginBrowser.dll (API version 3944462).
LogModuleManager: Display: Found up-to-date module file ../../../Engine/Plugins/Editor/SpeedTreeImporter/Binaries/Win64/UE4Editor-SpeedTreeImporter.dll (API version 3944462).
LogModuleManager: Display: Found up-to-date module file ../../../Engine/Plugins/Enterprise/DatasmithContent/Binaries/Win64/UE4Editor-DatasmithContent.dll (API version 3944462).
LogModuleManager: Display: Found up-to-date module file ../../../Engine/Plugins/Experimental/AlembicImporter/Binaries/Win64/UE4Editor-AlembicImporter.dll (API version 3944462).
LogModuleManager: Display: Found up-to-date module file ../../../Engine/Plugins/Experimental/AlembicImporter/Binaries/Win64/UE4Editor-AlembicLibrary.dll (API version 3944462).
LogModuleManager: Display: Found up-to-date module file ../../../Engine/Plugins/Experimental/CharacterAI/Binaries/Win64/UE4Editor-CharacterAI.dll (API version 3944462).
LogModuleManager: Display: Found up-to-date module file ../../../Engine/Plugins/Experimental/HTML5Networking/Binaries/Win64/UE4Editor-HTML5Networking.dll (API version 3944462).
LogModuleManager: Display: Found up-to-date module file ../../../Engine/Plugins/Media/AndroidMedia/Binaries/Win64/UE4Editor-AndroidMediaEditor.dll (API version 3944462).
LogModuleManager: Display: Found up-to-date module file ../../../Engine/Plugins/Media/AndroidMedia/Binaries/Win64/UE4Editor-AndroidMediaFactory.dll (API version 3944462).
LogModuleManager: Display: Found up-to-date module file ../../../Engine/Plugins/Media/AvfMedia/Binaries/Win64/UE4Editor-AvfMediaEditor.dll (API version 3944462).
LogModuleManager: Display: Found up-to-date module file ../../../Engine/Plugins/Media/AvfMedia/Binaries/Win64/UE4Editor-AvfMediaFactory.dll (API version 3944462).
LogModuleManager: Display: Found up-to-date module file ../../../Engine/Plugins/Media/AvfMedia/Binaries/Win64/UE4Editor-AvfMediaFactory.dll (API version 3944462).
LogModuleManager: Display: Found up-to-date module file ../../../Engine/Plugins/Media/ImgMedia/Binaries/Win64/UE4Editor-ImgMedia.dll (API version 3944462).
LogModuleManager: Display: Found up-to-date module file ../../../Engine/Plugins/Media/ImgMedia/Binaries/Win64/UE4Editor-ImgMediaEditor.dll (API version 3944462).
LogModuleManager: Display: Found up-to-date module file ../../../Engine/Plugins/Media/ImgMedia/Binaries/Win64/UE4Editor-ImgMediaFactory.dll (API version 3944462).
LogModuleManager: Display: Found up-to-date module file ../../../Engine/Plugins/Media/ImgMedia/Binaries/Win64/UE4Editor-ImgMediaFactory.dll (API version 3944462).
LogModuleManager: Display: Found up-to-date module file ../../../Engine/Plugins/Media/ImgMedia/Binaries/Win64/UE4Editor-OpenExrWrapper.dll (API version 3944462).
LogModuleManager: Display: Found up-to-date module file ../../../Engine/Plugins/Media/LinearTimecode/Binaries/Win64/UE4Editor-LinearTimecode.dll (API version 3944462).
LogModuleManager: Display: Found up-to-date module file ../../../Engine/Plugins/Media/MediaCompositing/Binaries/Win64/UE4Editor-MediaCompositing.dll (API version 3944462).
LogModuleManager: Display: Found up-to-date module file ../../../Engine/Plugins/Media/MediaCompositing/Binaries/Win64/UE4Editor-MediaCompositingEditor.dll (API version 3944462).
LogModuleManager: Display: Found up-to-date module file ../../../Engine/Plugins/Media/MediaPlayerEditor/Binaries/Win64/UE4Editor-MediaPlayerEditor.dll (API version 3944462).
LogModuleManager: Display: Found up-to-date module file ../../../Engine/Plugins/Media/WmfMedia/Binaries/Win64/UE4Editor-WmfMedia.dll (API version 3944462).
LogModuleManager: Display: Found up-to-date module file ../../../Engine/Plugins/Media/WmfMedia/Binaries/Win64/UE4Editor-WmfMediaEditor.dll (API version 3944462).
LogModuleManager: Display: Found up-to-date module file ../../../Engine/Plugins/Media/WmfMedia/Binaries/Win64/UE4Editor-WmfMediaFactory.dll (API version 3944462).
LogModuleManager: Display: Found up-to-date module file ../../../Engine/Plugins/Media/WmfMedia/Binaries/Win64/UE4Editor-WmfMediaFactory.dll (API version 3944462).
LogModuleManager: Display: Found up-to-date module file ../../../Engine/Plugins/Messaging/TcpMessaging/Binaries/Win64/UE4Editor-TcpMessaging.dll (API version 3944462).
LogModuleManager: Display: Found up-to-date module file ../../../Engine/Plugins/Messaging/UdpMessaging/Binaries/Win64/UE4Editor-UdpMessaging.dll (API version 3944462).
LogModuleManager: Display: Found up-to-date module file ../../../Engine/Plugins/MovieScene/ActorSequence/Binaries/Win64/UE4Editor-ActorSequence.dll (API version 3944462).
LogModuleManager: Display: Found up-to-date module file ../../../Engine/Plugins/MovieScene/LevelSequenceEditor/Binaries/Win64/UE4Editor-LevelSequenceEditor.dll (API version 3944462).
LogModuleManager: Display: Found up-to-date module file ../../../Engine/Plugins/MovieScene/MatineeToLevelSequence/Binaries/Win64/UE4Editor-MatineeToLevelSequence.dll (API version 3944462).
LogModuleManager: Display: Found up-to-date module file ../../../Engine/Plugins/NetcodeUnitTest/NetcodeUnitTest/Binaries/Win64/UE4Editor-NetcodeUnitTest.dll (API version 3944462).
LogModuleManager: Display: Found up-to-date module file ../../../Engine/Plugins/NetcodeUnitTest/NUTUnrealEngine4/Binaries/Win64/UE4Editor-NUTUnrealEngine4.dll (API version 3944462).
LogModuleManager: Display: Found up-to-date module file ../../../Engine/Plugins/Online/OnlineSubsystem/Binaries/Win64/UE4Editor-OnlineSubsystem.dll (API version 3944462).
LogModuleManager: Display: Found up-to-date module file ../../../Engine/Plugins/Runtime/AndroidPermission/Binaries/Win64/UE4Editor-AndroidPermission.dll (API version 3944462).
LogModuleManager: Display: Found up-to-date module file ../../../Engine/Plugins/Online/OnlineSubsystemNull/Binaries/Win64/UE4Editor-OnlineSubsystemNull.dll (API version 3944462).
LogModuleManager: Display: Found up-to-date module file ../../../Engine/Plugins/Online/OnlineSubsystemUtils/Binaries/Win64/UE4Editor-OnlineSubsystemUtils.dll (API version 3944462).
LogModuleManager: Display: Found up-to-date module file ../../../Engine/Plugins/Online/OnlineSubsystemUtils/Binaries/Win64/UE4Editor-OnlineBlueprintSupport.dll (API version 3944462).
LogModuleManager: Display: Found up-to-date module file ../../../Engine/Plugins/Runtime/AndroidDeviceProfileSelector/Binaries/Win64/UE4Editor-AndroidDeviceProfileSelector.dll (API version 3944462).
LogModuleManager: Display: Found up-to-date module file ../../../Engine/Plugins/Runtime/AppleARKit/Binaries/Win64/UE4Editor-AppleARKit.dll (API version 3944462).
LogModuleManager: Display: Found up-to-date module file ../../../Engine/Plugins/Runtime/ProceduralMeshComponent/Binaries/Win64/UE4Editor-ProceduralMeshComponent.dll (API version 3944462).
LogModuleManager: Display: Found up-to-date module file ../../../Engine/Plugins/Runtime/ProceduralMeshComponent/Binaries/Win64/UE4Editor-ProceduralMeshComponentEditor.dll (API version 3944462).
LogModuleManager: Display: Found up-to-date module file ../../../Engine/Plugins/Animation/LiveLink/Binaries/Win64/UE4Editor-LiveLink.dll (API version 3944462).
LogModuleManager: Display: Found up-to-date module file ../../../Engine/Plugins/Animation/LiveLink/Binaries/Win64/UE4Editor-LiveLinkEditor.dll (API version 3944462).
LogModuleManager: Display: Found up-to-date module file ../../../Engine/Plugins/Runtime/ArchVisCharacter/Binaries/Win64/UE4Editor-ArchVisCharacter.dll (API version 3944462).
LogModuleManager: Display: Found up-to-date module file ../../../Engine/Plugins/Runtime/AudioCapture/Binaries/Win64/UE4Editor-AudioCapture.dll (API version 3944462).
LogModuleManager: Display: Found up-to-date module file ../../../Engine/Plugins/Runtime/AudioCapture/Binaries/Win64/UE4Editor-AudioCaptureEditor.dll (API version 3944462).
LogModuleManager: Display: Found up-to-date module file ../../../Engine/Plugins/Runtime/CableComponent/Binaries/Win64/UE4Editor-CableComponent.dll (API version 3944462).
LogModuleManager: Display: Found up-to-date module file ../../../Engine/Plugins/Runtime/CustomMeshComponent/Binaries/Win64/UE4Editor-CustomMeshComponent.dll (API version 3944462).
LogModuleManager: Display: Found up-to-date module file ../../../Engine/Plugins/Runtime/ExampleDeviceProfileSelector/Binaries/Win64/UE4Editor-ExampleDeviceProfileSelector.dll (API version 3944462).
LogModuleManager: Display: Found up-to-date module file ../../../Engine/Plugins/Runtime/ImmediatePhysics/Binaries/Win64/UE4Editor-ImmediatePhysics.dll (API version 3944462).
LogModuleManager: Display: Found up-to-date module file ../../../Engine/Plugins/Runtime/ImmediatePhysics/Binaries/Win64/UE4Editor-ImmediatePhysicsEditor.dll (API version 3944462).
LogModuleManager: Display: Found up-to-date module file ../../../Engine/Plugins/Runtime/LocationServicesBPLibrary/Binaries/Win64/UE4Editor-LocationServicesBPLibrary.dll (API version 3944462).
LogModuleManager: Display: Found up-to-date module file ../../../Engine/Plugins/Runtime/MobilePatchingUtils/Binaries/Win64/UE4Editor-MobilePatchingUtils.dll (API version 3944462).
LogModuleManager: Display: Found up-to-date module file ../../../Engine/Plugins/Runtime/Oculus/OculusVR/Binaries/Win64/UE4Editor-OculusHMD.dll (API version 3944462).
LogModuleManager: Display: Found up-to-date module file ../../../Engine/Plugins/Runtime/Oculus/OculusVR/Binaries/Win64/UE4Editor-OculusInput.dll (API version 3944462).
LogModuleManager: Display: Found up-to-date module file ../../../Engine/Plugins/Runtime/Oculus/OculusVR/Binaries/Win64/UE4Editor-OculusEditor.dll (API version 3944462).
LogModuleManager: Display: Found up-to-date module file ../../../Engine/Plugins/Runtime/PhysXVehicles/Binaries/Win64/UE4Editor-PhysXVehicles.dll (API version 3944462).
LogModuleManager: Display: Found up-to-date module file ../../../Engine/Plugins/Runtime/PhysXVehicles/Binaries/Win64/UE4Editor-PhysXVehiclesEditor.dll (API version 3944462).
LogModuleManager: Display: Found up-to-date module file ../../../Engine/Plugins/Runtime/RuntimePhysXCooking/Binaries/Win64/UE4Editor-RuntimePhysXCooking.dll (API version 3944462).
LogModuleManager: Display: Found up-to-date module file ../../../Engine/Plugins/Runtime/Steam/SteamVR/Binaries/Win64/UE4Editor-SteamVR.dll (API version 3944462).
LogModuleManager: Display: Found up-to-date module file ../../../Engine/Plugins/Runtime/Steam/SteamVR/Binaries/Win64/UE4Editor-SteamVRController.dll (API version 3944462).
LogModuleManager: Display: Found up-to-date module file ../../../Engine/Plugins/Runtime/WindowsMoviePlayer/Binaries/Win64/UE4Editor-WindowsMoviePlayer.dll (API version 3944462).
LogPluginManager: Mounting plugin Paper2D
LogPluginManager: Mounting plugin LiveLink
LogPluginManager: Mounting plugin LightPropagationVolume
LogPluginManager: Mounting plugin CLionSourceCodeAccess
LogPluginManager: Mounting plugin CodeLiteSourceCodeAccess
LogPluginManager: Mounting plugin GitSourceControl
LogPluginManager: Mounting plugin KDevelopSourceCodeAccess
LogPluginManager: Mounting plugin NullSourceCodeAccess
LogPluginManager: Mounting plugin PerforceSourceControl
LogPluginManager: Mounting plugin SubversionSourceControl
LogPluginManager: Mounting plugin UObjectPlugin
LogPluginManager: Mounting plugin VisualStudioCodeSourceCodeAccess
LogPluginManager: Mounting plugin VisualStudioSourceCodeAccess
LogPluginManager: Mounting plugin XCodeSourceCodeAccess
LogPluginManager: Mounting plugin AssetManagerEditor
LogPluginManager: Mounting plugin CryptoKeys
LogPluginManager: Mounting plugin DataValidation
LogPluginManager: Mounting plugin FacialAnimation
LogPluginManager: Mounting plugin GameplayTagsEditor
LogPluginManager: Mounting plugin MobileLauncherProfileWizard
LogPluginManager: Mounting plugin PluginBrowser
LogPluginManager: Mounting plugin SpeedTreeImporter
LogPluginManager: Mounting plugin DatasmithContent
LogPluginManager: Mounting plugin AlembicImporter
LogPluginManager: Mounting plugin CharacterAI
LogPluginManager: Mounting plugin HTML5Networking
LogPluginManager: Mounting plugin AndroidMedia
LogPluginManager: Mounting plugin AvfMedia
LogPluginManager: Mounting plugin ImgMedia
LogPluginManager: Mounting plugin LinearTimecode
LogPluginManager: Mounting plugin MediaCompositing
LogPluginManager: Mounting plugin MediaPlayerEditor
LogPluginManager: Mounting plugin WmfMedia
LogPluginManager: Mounting plugin TcpMessaging
LogPluginManager: Mounting plugin UdpMessaging
LogPluginManager: Mounting plugin ActorSequence
LogPluginManager: Mounting plugin LevelSequenceEditor
LogPluginManager: Mounting plugin MatineeToLevelSequence
LogPluginManager: Mounting plugin NetcodeUnitTest
LogPluginManager: Mounting plugin NUTUnrealEngine4
LogPluginManager: Mounting plugin OnlineSubsystemGooglePlay
LogPluginManager: Mounting plugin OnlineSubsystemIOS
LogPluginManager: Mounting plugin OnlineSubsystem
LogPluginManager: Mounting plugin OnlineSubsystemNull
LogPluginManager: Mounting plugin OnlineSubsystemUtils
LogPluginManager: Mounting plugin AndroidDeviceProfileSelector
LogPluginManager: Mounting plugin AndroidMoviePlayer
LogPluginManager: Mounting plugin AndroidPermission
LogPluginManager: Mounting plugin AppleARKit
LogPluginManager: Mounting plugin AppleMoviePlayer
LogPluginManager: Mounting plugin ArchVisCharacter
LogPluginManager: Mounting plugin AudioCapture
LogPluginManager: Mounting plugin CableComponent
LogPluginManager: Mounting plugin CustomMeshComponent
LogPluginManager: Mounting plugin ExampleDeviceProfileSelector
LogPluginManager: Mounting plugin GoogleCloudMessaging
LogPluginManager: Mounting plugin ImmediatePhysics
LogPluginManager: Mounting plugin IOSDeviceProfileSelector
LogPluginManager: Mounting plugin LinuxDeviceProfileSelector
LogPluginManager: Mounting plugin LocationServicesBPLibrary
LogPluginManager: Mounting plugin MobilePatchingUtils
LogPluginManager: Mounting plugin OculusVR
LogPluginManager: Plugin shader directory ../../../Engine/Plugins/Runtime/Oculus/OculusVR/Shaders found
LogPluginManager: Mapping shader source directory ../../../Engine/Plugins/Runtime/Oculus/OculusVR/Shaders to virtual directory /Plugin/OculusVR
LogPluginManager: Mounting plugin PhysXVehicles
LogPluginManager: Mounting plugin ProceduralMeshComponent
LogPluginManager: Mounting plugin RuntimePhysXCooking
LogPluginManager: Mounting plugin SteamVR
LogPluginManager: Mounting plugin WindowsMoviePlayer
LogStreaming: Display: Took  1.367s to configure plugins.
LogInit: Using libcurl 7.47.1
LogInit:  - built for x86_64-pc-win32
LogInit:  - supports SSL with OpenSSL/1.0.2g
LogInit:  - supports HTTP deflate (compression) using libz 1.2.8
LogInit:  - other features:
LogInit:      CURL_VERSION_SSL
LogInit:      CURL_VERSION_LIBZ
LogInit:      CURL_VERSION_IPV6
LogInit:      CURL_VERSION_ASYNCHDNS
LogInit:      CURL_VERSION_LARGEFILE
LogInit:      CURL_VERSION_IDN
LogInit:  CurlRequestOptions (configurable via config and command line):
LogInit:  - bVerifyPeer = false  - Libcurl will NOT verify peer certificate
LogInit:  - bUseHttpProxy = false  - Libcurl will NOT use HTTP proxy
LogInit:  - bDontReuseConnections = false  - Libcurl will reuse connections
LogInit:  - CertBundlePath = nullptr  - Libcurl will use whatever was configured at build time.
LogInit:  - MaxHostConnections = 16  - Libcurl will limit the number of connections to a host
LogInit:  - LocalHostAddr = Default
LogInit: WinSock: version 1.1 (2.2), MaxSocks=32767, MaxUdp=65467
LogInit: WinSock: I am COMP-PC6037 (129.11.146.87:0)
LogInit: Build: ++UE4+Release-4.19-CL-3944462
LogInit: Engine Version: 4.19.0-3944462+++UE4+Release-4.19
LogInit: Compatible Engine Version: 4.19.0-3944462+++UE4+Release-4.19
LogInit: Net CL: 3944462
LogDevObjectVersion: Number of dev versions registered: 18
LogDevObjectVersion:   Dev-Blueprints (B0D832E4-1F89-4F0D-ACCF-7EB736FD4AA2): 10
LogDevObjectVersion:   Dev-Build (E1C64328-A22C-4D53-A36C-8E866417BD8C): 0
LogDevObjectVersion:   Dev-Core (375EC13C-06E4-48FB-B500-84F0262A717E): 2
LogDevObjectVersion:   Dev-Editor (E4B068ED-F494-42E9-A231-DA0B2E46BB41): 23
LogDevObjectVersion:   Dev-Framework (CFFC743F-43B0-4480-9391-14DF171D2073): 33
LogDevObjectVersion:   Dev-Mobile (B02B49B5-BB20-44E9-A304-32B752E40360): 2
LogDevObjectVersion:   Dev-Networking (A4E4105C-59A1-49B5-A7C5-40C4547EDFEE): 0
LogDevObjectVersion:   Dev-Online (39C831C9-5AE6-47DC-9A44-9C173E1C8E7C): 0
LogDevObjectVersion:   Dev-Physics (78F01B33-EBEA-4F98-B9B4-84EACCB95AA2): 0
LogDevObjectVersion:   Dev-Platform (6631380F-2D4D-43E0-8009-CF276956A95A): 0
LogDevObjectVersion:   Dev-Rendering (12F88B9F-8875-4AFC-A67C-D90C383ABD29): 25
LogDevObjectVersion:   Dev-Sequencer (7B5AE74C-D270-4C10-A958-57980B212A5A): 6
LogDevObjectVersion:   Dev-VR (D7296918-1DD6-4BDD-9DE2-64A83CC13884): 1
LogDevObjectVersion:   Dev-LoadTimes (C2A15278-BFE7-4AFE-6C17-90FF531DF755): 1
LogDevObjectVersion:   Private-Geometry (6EACA3D4-40EC-4CC1-B786-8BED09428FC5): 2
LogDevObjectVersion:   Dev-AnimPhys (29E575DD-E0A3-4627-9D10-D276232CDCEA): 16
LogDevObjectVersion:   Dev-ReflectionCapture (6B266CEC-1EC7-4B8F-A30B-E4D90942FC07): 1
LogDevObjectVersion:   Dev-Automation (0DF73D61-A23F-47EA-B727-89E90C41499A): 1
LogInit: Compiled (64-bit): Mar 13 2018 23:12:32
LogInit: Compiled with Visual C++: 19.00.24215.01
LogInit: Build Configuration: Development
LogInit: Branch Name: ++UE4+Release-4.19
LogInit: Command Line: 
LogInit: Base Directory: C:/Program Files/Epic Games/UE_4.19/Engine/Binaries/Win64/
LogInit: Installed Engine Build: 1
LogStreaming: Display: Took  0.000s to delete old logs.
LogInit: Presizing for max 8388607 objects, including 0 objects not considered by GC, pre-allocating 0 bytes for permanent pool.
LogInit: Object subsystem initialized
[2018.04.12-17.36.35:499][  0]LogInit: Selected Device Profile: [Windows]
[2018.04.12-17.36.35:499][  0]LogInit: Applying CVar settings loaded from the selected device profile: [Windows]
[2018.04.12-17.36.35:521][  0]LogInit: Computer: COMP-PC6037
[2018.04.12-17.36.35:521][  0]LogInit: User: sc14bjm
[2018.04.12-17.36.35:521][  0]LogInit: CPU Page size=4096, Cores=4
[2018.04.12-17.36.35:521][  0]LogInit: High frequency timer resolution =3.415987 MHz
[2018.04.12-17.36.35:522][  0]LogMemory: Memory total: Physical=15.9GB (16GB approx)
[2018.04.12-17.36.35:522][  0]LogMemory: Platform Memory Stats for Windows
[2018.04.12-17.36.35:522][  0]LogMemory: Process Physical Memory: 274.45 MB used, 274.45 MB peak
[2018.04.12-17.36.35:522][  0]LogMemory: Process Virtual Memory: 264.67 MB used, 264.67 MB peak
[2018.04.12-17.36.35:522][  0]LogMemory: Physical Memory: 3830.65 MB used,  12464.05 MB free, 16294.70 MB total
[2018.04.12-17.36.35:522][  0]LogMemory: Virtual Memory: 692.77 MB used,  12464.05 MB free, 134217728.00 MB total
[2018.04.12-17.36.35:545][  0]LogInit: Using OS detected language (en-US).
[2018.04.12-17.36.35:545][  0]LogInit: Using OS detected locale (en-GB).
[2018.04.12-17.36.35:550][  0]LogTextLocalizationManager: No specific localization for 'en-US' exists, so the 'en' localization will be used.
[2018.04.12-17.36.35:993][  0]LogStreaming: Display: Took  0.448s to EndInitTextLocalization.
[2018.04.12-17.36.35:993][  0]LogInit: Setting process to per monitor DPI aware
[2018.04.12-17.36.36:041][  0]LogSlate: New Slate User Created.  User Index 0, Is Virtual User: 0
[2018.04.12-17.36.36:041][  0]LogSlate: Slate User Registered.  User Index 0, Is Virtual User: 0
[2018.04.12-17.36.36:333][  0]LogD3D11RHI: D3D11 adapters:
[2018.04.12-17.36.36:411][  0]LogD3D11RHI:    0. 'NVIDIA GeForce GTX 1070' (Feature Level 11_0)
[2018.04.12-17.36.36:411][  0]LogD3D11RHI:       8088/0/8147 MB DedicatedVideo/DedicatedSystem/SharedSystem, Outputs:1, VendorId:0x10de
[2018.04.12-17.36.36:414][  0]LogD3D11RHI:    1. 'Microsoft Basic Render Driver' (Feature Level 11_0)
[2018.04.12-17.36.36:414][  0]LogD3D11RHI:       0/0/8147 MB DedicatedVideo/DedicatedSystem/SharedSystem, Outputs:0, VendorId:0x1414
[2018.04.12-17.36.36:414][  0]LogD3D11RHI: Chosen D3D11 Adapter: 0
[2018.04.12-17.36.36:420][  0]LogD3D11RHI: Creating new Direct3DDevice
[2018.04.12-17.36.36:420][  0]LogD3D11RHI:     GPU DeviceId: 0x1b81 (for the marketing name, search the web for "GPU Device Id")
[2018.04.12-17.36.36:420][  0]LogWindows: EnumDisplayDevices:
[2018.04.12-17.36.36:420][  0]LogWindows:    0. 'NVIDIA GeForce GTX 1070' (P:1 D:1)
[2018.04.12-17.36.36:420][  0]LogWindows:    1. 'NVIDIA GeForce GTX 1070' (P:0 D:0)
[2018.04.12-17.36.36:420][  0]LogWindows:    2. 'NVIDIA GeForce GTX 1070' (P:0 D:0)
[2018.04.12-17.36.36:421][  0]LogWindows:    3. 'NVIDIA GeForce GTX 1070' (P:0 D:0)
[2018.04.12-17.36.36:421][  0]LogWindows: DebugString: GetVideoDriverDetailsInvalid PrimaryIsNotTheChoosenAdapter GetVideoDriverDetailsInvalid PrimaryIsNotTheChoosenAdapter GetVideoDriverDetailsInvalid PrimaryIsNotTheChoosenAdapter GetVideoDriverDetailsInvalid PrimaryIsNotTheChoosenAdapter FoundDriverCount:0 
[2018.04.12-17.36.36:421][  0]LogD3D11RHI:     Adapter Name: NVIDIA GeForce GTX 1070
[2018.04.12-17.36.36:421][  0]LogD3D11RHI:   Driver Version: Unknown (internal:Unknown, unified:Unknown)
[2018.04.12-17.36.36:421][  0]LogD3D11RHI:      Driver Date: Unknown
[2018.04.12-17.36.36:421][  0]LogRHI: Texture pool is 5661 MB (70% of 8088 MB)
[2018.04.12-17.36.36:460][  0]LogD3D11RHI: [Aftermath] Aftermath enabled and primed
[2018.04.12-17.36.36:460][  0]LogD3D11RHI: Async texture creation enabled
[2018.04.12-17.36.36:478][  0]LogD3D11RHI: GPU Timing Frequency: 1000.000000 (Debug: 2 2)
[2018.04.12-17.36.36:479][  0]LogShaderCompilers: Guid format shader working directory is -21 characters bigger than the processId version (../../../../../../Users/sc14bjm/Documents/Unreal Projects/Development/Intermediate/Shaders/WorkingDirectory/1032/).
[2018.04.12-17.36.36:479][  0]LogShaderCompilers: Cleaned the shader compiler working directory 'C:/Users/sc14bjm/AppData/Local/Temp/UnrealShaderWorkingDir/178661F343E39EA4F32C83A06CE91E64/'.
[2018.04.12-17.36.36:715][  0]LogTemp: Display: Loaded TP AllDesktopTargetPlatform
[2018.04.12-17.36.36:730][  0]LogTemp: Display: Loaded TP MacClientTargetPlatform
[2018.04.12-17.36.36:746][  0]LogTemp: Display: Loaded TP MacNoEditorTargetPlatform
[2018.04.12-17.36.36:761][  0]LogTemp: Display: Loaded TP MacServerTargetPlatform
[2018.04.12-17.36.36:778][  0]LogTemp: Display: Loaded TP MacTargetPlatform
[2018.04.12-17.36.36:792][  0]LogTemp: Display: Loaded TP WindowsClientTargetPlatform
[2018.04.12-17.36.36:807][  0]LogTemp: Display: Loaded TP WindowsNoEditorTargetPlatform
[2018.04.12-17.36.36:822][  0]LogTemp: Display: Loaded TP WindowsServerTargetPlatform
[2018.04.12-17.36.36:830][  0]LogTemp: Display: Loaded TP WindowsTargetPlatform
[2018.04.12-17.36.36:843][  0]LogTemp: Display: Loaded TP Android_ASTCTargetPlatform
[2018.04.12-17.36.36:856][  0]LogTemp: Display: Loaded TP Android_ATCTargetPlatform
[2018.04.12-17.36.36:869][  0]LogTemp: Display: Loaded TP Android_DXTTargetPlatform
[2018.04.12-17.36.36:883][  0]LogTemp: Display: Loaded TP Android_ETC1aTargetPlatform
[2018.04.12-17.36.36:897][  0]LogTemp: Display: Loaded TP Android_ETC1TargetPlatform
[2018.04.12-17.36.36:910][  0]LogTemp: Display: Loaded TP Android_ETC2TargetPlatform
[2018.04.12-17.36.36:938][  0]LogTemp: Display: Loaded TP Android_MultiTargetPlatform
[2018.04.12-17.36.36:938][  0]LogTemp: Display: Loaded TP Android_PVRTCTargetPlatform
[2018.04.12-17.36.36:952][  0]LogTemp: Display: Loaded TP AndroidTargetPlatform
[2018.04.12-17.36.36:954][  0]LogTemp: Display: Loaded TP HTML5TargetPlatform
[2018.04.12-17.36.36:992][  0]LogTemp: Display: Loaded TP IOSTargetPlatform
[2018.04.12-17.36.37:004][  0]LogTemp: Display: Loaded TP TVOSTargetPlatform
[2018.04.12-17.36.37:018][  0]LogTemp: Display: Loaded TP LinuxClientTargetPlatform
[2018.04.12-17.36.37:031][  0]LogTemp: Display: Loaded TP LinuxNoEditorTargetPlatform
[2018.04.12-17.36.37:044][  0]LogTemp: Display: Loaded TP LinuxServerTargetPlatform
[2018.04.12-17.36.37:058][  0]LogTemp: Display: Loaded TP LinuxTargetPlatform
[2018.04.12-17.36.37:059][  0]LogTargetPlatformManager: Display: Building Assets For Windows
[2018.04.12-17.36.37:205][  0]LogXGEController: Cannot use XGE Controller as Incredibuild is not installed on this machine.
[2018.04.12-17.36.37:205][  0]LogShaderCompilers: Cannot use XGE Shader Compiler as Incredibuild is not installed on this machine.
[2018.04.12-17.36.37:205][  0]LogShaderCompilers: Display: Using Local Shader Compiler.
[2018.04.12-17.36.38:052][  0]LogDerivedDataCache: Display: Max Cache Size: 512 MB
[2018.04.12-17.36.38:137][  0]LogDerivedDataCache: Loaded boot cache 0.09s 88MB C:/Users/sc14bjm/AppData/Local/UnrealEngine/4.19/DerivedDataCache/Boot.ddc.
[2018.04.12-17.36.38:138][  0]LogDerivedDataCache: Display: Loaded Boot cache: C:/Users/sc14bjm/AppData/Local/UnrealEngine/4.19/DerivedDataCache/Boot.ddc
[2018.04.12-17.36.38:138][  0]LogDerivedDataCache: FDerivedDataBackendGraph:  Pak pak cache file ../../../../../../Users/sc14bjm/Documents/Unreal Projects/Development/DerivedDataCache/DDC.ddp not found, will not use a pak cache.
[2018.04.12-17.36.38:138][  0]LogDerivedDataCache: Unable to find inner node Pak for hierarchical cache Hierarchy.
[2018.04.12-17.36.38:138][  0]LogDerivedDataCache: FDerivedDataBackendGraph:  CompressedPak pak cache file ../../../../../../Users/sc14bjm/Documents/Unreal Projects/Development/DerivedDataCache/Compressed.ddp not found, will not use a pak cache.
[2018.04.12-17.36.38:138][  0]LogDerivedDataCache: Unable to find inner node CompressedPak for hierarchical cache Hierarchy.
[2018.04.12-17.36.38:154][  0]LogDerivedDataCache: Display: Pak cache opened for reading ../../../Engine/DerivedDataCache/Compressed.ddp.
[2018.04.12-17.36.38:167][  0]LogDerivedDataCache: Using Local data cache path C:/Users/sc14bjm/AppData/Local/UnrealEngine/Common/DerivedDataCache: Writable
[2018.04.12-17.36.38:179][  0]LogMaterial: Verifying Global Shaders for PCD3D_SM5
[2018.04.12-17.36.38:180][  0]LogSlate: Using Freetype 2.6.0
[2018.04.12-17.36.38:181][  0]LogSlate: SlateFontCache - WITH_FREETYPE: 1, WITH_HARFBUZZ: 1
[2018.04.12-17.36.38:181][  0]LogSlate: SlateFontCache - WITH_FREETYPE: 1, WITH_HARFBUZZ: 1
[2018.04.12-17.36.38:330][  0]LogAssetRegistry: FAssetRegistry took 0.0257 seconds to start up
[2018.04.12-17.36.38:664][  0]LogInit: Selected Device Profile: [Windows]
[2018.04.12-17.36.38:818][  0]LogSimplygon: Simplygon DLL not present - disabling.
[2018.04.12-17.36.38:821][  0]LogMeshReduction: Using SimplygonSwarm for distributed automatic mesh merging
[2018.04.12-17.36.38:821][  0]LogMeshReduction: Using QuadricMeshReduction for automatic static mesh reduction
[2018.04.12-17.36.38:821][  0]LogMeshReduction: No automatic skeletal mesh reduction module available
[2018.04.12-17.36.38:821][  0]LogMeshReduction: No automatic mesh merging module available
[2018.04.12-17.36.38:821][  0]LogMeshMerging: No automatic mesh merging module available
[2018.04.12-17.36.38:856][  0]LogNetVersion: Development , NetCL: 3944462, EngineNetVer: 2, GameNetVer: 0 (Checksum: 3771591798)
[2018.04.12-17.36.39:351][  0]LogPackageLocalizationCache: Processed 9 localized package path(s) for 2 prioritized culture(s) in 0.145937 seconds
[2018.04.12-17.36.39:357][  0]LogUObjectArray: 36728 objects as part of root set at end of initial load.
[2018.04.12-17.36.39:357][  0]LogUObjectAllocator: 7314304 out of 0 bytes used by permanent object pool.
[2018.04.12-17.36.39:357][  0]LogUObjectArray: CloseDisregardForGC: 0/0 objects in disregard for GC pool
[2018.04.12-17.36.41:104][  0]LogTcpMessaging: Initializing TcpMessaging bridge
[2018.04.12-17.36.41:140][  0]LogUdpMessaging: Initializing bridge on interface 0.0.0.0:0 to multicast group 230.0.0.1:6666.
[2018.04.12-17.36.41:603][  0]SourceControl: Source control is disabled
[2018.04.12-17.36.41:603][  0]SourceControl: Source control is disabled
[2018.04.12-17.36.41:627][  0]SourceControl: Source control is disabled
[2018.04.12-17.36.41:651][  0]SourceControl: Source control is disabled
[2018.04.12-17.36.42:336][  0]LogAndroidPermission: UAndroidPermissionCallbackProxy::GetInstance
[2018.04.12-17.36.42:554][  0]LogOcInput: OculusInput pre-init called
[2018.04.12-17.36.42:685][  0]LogEngine: Initializing Engine...
[2018.04.12-17.36.42:731][  0]LogHMD: SteamVR initialized.  Driver: lighthouse  Display: LHR-476B16BB
[2018.04.12-17.36.42:733][  0]LogStats: UGameplayTagsManager::ConstructGameplayTagTree: Construct from data asset -  0.000 s
[2018.04.12-17.36.42:733][  0]LogStats: UGameplayTagsManager::ConstructGameplayTagTree: GameplayTagTreeChangedEvent.Broadcast -  0.000 s
[2018.04.12-17.36.42:964][  0]LogAIModule: Creating AISystem for world Untitled
[2018.04.12-17.36.42:979][  0]LogInit: XAudio2 using 'Speakers (2- USB Audio Device)' : 2 channels at 48 kHz using 16 bits per sample (channel mask 0x3)
[2018.04.12-17.36.42:990][  0]LogInit: FAudioDevice initialized.
[2018.04.12-17.36.43:164][  0]LogDerivedDataCache: Saved boot cache 0.17s 88MB C:/Users/sc14bjm/AppData/Local/UnrealEngine/4.19/DerivedDataCache/Boot.ddc.
[2018.04.12-17.36.43:189][  0]LogInit: Texture streaming: Enabled
[2018.04.12-17.36.43:218][  0]LogEngineSessionManager: EngineSessionManager initialized
[2018.04.12-17.36.43:234][  0]LogInit: Transaction tracking system initialized
[2018.04.12-17.36.43:267][  0]BlueprintLog: New page: Editor Load
[2018.04.12-17.36.43:352][  0]LocalizationService: Localization service is disabled
[2018.04.12-17.36.43:465][  0]LogConsoleResponse: Display: 
[2018.04.12-17.36.43:608][  0]LogCook: Display: Max memory allowance for cook 16384mb min free memory 0mb
[2018.04.12-17.36.43:609][  0]LogCook: Display: Mobile HDR setting 0
[2018.04.12-17.36.43:609][  0]LogGameplayTags: Display: UGameplayTagsManager::DoneAddingNativeTags. DelegateIsBound: 0
[2018.04.12-17.36.43:609][  0]LogStats: UGameplayTagsManager::ConstructGameplayTagTree: Construct from data asset -  0.000 s
[2018.04.12-17.36.43:609][  0]LogStats: UGameplayTagsManager::ConstructGameplayTagTree: GameplayTagTreeChangedEvent.Broadcast -  0.000 s
[2018.04.12-17.36.44:104][  0]LogFileCache: Scanning file cache for directory 'C:/Users/sc14bjm/Documents/Unreal Projects/Development/Content/' took 0.01s
[2018.04.12-17.36.44:104][  0]SourceControl: Source control is disabled
[2018.04.12-17.36.44:104][  0]Cmd: MAP LOAD FILE="../../../Engine/Content/Maps/Templates/Template_Default.umap" TEMPLATE=1 SHOWPROGRESS=1 FEATURELEVEL=3
[2018.04.12-17.36.44:104][  0]LightingResults: New page: Lighting Build
[2018.04.12-17.36.44:107][  0]MapCheck: New page: Map Check
[2018.04.12-17.36.44:107][  0]LightingResults: New page: Lighting Build
[2018.04.12-17.36.44:288][  0]LogAIModule: Creating AISystem for world Untitled_1
[2018.04.12-17.36.44:297][  0]LogEditorServer: Finished looking for orphan Actors (0.000 secs)
[2018.04.12-17.36.44:307][  0]Cmd: MAP CHECKDEP NOCLEARLOG
[2018.04.12-17.36.44:377][  0]MapCheck: Map check complete: 0 Error(s), 0 Warning(s), took 69.871ms to complete.
[2018.04.12-17.36.44:377][  0]LogFileHelpers: Loading map 'Template_Default' took 0.274
[2018.04.12-17.36.44:445][  0]LogWindowsTextInputMethodSystem: Display: IME system now deactivated.
[2018.04.12-17.36.44:525][  0]LogCollectionManager: Loaded 0 collections in 0.001859 seconds
[2018.04.12-17.36.44:568][  0]LogFileCache: Scanning file cache for directory 'C:/Users/sc14bjm/Documents/Unreal Projects/Development/Saved/Collections/' took 0.01s
[2018.04.12-17.36.44:568][  0]LogFileCache: Scanning file cache for directory 'C:/Users/sc14bjm/Documents/Unreal Projects/Development/Content/Developers/sc14bjm/Collections/' took 0.01s
[2018.04.12-17.36.44:568][  0]LogFileCache: Scanning file cache for directory 'C:/Users/sc14bjm/Documents/Unreal Projects/Development/Content/Collections/' took 0.01s
[2018.04.12-17.36.44:568][  0]LogCollectionManager: Rebuilt the GUID cache for 0 collections in 0.000000 seconds
[2018.04.12-17.36.44:577][  0]LogContentBrowser: Native class hierarchy populated in 0.0092 seconds. Added 2452 classes and 558 folders.
[2018.04.12-17.36.44:584][  0]LogContentBrowser: Native class hierarchy updated for 'WidgetCarousel' in 0.0003 seconds. Added 0 classes and 0 folders.
[2018.04.12-17.36.44:646][  0]LogContentBrowser: Native class hierarchy updated for 'AddContentDialog' in 0.0002 seconds. Added 0 classes and 0 folders.
[2018.04.12-17.36.44:653][  0]LogContentBrowser: Native class hierarchy updated for 'SceneOutliner' in 0.0003 seconds. Added 1 classes and 2 folders.
[2018.04.12-17.36.44:668][  0]LogSlate: Took 0.000352 seconds to synchronously load lazily loaded font '../../../Engine/Content/Slate/Fonts/Roboto-Regular.ttf' (155K)
[2018.04.12-17.36.44:671][  0]LogSlate: Took 0.000277 seconds to synchronously load lazily loaded font '../../../Engine/Content/Slate/Fonts/Roboto-Bold.ttf' (160K)
[2018.04.12-17.36.44:678][  0]LogSlate: Took 0.000348 seconds to synchronously load lazily loaded font '../../../Engine/Content/Editor/Slate/Fonts/FontAwesome.ttf' (139K)
[2018.04.12-17.36.44:766][  0]LogRenderer: Reallocating scene render targets to support 1616x916 Format 10 NumSamples 1 (Frame:1).
[2018.04.12-17.36.44:864][  0]LogContentBrowser: Native class hierarchy updated for 'HierarchicalLODOutliner' in 0.0003 seconds. Added 0 classes and 0 folders.
[2018.04.12-17.36.44:864][  0]LogLoad: (Engine Initialization) Total time: 12.35 seconds
[2018.04.12-17.36.44:864][  0]LogLoad: (Engine Initialization) Total Blueprint compile time: 0.00 seconds
[2018.04.12-17.36.44:893][  0]LogContentStreaming: Texture pool size now 1000 MB
[2018.04.12-17.36.44:956][  1]LogAssetRegistry: Asset discovery search completed in 6.6469 seconds
[2018.04.12-17.36.44:957][  1]LogCollectionManager: Rebuilt the object cache for 0 collections in 0.000000 seconds (found 0 objects)
[2018.04.12-17.36.44:957][  1]LogCollectionManager: Fixed up redirectors for 0 collections in 0.000062 seconds (updated 0 objects)
[2018.04.12-17.36.50:455][654]LogSlate: FSceneViewport::OnFocusLost() reason 2
[2018.04.12-17.36.51:537][782]LogSlate: FSceneViewport::OnFocusLost() reason 2
[2018.04.12-17.36.52:407][782]LogSlate: Only BGRA pngs, bmps or icos are supported in by External Image Picker
[2018.04.12-17.36.52:460][782]LogTemp: Executing iPhonePackager certificates Engine -bundlename com.YourCompany.Development
[2018.04.12-17.36.52:460][782]LogTemp: CWD: C:\Program Files\Epic Games\UE_4.19\Engine\Binaries\DotNET\IOS
[2018.04.12-17.36.52:460][782]LogTemp: Initial Dir: C:\Program Files\Epic Games\UE_4.19
[2018.04.12-17.36.52:460][782]LogTemp: Env CWD: C:\Program Files\Epic Games\UE_4.19\Engine\Binaries\DotNET\IOS
[2018.04.12-17.36.52:465][782]LogTemp: BranchPath = COMP-PC6037/C/Program Files/Epic Games/UE_4.19/Engine/Binaries --- GameBranchPath = COMP-PC6037/C/Program Files/Epic Games/UE_4.19/Engine/Binaries
[2018.04.12-17.36.52:478][782]LogTemp: IPP ERROR: Could not find provision directory 'C:\Users\sc14bjm\AppData\Local/Apple Computer/MobileDevice/Provisioning Profiles/'.
[2018.04.12-17.36.59:624][603]LogSlate: Took 0.000266 seconds to synchronously load lazily loaded font '../../../Engine/Content/Slate/Fonts/Roboto-Light.ttf' (167K)
[2018.04.12-17.37.03:433][ 43]LogSlate: Window 'Project Settings' being destroyed
[2018.04.12-17.37.03:435][ 43]LogSlate: Window 'Project Settings' being destroyed
[2018.04.12-17.37.05:432][279]LogSlate: FSceneViewport::OnFocusLost() reason 0
[2018.04.12-17.37.06:208][370]LogLinker: Warning: Can't find file '/Game/World_BuiltData'
[2018.04.12-17.37.06:208][370]LogLinker: Warning: Can't find file for asset '/Game/World_BuiltData' while loading ../../../../../../Users/sc14bjm/Documents/Unreal Projects/Development/Content/World.umap.
[2018.04.12-17.37.06:208][370]LoadErrors: Error: /Game/World : Can't find file for asset. /Game/World_BuiltData
[2018.04.12-17.37.06:209][370]LogLinker: Warning: Can't find file '/Game/World_BuiltData'
[2018.04.12-17.37.06:209][370]LogLinker: Warning: Can't find file for asset '/Game/World_BuiltData' while loading ../../../../../../Users/sc14bjm/Documents/Unreal Projects/Development/Content/World.umap.
[2018.04.12-17.37.06:215][370]LogLinker: Warning: Can't find file '/Game/World_BuiltData'
[2018.04.12-17.37.06:215][370]LoadErrors: Failed to load /Game/World_BuiltData.World_BuiltData Referenced by PersistentLevel
[2018.04.12-17.37.06:215][370]LogLinker: Warning: Can't find file for asset '/Game/World_BuiltData' while loading NULL.
[2018.04.12-17.37.06:222][370]LogAIModule: Creating AISystem for world World
[2018.04.12-17.37.06:237][370]Cmd: MAP LOAD FILE="../../../../../../Users/sc14bjm/Documents/Unreal Projects/Development/Content/World.umap" TEMPLATE=0 SHOWPROGRESS=1 FEATURELEVEL=3
[2018.04.12-17.37.06:237][370]LightingResults: New page: Lighting Build
[2018.04.12-17.37.06:238][370]LoadErrors: New page: Loading map: World.umap
[2018.04.12-17.37.06:238][370]MapCheck: New page: Map Check
[2018.04.12-17.37.06:238][370]LightingResults: New page: Lighting Build
[2018.04.12-17.37.06:251][370]LogEditorServer: Finished looking for orphan Actors (0.000 secs)
[2018.04.12-17.37.06:277][370]Cmd: MAP CHECKDEP NOCLEARLOG
[2018.04.12-17.37.06:350][370]MapCheck: Map check complete: 0 Error(s), 0 Warning(s), took 72.407ms to complete.
[2018.04.12-17.37.06:350][370]LogFileHelpers: Loading map 'World' took 0.114
[2018.04.12-17.37.08:235][588]LogSlate: FSceneViewport::OnFocusLost() reason 2
[2018.04.12-17.37.08:926][671]MapCheck: New page: Map Check
[2018.04.12-17.37.08:932][671]LogSlate: FSceneViewport::OnFocusLost() reason 2
[2018.04.12-17.37.08:934][671]LightingResults: New page: Lighting Build - 12 Apr 2018 19:37:08
[2018.04.12-17.37.08:975][671]LogSwarmInterface: [OpenConnection] Registering TCP channel ...
[2018.04.12-17.37.09:031][671]LogSwarmInterface: [OpenConnection] Connecting to agent ...
[2018.04.12-17.37.09:042][671]LogSwarmInterface: [TryOpenConnection] Testing the Agent
[2018.04.12-17.37.09:556][671]LogSwarmInterface: [TryOpenConnection] Opening Connection to Agent
[2018.04.12-17.37.09:556][671]LogSwarmInterface: [TryOpenConnection] Local Process ID is 1032
[2018.04.12-17.37.11:861][671]LogStaticLightingSystem: Warning: No importance volume found, so the scene bounding box was used.  You can optimize your scene's quality and lighting build times by adding importance volumes.
[2018.04.12-17.37.11:861][671]LogStaticLightingSystem: Running Lightmass w/ ImmediateImport mode ENABLED
[2018.04.12-17.37.11:861][671]LogStaticLightingSystem: Running Lightmass w/ ImmediateProcess mode ENABLED
[2018.04.12-17.37.11:861][671]LogStaticLightingSystem: Running Lightmass w/ Sorting mode ENABLED
[2018.04.12-17.37.11:861][671]LogStaticLightingSystem: Running Lightmass w/ Mapping paddings ENABLED
[2018.04.12-17.37.11:861][671]LogStaticLightingSystem: Running Lightmass w/ Mapping debug paddings DISABLED
[2018.04.12-17.37.12:001][671]LogEditorBuildUtils: Build time 0:03
[2018.04.12-17.37.13:521][773]Job is a success!
[2018.04.12-17.37.13:537][774]LogSlate: FSceneViewport::OnFocusLost() reason 2
[2018.04.12-17.37.13:698][774]LogVolumetricLightmapImport: Imported Volumetric Lightmap in 0.150s
[2018.04.12-17.37.13:698][774]LogVolumetricLightmapImport:      Indirection Texture 16x16x16 = 0.0Mb
[2018.04.12-17.37.13:698][774]LogVolumetricLightmapImport:      BrickData 30x5x5 = 0.0Mb
[2018.04.12-17.37.13:698][774]LogVolumetricLightmapImport:      Bricks at Level
[2018.04.12-17.37.13:698][774]LogVolumetricLightmapImport:          0: 16.7% covering 100.0% of volume
[2018.04.12-17.37.13:698][774]LogVolumetricLightmapImport:          1: 16.7% covering 1.6% of volume
[2018.04.12-17.37.13:698][774]LogVolumetricLightmapImport:          2: 66.7% covering 0.1% of volume
[2018.04.12-17.37.13:741][774]LogTexture: Display: Building textures: HQ_Lightmap0_1 (AutoDXT, 256X256)
[2018.04.12-17.37.13:741][774]LogTexture: Display: Building textures: LQ_Lightmap_0_1 (DXT1, 256X256)
[2018.04.12-17.37.13:741][774]LogTexture: Display: Building textures: HQ_Lightmap0_2 (AutoDXT, 64X64)
[2018.04.12-17.37.13:741][774]LogTexture: Display: Building textures: LQ_Lightmap_0_2 (DXT1, 64X64)
[2018.04.12-17.37.13:741][774]LogTexture: Display: Building textures: ShadowMapTexture2D_1 (G8, 32X32)
[2018.04.12-17.37.13:741][774]LogTexture: Display: Building textures: ShadowMapTexture2D_0 (G8, 128X128)
[2018.04.12-17.37.13:763][774]Lightmass on COMP-PC6037: 1.11 sec total, 255 ms importing, 15 ms setup, 375 ms photons, 432 ms processing, 0 ms extra exporting [2/2 mappings]. Threads: 2.87 sec total, 178 ms processing.
[2018.04.12-17.37.13:786][774]LogStaticLightingSystem: Illumination: 4.84 sec (18 ms encoding lightmaps, 5 ms encoding shadowmaps)
[2018.04.12-17.37.13:786][774]LogStaticLightingSystem: Lightmap texture memory:  0.1 MB (0.1 MB streaming, 0.0 MB non-streaming), 4 textures
[2018.04.12-17.37.13:786][774]LogStaticLightingSystem: Shadowmap texture memory: 0.0 MB (0.0 MB streaming, 0.0 MB non-streaming), 2 textures
[2018.04.12-17.37.13:865][774]DumpUnbuiltLightIteractions
[2018.04.12-17.37.13:865][774]Lights with unbuilt interactions: 0
[2018.04.12-17.37.13:865][774]
[2018.04.12-17.37.13:865][774]Primitives with unbuilt interactions: 0
[2018.04.12-17.37.13:871][774]LogSlate: FSceneViewport::OnFocusLost() reason 2
[2018.04.12-17.37.13:933][775]Cmd: MAP CHECK NOTIFYRESULTS
[2018.04.12-17.37.13:933][775]MapCheck: New page: World - 12 Apr 2018 19:37:13
[2018.04.12-17.37.14:010][775]MapCheck: Map check complete: 0 Error(s), 0 Warning(s), took 77.536ms to complete.
[2018.04.12-17.37.14:904][882]LogSlate: FSceneViewport::OnFocusLost() reason 0
[2018.04.12-17.37.25:530][139]LogBlueprint: Warning: [Compiler BP_MotionController] Set Hand  is deprecated; please replace or remove it.
[2018.04.12-17.37.25:530][139]LogBlueprint: Warning: [Compiler BP_MotionController] Set Hand  is deprecated; Please use the Motion Source property instead of Hand
[2018.04.12-17.37.25:550][139]LogBlueprint: Warning: [Compiler BP_MotionController] [0053.03] Compile of BP_MotionController successful, but with 2 Warning(s) [in 34 ms] (/Game/VirtualRealityBP/Blueprints/BP_MotionController.BP_MotionController)
[2018.04.12-17.37.25:628][139]LogSkeletalMesh: Skeletal Mesh found in DDC [1.656915ms] /Game/VirtualReality/Mannequin/Character/Mesh/MannequinHand_Right.MannequinHand_Right
[2018.04.12-17.37.30:907][748]LogSlate: FSceneViewport::OnFocusLost() reason 0
[2018.04.12-17.37.37:649][546]LogSlate: FSceneViewport::OnFocusLost() reason 0
[2018.04.12-17.37.43:516][219]Cmd: OBJ SAVEPACKAGE PACKAGE="/Game/World" FILE="../../../../../../Users/sc14bjm/Documents/Unreal Projects/Development/Content/World.umap" SILENT=true AUTOSAVING=false KEEPDIRTY=false
[2018.04.12-17.37.43:591][219]LogSavePackage: Save=23.08ms
[2018.04.12-17.37.43:591][219]LogSavePackage: Moving '../../../../../../Users/sc14bjm/Documents/Unreal Projects/Development/Saved/WorldB46818DA4CB956B79ED75DA8F60710EA.tmp' to '../../../../../../Users/sc14bjm/Documents/Unreal Projects/Development/Content/World.umap'
[2018.04.12-17.37.43:599][219]LogSavePackage: Display: Finished SavePackage ../../../../../../Users/sc14bjm/Documents/Unreal Projects/Development/Content/World.umap
[2018.04.12-17.37.43:621][219]Cmd: OBJ SAVEPACKAGE PACKAGE="/Game/World_BuiltData" FILE="../../../../../../Users/sc14bjm/Documents/Unreal Projects/Development/Content/World_BuiltData.uasset" SILENT=true
[2018.04.12-17.37.43:638][219]LogSavePackage: Save=14.57ms
[2018.04.12-17.37.43:638][219]LogSavePackage: Moving '../../../../../../Users/sc14bjm/Documents/Unreal Projects/Development/Saved/World_BuiltDataDDA9C37B4DEC032A4C4271BA8DC6ADEF.tmp' to '../../../../../../Users/sc14bjm/Documents/Unreal Projects/Development/Content/World_BuiltData.uasset'
[2018.04.12-17.37.43:646][219]LogSavePackage: Display: Finished SavePackage ../../../../../../Users/sc14bjm/Documents/Unreal Projects/Development/Content/World_BuiltData.uasset
[2018.04.12-17.37.59:456][ 66]LogSlate: FSceneViewport::OnFocusLost() reason 0
[2018.04.12-17.38.19:103][413]LogSlate: FSceneViewport::OnFocusLost() reason 0
[2018.04.12-17.38.19:178][421]Cmd: OBJ SAVEPACKAGE PACKAGE="/Game/World" FILE="../../../../../../Users/sc14bjm/Documents/Unreal Projects/Development/Content/World.umap" SILENT=true AUTOSAVING=false KEEPDIRTY=false
[2018.04.12-17.38.19:216][421]LogSavePackage: Save=21.40ms
[2018.04.12-17.38.19:216][421]LogSavePackage: Moving '../../../../../../Users/sc14bjm/Documents/Unreal Projects/Development/Saved/World874AFC30420F370C5C781BB87B8BB3A4.tmp' to '../../../../../../Users/sc14bjm/Documents/Unreal Projects/Development/Content/World.umap'
[2018.04.12-17.38.19:224][421]LogSavePackage: Display: Finished SavePackage ../../../../../../Users/sc14bjm/Documents/Unreal Projects/Development/Content/World.umap
[2018.04.12-17.38.19:242][421]Cmd: OBJ SAVEPACKAGE PACKAGE="/Game/World_BuiltData" FILE="../../../../../../Users/sc14bjm/Documents/Unreal Projects/Development/Content/World_BuiltData.uasset" SILENT=true
[2018.04.12-17.38.19:258][421]LogSavePackage: Save=9.50ms
[2018.04.12-17.38.19:258][421]LogSavePackage: Moving '../../../../../../Users/sc14bjm/Documents/Unreal Projects/Development/Saved/World_BuiltDataC4F9D7CF47B64B4B55016AB2E3EEC288.tmp' to '../../../../../../Users/sc14bjm/Documents/Unreal Projects/Development/Content/World_BuiltData.uasset'
[2018.04.12-17.38.19:263][421]LogSavePackage: Display: Finished SavePackage ../../../../../../Users/sc14bjm/Documents/Unreal Projects/Development/Content/World_BuiltData.uasset
[2018.04.12-17.38.25:514][162]LogMaterial: Missing cached shader map for material CubeMaterial, compiling. 
[2018.04.12-17.38.25:559][162]LogMaterial: Missing cached shader map for material M_BaseMaterial, compiling. 
[2018.04.12-17.38.25:594][162]LogShaderCompilers: Display: Shaders left to compile 31
[2018.04.12-17.38.25:594][162]LogShaderCompilers: Display: Shaders left to compile 21
[2018.04.12-17.38.25:594][162]LogShaderCompilers: Display: Shaders left to compile 11
[2018.04.12-17.38.25:594][162]LogShaderCompilers: Display: Shaders left to compile 1
[2018.04.12-17.38.26:179][214]LogShaderCompilers: Display: Shaders left to compile 69
[2018.04.12-17.38.28:037][349]LogShaderCompilers: Display: Shaders left to compile 59
[2018.04.12-17.38.28:245][365]LogShaderCompilers: Display: Shaders left to compile 49
[2018.04.12-17.38.29:087][431]LogSlate: FSceneViewport::OnFocusLost() reason 0
[2018.04.12-17.38.29:101][432]LogShaderCompilers: Display: Shaders left to compile 39
[2018.04.12-17.38.29:316][450]LogShaderCompilers: Display: Shaders left to compile 29
[2018.04.12-17.38.31:453][618]LogShaderCompilers: Display: Shaders left to compile 19
[2018.04.12-17.38.31:562][626]LogShaderCompilers: Display: Shaders left to compile 9
[2018.04.12-17.38.32:360][690]LogSlate: Took 0.000321 seconds to synchronously load lazily loaded font '../../../Engine/Content/Slate/Fonts/Roboto-Italic.ttf' (157K)
[2018.04.12-17.38.38:396][337]LogSlate: FSceneViewport::OnFocusLost() reason 0
[2018.04.12-17.38.38:455][343]Cmd: OBJ SAVEPACKAGE PACKAGE="/Game/World" FILE="../../../../../../Users/sc14bjm/Documents/Unreal Projects/Development/Content/World.umap" SILENT=true AUTOSAVING=false KEEPDIRTY=false
[2018.04.12-17.38.38:491][343]LogSavePackage: Save=22.16ms
[2018.04.12-17.38.38:491][343]LogSavePackage: Moving '../../../../../../Users/sc14bjm/Documents/Unreal Projects/Development/Saved/World5A61AAF646F9BA5CA316319217EB2C7E.tmp' to '../../../../../../Users/sc14bjm/Documents/Unreal Projects/Development/Content/World.umap'
[2018.04.12-17.38.38:499][343]LogSavePackage: Display: Finished SavePackage ../../../../../../Users/sc14bjm/Documents/Unreal Projects/Development/Content/World.umap
[2018.04.12-17.38.38:520][343]Cmd: OBJ SAVEPACKAGE PACKAGE="/Game/World_BuiltData" FILE="../../../../../../Users/sc14bjm/Documents/Unreal Projects/Development/Content/World_BuiltData.uasset" SILENT=true
[2018.04.12-17.38.38:532][343]LogSavePackage: Save=9.11ms
[2018.04.12-17.38.38:532][343]LogSavePackage: Moving '../../../../../../Users/sc14bjm/Documents/Unreal Projects/Development/Saved/World_BuiltData7143F26E44E7CE70BB3D99A7DBD7BDD6.tmp' to '../../../../../../Users/sc14bjm/Documents/Unreal Projects/Development/Content/World_BuiltData.uasset'
[2018.04.12-17.38.38:538][343]LogSavePackage: Display: Finished SavePackage ../../../../../../Users/sc14bjm/Documents/Unreal Projects/Development/Content/World_BuiltData.uasset
[2018.04.12-17.38.41:618][710]LogTemp: Repeating last play command: Selected Viewport
[2018.04.12-17.38.41:630][710]LogPlayLevel: PlayLevel: No blueprints needed recompiling
[2018.04.12-17.38.41:631][710]PIE: New page: PIE session: World (12 Apr 2018 19:38:41)
[2018.04.12-17.38.41:631][710]LogPlayLevel: Creating play world package: /Game/UEDPIE_0_World
[2018.04.12-17.38.41:634][710]LogPlayLevel: PIE: StaticDuplicateObject took: (0.003256s)
[2018.04.12-17.38.41:636][710]LogAIModule: Creating AISystem for world World
[2018.04.12-17.38.41:636][710]LogPlayLevel: PIE: World Init took: (0.002001s)
[2018.04.12-17.38.41:636][710]LogPlayLevel: PIE: Created PIE world by copying editor world from /Game/World.World to /Game/UEDPIE_0_World.World (0.005500s)
[2018.04.12-17.38.41:655][710]LogInit: XAudio2 using 'Speakers (2- USB Audio Device)' : 2 channels at 48 kHz using 16 bits per sample (channel mask 0x3)
[2018.04.12-17.38.41:663][710]LogInit: FAudioDevice initialized.
[2018.04.12-17.38.41:704][710]LogLoad: Game class is 'GameModeBase'
[2018.04.12-17.38.41:706][710]LogWorld: Bringing World /Game/UEDPIE_0_World.World up for play (max tick rate 0) at 2018.04.12-18.38.41
[2018.04.12-17.38.41:706][710]LogWorld: Bringing up level for play took: 0.000925
[2018.04.12-17.38.41:711][710]LogContentBrowser: Native class hierarchy updated for 'MovieSceneCapture' in 0.0006 seconds. Added 11 classes and 0 folders.
[2018.04.12-17.38.41:714][710]PIE: Play in editor start time for /Game/UEDPIE_0_World -0.74
[2018.04.12-17.38.47:788][425]LogPlayLevel: PlayLevel: No blueprints needed recompiling
[2018.04.12-17.38.47:788][425]PIE: New page: PIE session: World (12 Apr 2018 19:38:47)
[2018.04.12-17.38.47:788][425]LogPlayLevel: Creating play world package: /Game/UEDPIE_0_World
[2018.04.12-17.38.47:791][425]LogPlayLevel: PIE: StaticDuplicateObject took: (0.002852s)
[2018.04.12-17.38.47:792][425]LogAIModule: Creating AISystem for world World
[2018.04.12-17.38.47:792][425]LogPlayLevel: PIE: World Init took: (0.000915s)
[2018.04.12-17.38.47:792][425]LogPlayLevel: PIE: Created PIE world by copying editor world from /Game/World.World to /Game/UEDPIE_0_World.World (0.003972s)
[2018.04.12-17.38.47:809][425]LogInit: XAudio2 using 'Speakers (2- USB Audio Device)' : 2 channels at 48 kHz using 16 bits per sample (channel mask 0x3)
[2018.04.12-17.38.47:816][425]LogInit: FAudioDevice initialized.
[2018.04.12-17.38.47:899][425]LogLoad: Game class is 'GameModeBase'
[2018.04.12-17.38.47:901][425]LogWorld: Bringing World /Game/UEDPIE_0_World.World up for play (max tick rate 0) at 2018.04.12-18.38.47
[2018.04.12-17.38.47:902][425]LogWorld: Bringing up level for play took: 0.001621
[2018.04.12-17.38.47:909][425]PIE: Play in editor start time for /Game/UEDPIE_0_World -0.545
[2018.04.12-17.38.47:970][426]LogRenderer: Reallocating scene render targets to support 3400x1888 Format 10 NumSamples 1 (Frame:1).
[2018.04.12-17.39.22:954][542]LogSlate: Window 'Development Game Preview Standalone (64-bit/PCD3D_SM5)' being destroyed
[2018.04.12-17.39.27:954][104]LogSlate: FSceneViewport::OnFocusLost() reason 0
[2018.04.12-17.39.28:021][111]Cmd: OBJ SAVEPACKAGE PACKAGE="/Game/World" FILE="../../../../../../Users/sc14bjm/Documents/Unreal Projects/Development/Content/World.umap" SILENT=true AUTOSAVING=false KEEPDIRTY=false
[2018.04.12-17.39.28:058][111]LogSavePackage: Save=22.79ms
[2018.04.12-17.39.28:058][111]LogSavePackage: Moving '../../../../../../Users/sc14bjm/Documents/Unreal Projects/Development/Saved/World46C78873457E64E540AB33BF7A76455F.tmp' to '../../../../../../Users/sc14bjm/Documents/Unreal Projects/Development/Content/World.umap'
[2018.04.12-17.39.28:064][111]LogSavePackage: Display: Finished SavePackage ../../../../../../Users/sc14bjm/Documents/Unreal Projects/Development/Content/World.umap
[2018.04.12-17.39.28:096][111]Cmd: OBJ SAVEPACKAGE PACKAGE="/Game/World_BuiltData" FILE="../../../../../../Users/sc14bjm/Documents/Unreal Projects/Development/Content/World_BuiltData.uasset" SILENT=true
[2018.04.12-17.39.28:108][111]LogSavePackage: Save=7.91ms
[2018.04.12-17.39.28:108][111]LogSavePackage: Moving '../../../../../../Users/sc14bjm/Documents/Unreal Projects/Development/Saved/World_BuiltDataCCB9A6554FAF84166C7AC290198BA5C8.tmp' to '../../../../../../Users/sc14bjm/Documents/Unreal Projects/Development/Content/World_BuiltData.uasset'
[2018.04.12-17.39.28:112][111]LogSavePackage: Display: Finished SavePackage ../../../../../../Users/sc14bjm/Documents/Unreal Projects/Development/Content/World_BuiltData.uasset
