Log file open, 04/12/18 19:25:18
LogWindows: Failed to load 'aqProf.dll' (GetLastError=126)
LogWindows: File 'aqProf.dll' does not exist
LogWindows: Failed to load 'VSPerf140.dll' (GetLastError=126)
LogWindows: File 'VSPerf140.dll' does not exist
LogWindows: Failed to load 'VtuneApi.dll' (GetLastError=126)
LogWindows: File 'VtuneApi.dll' does not exist
LogWindows: Failed to load 'VtuneApi32e.dll' (GetLastError=126)
LogWindows: File 'VtuneApi32e.dll' does not exist
LogInit: Display: Running engine for game: Development
LogPlatformFile: Not using cached read wrapper
LogInit: Display: RandInit(2099688419) SRandInit(2099688419).
LogInit: Read version file with build ID '3944462'
LogInit: Overriding engine version to CL 3944462, compatible CL 3944462
LogInit: Registered custom module enumerator with build ID '3944462'
LogTaskGraph: Started task graph with 5 named threads and 23 total threads with 3 sets of task threads.
LogStats: Stats thread started at 0.271672
LogD3D11RHI: Aftermath initialized
LogICUInternationalization: Display: ICU TimeZone Detection - Raw Offset: +0:00, Platform Override: ''
LogModuleManager: Display: Found up-to-date module file ../../../Engine/Plugins/2D/Paper2D/Binaries/Win64/UE4Editor-Paper2D.dll (API version 3944462).
LogModuleManager: Display: Found up-to-date module file ../../../Engine/Plugins/2D/Paper2D/Binaries/Win64/UE4Editor-Paper2DEditor.dll (API version 3944462).
LogModuleManager: Display: Found up-to-date module file ../../../Engine/Plugins/2D/Paper2D/Binaries/Win64/UE4Editor-PaperSpriteSheetImporter.dll (API version 3944462).
LogModuleManager: Display: Found up-to-date module file ../../../Engine/Plugins/2D/Paper2D/Binaries/Win64/UE4Editor-PaperTiledImporter.dll (API version 3944462).
LogModuleManager: Display: Found up-to-date module file ../../../Engine/Plugins/2D/Paper2D/Binaries/Win64/UE4Editor-SmartSnapping.dll (API version 3944462).
LogModuleManager: Display: Found up-to-date module file ../../../Engine/Plugins/Blendables/LightPropagationVolume/Binaries/Win64/UE4Editor-LightPropagationVolumeRuntime.dll (API version 3944462).
LogModuleManager: Display: Found up-to-date module file ../../../Engine/Plugins/Blendables/LightPropagationVolume/Binaries/Win64/UE4Editor-LightPropagationVolumeEditor.dll (API version 3944462).
LogModuleManager: Display: Found up-to-date module file ../../../Engine/Plugins/Developer/CLionSourceCodeAccess/Binaries/Win64/UE4Editor-CLionSourceCodeAccess.dll (API version 3944462).
LogModuleManager: Display: Found up-to-date module file ../../../Engine/Plugins/Developer/GitSourceControl/Binaries/Win64/UE4Editor-GitSourceControl.dll (API version 3944462).
LogModuleManager: Display: Found up-to-date module file ../../../Engine/Plugins/Developer/PerforceSourceControl/Binaries/Win64/UE4Editor-PerforceSourceControl.dll (API version 3944462).
LogModuleManager: Display: Found up-to-date module file ../../../Engine/Plugins/Developer/SubversionSourceControl/Binaries/Win64/UE4Editor-SubversionSourceControl.dll (API version 3944462).
LogModuleManager: Display: Found up-to-date module file ../../../Engine/Plugins/Developer/UObjectPlugin/Binaries/Win64/UE4Editor-UObjectPlugin.dll (API version 3944462).
LogModuleManager: Display: Found up-to-date module file ../../../Engine/Plugins/Developer/VisualStudioCodeSourceCodeAccess/Binaries/Win64/UE4Editor-VisualStudioCodeSourceCodeAccess.dll (API version 3944462).
LogModuleManager: Display: Found up-to-date module file ../../../Engine/Plugins/Developer/VisualStudioSourceCodeAccess/Binaries/Win64/UE4Editor-VisualStudioSourceCodeAccess.dll (API version 3944462).
LogModuleManager: Display: Found up-to-date module file ../../../Engine/Plugins/Editor/AssetManagerEditor/Binaries/Win64/UE4Editor-AssetManagerEditor.dll (API version 3944462).
LogModuleManager: Display: Found up-to-date module file ../../../Engine/Plugins/Editor/CryptoKeys/Binaries/Win64/UE4Editor-CryptoKeys.dll (API version 3944462).
LogModuleManager: Display: Found up-to-date module file ../../../Engine/Plugins/Editor/CryptoKeys/Binaries/Win64/UE4Editor-CryptoKeysOpenSSL.dll (API version 3944462).
LogModuleManager: Display: Found up-to-date module file ../../../Engine/Plugins/Editor/DataValidation/Binaries/Win64/UE4Editor-DataValidation.dll (API version 3944462).
LogModuleManager: Display: Found up-to-date module file ../../../Engine/Plugins/Editor/FacialAnimation/Binaries/Win64/UE4Editor-FacialAnimation.dll (API version 3944462).
LogModuleManager: Display: Found up-to-date module file ../../../Engine/Plugins/Editor/FacialAnimation/Binaries/Win64/UE4Editor-FacialAnimationEditor.dll (API version 3944462).
LogModuleManager: Display: Found up-to-date module file ../../../Engine/Plugins/Editor/GameplayTagsEditor/Binaries/Win64/UE4Editor-GameplayTagsEditor.dll (API version 3944462).
LogModuleManager: Display: Found up-to-date module file ../../../Engine/Plugins/Editor/MobileLauncherProfileWizard/Binaries/Win64/UE4Editor-MobileLauncherProfileWizard.dll (API version 3944462).
LogModuleManager: Display: Found up-to-date module file ../../../Engine/Plugins/Editor/PluginBrowser/Binaries/Win64/UE4Editor-PluginBrowser.dll (API version 3944462).
LogModuleManager: Display: Found up-to-date module file ../../../Engine/Plugins/Editor/SpeedTreeImporter/Binaries/Win64/UE4Editor-SpeedTreeImporter.dll (API version 3944462).
LogModuleManager: Display: Found up-to-date module file ../../../Engine/Plugins/Enterprise/DatasmithContent/Binaries/Win64/UE4Editor-DatasmithContent.dll (API version 3944462).
LogModuleManager: Display: Found up-to-date module file ../../../Engine/Plugins/Experimental/AlembicImporter/Binaries/Win64/UE4Editor-AlembicImporter.dll (API version 3944462).
LogModuleManager: Display: Found up-to-date module file ../../../Engine/Plugins/Experimental/AlembicImporter/Binaries/Win64/UE4Editor-AlembicLibrary.dll (API version 3944462).
LogModuleManager: Display: Found up-to-date module file ../../../Engine/Plugins/Experimental/CharacterAI/Binaries/Win64/UE4Editor-CharacterAI.dll (API version 3944462).
LogModuleManager: Display: Found up-to-date module file ../../../Engine/Plugins/Experimental/HTML5Networking/Binaries/Win64/UE4Editor-HTML5Networking.dll (API version 3944462).
LogModuleManager: Display: Found up-to-date module file ../../../Engine/Plugins/Media/AndroidMedia/Binaries/Win64/UE4Editor-AndroidMediaEditor.dll (API version 3944462).
LogModuleManager: Display: Found up-to-date module file ../../../Engine/Plugins/Media/AndroidMedia/Binaries/Win64/UE4Editor-AndroidMediaFactory.dll (API version 3944462).
LogModuleManager: Display: Found up-to-date module file ../../../Engine/Plugins/Media/AvfMedia/Binaries/Win64/UE4Editor-AvfMediaEditor.dll (API version 3944462).
LogModuleManager: Display: Found up-to-date module file ../../../Engine/Plugins/Media/AvfMedia/Binaries/Win64/UE4Editor-AvfMediaFactory.dll (API version 3944462).
LogModuleManager: Display: Found up-to-date module file ../../../Engine/Plugins/Media/AvfMedia/Binaries/Win64/UE4Editor-AvfMediaFactory.dll (API version 3944462).
LogModuleManager: Display: Found up-to-date module file ../../../Engine/Plugins/Media/ImgMedia/Binaries/Win64/UE4Editor-ImgMedia.dll (API version 3944462).
LogModuleManager: Display: Found up-to-date module file ../../../Engine/Plugins/Media/ImgMedia/Binaries/Win64/UE4Editor-ImgMediaEditor.dll (API version 3944462).
LogModuleManager: Display: Found up-to-date module file ../../../Engine/Plugins/Media/ImgMedia/Binaries/Win64/UE4Editor-ImgMediaFactory.dll (API version 3944462).
LogModuleManager: Display: Found up-to-date module file ../../../Engine/Plugins/Media/ImgMedia/Binaries/Win64/UE4Editor-ImgMediaFactory.dll (API version 3944462).
LogModuleManager: Display: Found up-to-date module file ../../../Engine/Plugins/Media/ImgMedia/Binaries/Win64/UE4Editor-OpenExrWrapper.dll (API version 3944462).
LogModuleManager: Display: Found up-to-date module file ../../../Engine/Plugins/Media/LinearTimecode/Binaries/Win64/UE4Editor-LinearTimecode.dll (API version 3944462).
LogModuleManager: Display: Found up-to-date module file ../../../Engine/Plugins/Media/MediaCompositing/Binaries/Win64/UE4Editor-MediaCompositing.dll (API version 3944462).
LogModuleManager: Display: Found up-to-date module file ../../../Engine/Plugins/Media/MediaCompositing/Binaries/Win64/UE4Editor-MediaCompositingEditor.dll (API version 3944462).
LogModuleManager: Display: Found up-to-date module file ../../../Engine/Plugins/Media/MediaPlayerEditor/Binaries/Win64/UE4Editor-MediaPlayerEditor.dll (API version 3944462).
LogModuleManager: Display: Found up-to-date module file ../../../Engine/Plugins/Media/WmfMedia/Binaries/Win64/UE4Editor-WmfMedia.dll (API version 3944462).
LogModuleManager: Display: Found up-to-date module file ../../../Engine/Plugins/Media/WmfMedia/Binaries/Win64/UE4Editor-WmfMediaEditor.dll (API version 3944462).
LogModuleManager: Display: Found up-to-date module file ../../../Engine/Plugins/Media/WmfMedia/Binaries/Win64/UE4Editor-WmfMediaFactory.dll (API version 3944462).
LogModuleManager: Display: Found up-to-date module file ../../../Engine/Plugins/Media/WmfMedia/Binaries/Win64/UE4Editor-WmfMediaFactory.dll (API version 3944462).
LogModuleManager: Display: Found up-to-date module file ../../../Engine/Plugins/Messaging/TcpMessaging/Binaries/Win64/UE4Editor-TcpMessaging.dll (API version 3944462).
LogModuleManager: Display: Found up-to-date module file ../../../Engine/Plugins/Messaging/UdpMessaging/Binaries/Win64/UE4Editor-UdpMessaging.dll (API version 3944462).
LogModuleManager: Display: Found up-to-date module file ../../../Engine/Plugins/MovieScene/ActorSequence/Binaries/Win64/UE4Editor-ActorSequence.dll (API version 3944462).
LogModuleManager: Display: Found up-to-date module file ../../../Engine/Plugins/MovieScene/LevelSequenceEditor/Binaries/Win64/UE4Editor-LevelSequenceEditor.dll (API version 3944462).
LogModuleManager: Display: Found up-to-date module file ../../../Engine/Plugins/MovieScene/MatineeToLevelSequence/Binaries/Win64/UE4Editor-MatineeToLevelSequence.dll (API version 3944462).
LogModuleManager: Display: Found up-to-date module file ../../../Engine/Plugins/NetcodeUnitTest/NetcodeUnitTest/Binaries/Win64/UE4Editor-NetcodeUnitTest.dll (API version 3944462).
LogModuleManager: Display: Found up-to-date module file ../../../Engine/Plugins/NetcodeUnitTest/NUTUnrealEngine4/Binaries/Win64/UE4Editor-NUTUnrealEngine4.dll (API version 3944462).
LogModuleManager: Display: Found up-to-date module file ../../../Engine/Plugins/Online/OnlineSubsystem/Binaries/Win64/UE4Editor-OnlineSubsystem.dll (API version 3944462).
LogModuleManager: Display: Found up-to-date module file ../../../Engine/Plugins/Runtime/AndroidPermission/Binaries/Win64/UE4Editor-AndroidPermission.dll (API version 3944462).
LogModuleManager: Display: Found up-to-date module file ../../../Engine/Plugins/Online/OnlineSubsystemNull/Binaries/Win64/UE4Editor-OnlineSubsystemNull.dll (API version 3944462).
LogModuleManager: Display: Found up-to-date module file ../../../Engine/Plugins/Online/OnlineSubsystemUtils/Binaries/Win64/UE4Editor-OnlineSubsystemUtils.dll (API version 3944462).
LogModuleManager: Display: Found up-to-date module file ../../../Engine/Plugins/Online/OnlineSubsystemUtils/Binaries/Win64/UE4Editor-OnlineBlueprintSupport.dll (API version 3944462).
LogModuleManager: Display: Found up-to-date module file ../../../Engine/Plugins/Runtime/AndroidDeviceProfileSelector/Binaries/Win64/UE4Editor-AndroidDeviceProfileSelector.dll (API version 3944462).
LogModuleManager: Display: Found up-to-date module file ../../../Engine/Plugins/Runtime/AppleARKit/Binaries/Win64/UE4Editor-AppleARKit.dll (API version 3944462).
LogModuleManager: Display: Found up-to-date module file ../../../Engine/Plugins/Runtime/ProceduralMeshComponent/Binaries/Win64/UE4Editor-ProceduralMeshComponent.dll (API version 3944462).
LogModuleManager: Display: Found up-to-date module file ../../../Engine/Plugins/Runtime/ProceduralMeshComponent/Binaries/Win64/UE4Editor-ProceduralMeshComponentEditor.dll (API version 3944462).
LogModuleManager: Display: Found up-to-date module file ../../../Engine/Plugins/Animation/LiveLink/Binaries/Win64/UE4Editor-LiveLink.dll (API version 3944462).
LogModuleManager: Display: Found up-to-date module file ../../../Engine/Plugins/Animation/LiveLink/Binaries/Win64/UE4Editor-LiveLinkEditor.dll (API version 3944462).
LogModuleManager: Display: Found up-to-date module file ../../../Engine/Plugins/Runtime/ArchVisCharacter/Binaries/Win64/UE4Editor-ArchVisCharacter.dll (API version 3944462).
LogModuleManager: Display: Found up-to-date module file ../../../Engine/Plugins/Runtime/AudioCapture/Binaries/Win64/UE4Editor-AudioCapture.dll (API version 3944462).
LogModuleManager: Display: Found up-to-date module file ../../../Engine/Plugins/Runtime/AudioCapture/Binaries/Win64/UE4Editor-AudioCaptureEditor.dll (API version 3944462).
LogModuleManager: Display: Found up-to-date module file ../../../Engine/Plugins/Runtime/CableComponent/Binaries/Win64/UE4Editor-CableComponent.dll (API version 3944462).
LogModuleManager: Display: Found up-to-date module file ../../../Engine/Plugins/Runtime/CustomMeshComponent/Binaries/Win64/UE4Editor-CustomMeshComponent.dll (API version 3944462).
LogModuleManager: Display: Found up-to-date module file ../../../Engine/Plugins/Runtime/ExampleDeviceProfileSelector/Binaries/Win64/UE4Editor-ExampleDeviceProfileSelector.dll (API version 3944462).
LogModuleManager: Display: Found up-to-date module file ../../../Engine/Plugins/Runtime/ImmediatePhysics/Binaries/Win64/UE4Editor-ImmediatePhysics.dll (API version 3944462).
LogModuleManager: Display: Found up-to-date module file ../../../Engine/Plugins/Runtime/ImmediatePhysics/Binaries/Win64/UE4Editor-ImmediatePhysicsEditor.dll (API version 3944462).
LogModuleManager: Display: Found up-to-date module file ../../../Engine/Plugins/Runtime/LocationServicesBPLibrary/Binaries/Win64/UE4Editor-LocationServicesBPLibrary.dll (API version 3944462).
LogModuleManager: Display: Found up-to-date module file ../../../Engine/Plugins/Runtime/MobilePatchingUtils/Binaries/Win64/UE4Editor-MobilePatchingUtils.dll (API version 3944462).
LogModuleManager: Display: Found up-to-date module file ../../../Engine/Plugins/Runtime/Oculus/OculusVR/Binaries/Win64/UE4Editor-OculusHMD.dll (API version 3944462).
LogModuleManager: Display: Found up-to-date module file ../../../Engine/Plugins/Runtime/Oculus/OculusVR/Binaries/Win64/UE4Editor-OculusInput.dll (API version 3944462).
LogModuleManager: Display: Found up-to-date module file ../../../Engine/Plugins/Runtime/Oculus/OculusVR/Binaries/Win64/UE4Editor-OculusEditor.dll (API version 3944462).
LogModuleManager: Display: Found up-to-date module file ../../../Engine/Plugins/Runtime/PhysXVehicles/Binaries/Win64/UE4Editor-PhysXVehicles.dll (API version 3944462).
LogModuleManager: Display: Found up-to-date module file ../../../Engine/Plugins/Runtime/PhysXVehicles/Binaries/Win64/UE4Editor-PhysXVehiclesEditor.dll (API version 3944462).
LogModuleManager: Display: Found up-to-date module file ../../../Engine/Plugins/Runtime/RuntimePhysXCooking/Binaries/Win64/UE4Editor-RuntimePhysXCooking.dll (API version 3944462).
LogModuleManager: Display: Found up-to-date module file ../../../Engine/Plugins/Runtime/Steam/SteamVR/Binaries/Win64/UE4Editor-SteamVR.dll (API version 3944462).
LogModuleManager: Display: Found up-to-date module file ../../../Engine/Plugins/Runtime/Steam/SteamVR/Binaries/Win64/UE4Editor-SteamVRController.dll (API version 3944462).
LogModuleManager: Display: Found up-to-date module file ../../../Engine/Plugins/Runtime/WindowsMoviePlayer/Binaries/Win64/UE4Editor-WindowsMoviePlayer.dll (API version 3944462).
LogPluginManager: Mounting plugin Paper2D
LogPluginManager: Mounting plugin LiveLink
LogPluginManager: Mounting plugin LightPropagationVolume
LogPluginManager: Mounting plugin CLionSourceCodeAccess
LogPluginManager: Mounting plugin CodeLiteSourceCodeAccess
LogPluginManager: Mounting plugin GitSourceControl
LogPluginManager: Mounting plugin KDevelopSourceCodeAccess
LogPluginManager: Mounting plugin NullSourceCodeAccess
LogPluginManager: Mounting plugin PerforceSourceControl
LogPluginManager: Mounting plugin SubversionSourceControl
LogPluginManager: Mounting plugin UObjectPlugin
LogPluginManager: Mounting plugin VisualStudioCodeSourceCodeAccess
LogPluginManager: Mounting plugin VisualStudioSourceCodeAccess
LogPluginManager: Mounting plugin XCodeSourceCodeAccess
LogPluginManager: Mounting plugin AssetManagerEditor
LogPluginManager: Mounting plugin CryptoKeys
LogPluginManager: Mounting plugin DataValidation
LogPluginManager: Mounting plugin FacialAnimation
LogPluginManager: Mounting plugin GameplayTagsEditor
LogPluginManager: Mounting plugin MobileLauncherProfileWizard
LogPluginManager: Mounting plugin PluginBrowser
LogPluginManager: Mounting plugin SpeedTreeImporter
LogPluginManager: Mounting plugin DatasmithContent
LogPluginManager: Mounting plugin AlembicImporter
LogPluginManager: Mounting plugin CharacterAI
LogPluginManager: Mounting plugin HTML5Networking
LogPluginManager: Mounting plugin AndroidMedia
LogPluginManager: Mounting plugin AvfMedia
LogPluginManager: Mounting plugin ImgMedia
LogPluginManager: Mounting plugin LinearTimecode
LogPluginManager: Mounting plugin MediaCompositing
LogPluginManager: Mounting plugin MediaPlayerEditor
LogPluginManager: Mounting plugin WmfMedia
LogPluginManager: Mounting plugin TcpMessaging
LogPluginManager: Mounting plugin UdpMessaging
LogPluginManager: Mounting plugin ActorSequence
LogPluginManager: Mounting plugin LevelSequenceEditor
LogPluginManager: Mounting plugin MatineeToLevelSequence
LogPluginManager: Mounting plugin NetcodeUnitTest
LogPluginManager: Mounting plugin NUTUnrealEngine4
LogPluginManager: Mounting plugin OnlineSubsystemGooglePlay
LogPluginManager: Mounting plugin OnlineSubsystemIOS
LogPluginManager: Mounting plugin OnlineSubsystem
LogPluginManager: Mounting plugin OnlineSubsystemNull
LogPluginManager: Mounting plugin OnlineSubsystemUtils
LogPluginManager: Mounting plugin AndroidDeviceProfileSelector
LogPluginManager: Mounting plugin AndroidMoviePlayer
LogPluginManager: Mounting plugin AndroidPermission
LogPluginManager: Mounting plugin AppleARKit
LogPluginManager: Mounting plugin AppleMoviePlayer
LogPluginManager: Mounting plugin ArchVisCharacter
LogPluginManager: Mounting plugin AudioCapture
LogPluginManager: Mounting plugin CableComponent
LogPluginManager: Mounting plugin CustomMeshComponent
LogPluginManager: Mounting plugin ExampleDeviceProfileSelector
LogPluginManager: Mounting plugin GoogleCloudMessaging
LogPluginManager: Mounting plugin ImmediatePhysics
LogPluginManager: Mounting plugin IOSDeviceProfileSelector
LogPluginManager: Mounting plugin LinuxDeviceProfileSelector
LogPluginManager: Mounting plugin LocationServicesBPLibrary
LogPluginManager: Mounting plugin MobilePatchingUtils
LogPluginManager: Mounting plugin OculusVR
LogPluginManager: Plugin shader directory ../../../Engine/Plugins/Runtime/Oculus/OculusVR/Shaders found
LogPluginManager: Mapping shader source directory ../../../Engine/Plugins/Runtime/Oculus/OculusVR/Shaders to virtual directory /Plugin/OculusVR
LogPluginManager: Mounting plugin PhysXVehicles
LogPluginManager: Mounting plugin ProceduralMeshComponent
LogPluginManager: Mounting plugin RuntimePhysXCooking
LogPluginManager: Mounting plugin SteamVR
LogPluginManager: Mounting plugin WindowsMoviePlayer
LogStreaming: Display: Took  1.387s to configure plugins.
LogInit: Using libcurl 7.47.1
LogInit:  - built for x86_64-pc-win32
LogInit:  - supports SSL with OpenSSL/1.0.2g
LogInit:  - supports HTTP deflate (compression) using libz 1.2.8
LogInit:  - other features:
LogInit:      CURL_VERSION_SSL
LogInit:      CURL_VERSION_LIBZ
LogInit:      CURL_VERSION_IPV6
LogInit:      CURL_VERSION_ASYNCHDNS
LogInit:      CURL_VERSION_LARGEFILE
LogInit:      CURL_VERSION_IDN
LogInit:  CurlRequestOptions (configurable via config and command line):
LogInit:  - bVerifyPeer = false  - Libcurl will NOT verify peer certificate
LogInit:  - bUseHttpProxy = false  - Libcurl will NOT use HTTP proxy
LogInit:  - bDontReuseConnections = false  - Libcurl will reuse connections
LogInit:  - CertBundlePath = nullptr  - Libcurl will use whatever was configured at build time.
LogInit:  - MaxHostConnections = 16  - Libcurl will limit the number of connections to a host
LogInit:  - LocalHostAddr = Default
LogInit: WinSock: version 1.1 (2.2), MaxSocks=32767, MaxUdp=65467
LogInit: WinSock: I am COMP-PC6037 (129.11.146.87:0)
LogInit: Build: ++UE4+Release-4.19-CL-3944462
LogInit: Engine Version: 4.19.0-3944462+++UE4+Release-4.19
LogInit: Compatible Engine Version: 4.19.0-3944462+++UE4+Release-4.19
LogInit: Net CL: 3944462
LogDevObjectVersion: Number of dev versions registered: 18
LogDevObjectVersion:   Dev-Blueprints (B0D832E4-1F89-4F0D-ACCF-7EB736FD4AA2): 10
LogDevObjectVersion:   Dev-Build (E1C64328-A22C-4D53-A36C-8E866417BD8C): 0
LogDevObjectVersion:   Dev-Core (375EC13C-06E4-48FB-B500-84F0262A717E): 2
LogDevObjectVersion:   Dev-Editor (E4B068ED-F494-42E9-A231-DA0B2E46BB41): 23
LogDevObjectVersion:   Dev-Framework (CFFC743F-43B0-4480-9391-14DF171D2073): 33
LogDevObjectVersion:   Dev-Mobile (B02B49B5-BB20-44E9-A304-32B752E40360): 2
LogDevObjectVersion:   Dev-Networking (A4E4105C-59A1-49B5-A7C5-40C4547EDFEE): 0
LogDevObjectVersion:   Dev-Online (39C831C9-5AE6-47DC-9A44-9C173E1C8E7C): 0
LogDevObjectVersion:   Dev-Physics (78F01B33-EBEA-4F98-B9B4-84EACCB95AA2): 0
LogDevObjectVersion:   Dev-Platform (6631380F-2D4D-43E0-8009-CF276956A95A): 0
LogDevObjectVersion:   Dev-Rendering (12F88B9F-8875-4AFC-A67C-D90C383ABD29): 25
LogDevObjectVersion:   Dev-Sequencer (7B5AE74C-D270-4C10-A958-57980B212A5A): 6
LogDevObjectVersion:   Dev-VR (D7296918-1DD6-4BDD-9DE2-64A83CC13884): 1
LogDevObjectVersion:   Dev-LoadTimes (C2A15278-BFE7-4AFE-6C17-90FF531DF755): 1
LogDevObjectVersion:   Private-Geometry (6EACA3D4-40EC-4CC1-B786-8BED09428FC5): 2
LogDevObjectVersion:   Dev-AnimPhys (29E575DD-E0A3-4627-9D10-D276232CDCEA): 16
LogDevObjectVersion:   Dev-ReflectionCapture (6B266CEC-1EC7-4B8F-A30B-E4D90942FC07): 1
LogDevObjectVersion:   Dev-Automation (0DF73D61-A23F-47EA-B727-89E90C41499A): 1
LogInit: Compiled (64-bit): Mar 13 2018 23:12:32
LogInit: Compiled with Visual C++: 19.00.24215.01
LogInit: Build Configuration: Development
LogInit: Branch Name: ++UE4+Release-4.19
LogInit: Command Line: 
LogInit: Base Directory: C:/Program Files/Epic Games/UE_4.19/Engine/Binaries/Win64/
LogInit: Installed Engine Build: 1
LogStreaming: Display: Took  0.001s to delete old logs.
LogInit: Presizing for max 8388607 objects, including 0 objects not considered by GC, pre-allocating 0 bytes for permanent pool.
LogInit: Object subsystem initialized
[2018.04.12-18.25.19:747][  0]LogInit: Selected Device Profile: [Windows]
[2018.04.12-18.25.19:747][  0]LogInit: Applying CVar settings loaded from the selected device profile: [Windows]
[2018.04.12-18.25.19:757][  0]LogInit: Computer: COMP-PC6037
[2018.04.12-18.25.19:758][  0]LogInit: User: sc14bjm
[2018.04.12-18.25.19:758][  0]LogInit: CPU Page size=4096, Cores=4
[2018.04.12-18.25.19:758][  0]LogInit: High frequency timer resolution =3.415987 MHz
[2018.04.12-18.25.19:758][  0]LogMemory: Memory total: Physical=15.9GB (16GB approx)
[2018.04.12-18.25.19:758][  0]LogMemory: Platform Memory Stats for Windows
[2018.04.12-18.25.19:758][  0]LogMemory: Process Physical Memory: 274.36 MB used, 274.36 MB peak
[2018.04.12-18.25.19:758][  0]LogMemory: Process Virtual Memory: 264.55 MB used, 264.55 MB peak
[2018.04.12-18.25.19:758][  0]LogMemory: Physical Memory: 3048.11 MB used,  13246.59 MB free, 16294.70 MB total
[2018.04.12-18.25.19:758][  0]LogMemory: Virtual Memory: 692.77 MB used,  13246.59 MB free, 134217728.00 MB total
[2018.04.12-18.25.19:782][  0]LogInit: Using OS detected language (en-US).
[2018.04.12-18.25.19:782][  0]LogInit: Using OS detected locale (en-GB).
[2018.04.12-18.25.19:786][  0]LogTextLocalizationManager: No specific localization for 'en-US' exists, so the 'en' localization will be used.
[2018.04.12-18.25.20:205][  0]LogStreaming: Display: Took  0.424s to EndInitTextLocalization.
[2018.04.12-18.25.20:206][  0]LogInit: Setting process to per monitor DPI aware
[2018.04.12-18.25.20:236][  0]LogSlate: New Slate User Created.  User Index 0, Is Virtual User: 0
[2018.04.12-18.25.20:236][  0]LogSlate: Slate User Registered.  User Index 0, Is Virtual User: 0
[2018.04.12-18.25.20:517][  0]LogD3D11RHI: D3D11 adapters:
[2018.04.12-18.25.20:559][  0]LogD3D11RHI:    0. 'NVIDIA GeForce GTX 1070' (Feature Level 11_0)
[2018.04.12-18.25.20:559][  0]LogD3D11RHI:       8088/0/8147 MB DedicatedVideo/DedicatedSystem/SharedSystem, Outputs:1, VendorId:0x10de
[2018.04.12-18.25.20:562][  0]LogD3D11RHI:    1. 'Microsoft Basic Render Driver' (Feature Level 11_0)
[2018.04.12-18.25.20:562][  0]LogD3D11RHI:       0/0/8147 MB DedicatedVideo/DedicatedSystem/SharedSystem, Outputs:0, VendorId:0x1414
[2018.04.12-18.25.20:562][  0]LogD3D11RHI: Chosen D3D11 Adapter: 0
[2018.04.12-18.25.20:568][  0]LogD3D11RHI: Creating new Direct3DDevice
[2018.04.12-18.25.20:568][  0]LogD3D11RHI:     GPU DeviceId: 0x1b81 (for the marketing name, search the web for "GPU Device Id")
[2018.04.12-18.25.20:568][  0]LogWindows: EnumDisplayDevices:
[2018.04.12-18.25.20:568][  0]LogWindows:    0. 'NVIDIA GeForce GTX 1070' (P:1 D:1)
[2018.04.12-18.25.20:568][  0]LogWindows:    1. 'NVIDIA GeForce GTX 1070' (P:0 D:0)
[2018.04.12-18.25.20:569][  0]LogWindows:    2. 'NVIDIA GeForce GTX 1070' (P:0 D:0)
[2018.04.12-18.25.20:569][  0]LogWindows:    3. 'NVIDIA GeForce GTX 1070' (P:0 D:0)
[2018.04.12-18.25.20:569][  0]LogWindows: DebugString: GetVideoDriverDetailsInvalid PrimaryIsNotTheChoosenAdapter GetVideoDriverDetailsInvalid PrimaryIsNotTheChoosenAdapter GetVideoDriverDetailsInvalid PrimaryIsNotTheChoosenAdapter GetVideoDriverDetailsInvalid PrimaryIsNotTheChoosenAdapter FoundDriverCount:0 
[2018.04.12-18.25.20:569][  0]LogD3D11RHI:     Adapter Name: NVIDIA GeForce GTX 1070
[2018.04.12-18.25.20:569][  0]LogD3D11RHI:   Driver Version: Unknown (internal:Unknown, unified:Unknown)
[2018.04.12-18.25.20:569][  0]LogD3D11RHI:      Driver Date: Unknown
[2018.04.12-18.25.20:569][  0]LogRHI: Texture pool is 5661 MB (70% of 8088 MB)
[2018.04.12-18.25.20:602][  0]LogD3D11RHI: [Aftermath] Aftermath enabled and primed
[2018.04.12-18.25.20:602][  0]LogD3D11RHI: Async texture creation enabled
[2018.04.12-18.25.20:620][  0]LogD3D11RHI: GPU Timing Frequency: 1000.000000 (Debug: 2 2)
[2018.04.12-18.25.20:622][  0]LogShaderCompilers: Guid format shader working directory is -21 characters bigger than the processId version (../../../../../../Users/sc14bjm/Documents/Unreal Projects/Development/Intermediate/Shaders/WorkingDirectory/1792/).
[2018.04.12-18.25.20:622][  0]LogShaderCompilers: Cleaned the shader compiler working directory 'C:/Users/sc14bjm/AppData/Local/Temp/UnrealShaderWorkingDir/00640EF54903E858D6647D85C2FF4ED9/'.
[2018.04.12-18.25.20:856][  0]LogTemp: Display: Loaded TP AllDesktopTargetPlatform
[2018.04.12-18.25.20:872][  0]LogTemp: Display: Loaded TP MacClientTargetPlatform
[2018.04.12-18.25.20:888][  0]LogTemp: Display: Loaded TP MacNoEditorTargetPlatform
[2018.04.12-18.25.20:903][  0]LogTemp: Display: Loaded TP MacServerTargetPlatform
[2018.04.12-18.25.20:919][  0]LogTemp: Display: Loaded TP MacTargetPlatform
[2018.04.12-18.25.20:934][  0]LogTemp: Display: Loaded TP WindowsClientTargetPlatform
[2018.04.12-18.25.20:949][  0]LogTemp: Display: Loaded TP WindowsNoEditorTargetPlatform
[2018.04.12-18.25.20:964][  0]LogTemp: Display: Loaded TP WindowsServerTargetPlatform
[2018.04.12-18.25.20:971][  0]LogTemp: Display: Loaded TP WindowsTargetPlatform
[2018.04.12-18.25.20:985][  0]LogTemp: Display: Loaded TP Android_ASTCTargetPlatform
[2018.04.12-18.25.20:998][  0]LogTemp: Display: Loaded TP Android_ATCTargetPlatform
[2018.04.12-18.25.21:011][  0]LogTemp: Display: Loaded TP Android_DXTTargetPlatform
[2018.04.12-18.25.21:025][  0]LogTemp: Display: Loaded TP Android_ETC1aTargetPlatform
[2018.04.12-18.25.21:038][  0]LogTemp: Display: Loaded TP Android_ETC1TargetPlatform
[2018.04.12-18.25.21:051][  0]LogTemp: Display: Loaded TP Android_ETC2TargetPlatform
[2018.04.12-18.25.21:079][  0]LogTemp: Display: Loaded TP Android_MultiTargetPlatform
[2018.04.12-18.25.21:079][  0]LogTemp: Display: Loaded TP Android_PVRTCTargetPlatform
[2018.04.12-18.25.21:092][  0]LogTemp: Display: Loaded TP AndroidTargetPlatform
[2018.04.12-18.25.21:094][  0]LogTemp: Display: Loaded TP HTML5TargetPlatform
[2018.04.12-18.25.21:133][  0]LogTemp: Display: Loaded TP IOSTargetPlatform
[2018.04.12-18.25.21:156][  0]LogTemp: Display: Loaded TP TVOSTargetPlatform
[2018.04.12-18.25.21:170][  0]LogTemp: Display: Loaded TP LinuxClientTargetPlatform
[2018.04.12-18.25.21:186][  0]LogTemp: Display: Loaded TP LinuxNoEditorTargetPlatform
[2018.04.12-18.25.21:200][  0]LogTemp: Display: Loaded TP LinuxServerTargetPlatform
[2018.04.12-18.25.21:215][  0]LogTemp: Display: Loaded TP LinuxTargetPlatform
[2018.04.12-18.25.21:215][  0]LogTargetPlatformManager: Display: Building Assets For Windows
[2018.04.12-18.25.21:387][  0]LogXGEController: Cannot use XGE Controller as Incredibuild is not installed on this machine.
[2018.04.12-18.25.21:387][  0]LogShaderCompilers: Cannot use XGE Shader Compiler as Incredibuild is not installed on this machine.
[2018.04.12-18.25.21:387][  0]LogShaderCompilers: Display: Using Local Shader Compiler.
[2018.04.12-18.25.22:199][  0]LogDerivedDataCache: Display: Max Cache Size: 512 MB
[2018.04.12-18.25.22:273][  0]LogDerivedDataCache: Loaded boot cache 0.07s 74MB C:/Users/sc14bjm/AppData/Local/UnrealEngine/4.19/DerivedDataCache/Boot.ddc.
[2018.04.12-18.25.22:274][  0]LogDerivedDataCache: Display: Loaded Boot cache: C:/Users/sc14bjm/AppData/Local/UnrealEngine/4.19/DerivedDataCache/Boot.ddc
[2018.04.12-18.25.22:274][  0]LogDerivedDataCache: FDerivedDataBackendGraph:  Pak pak cache file ../../../../../../Users/sc14bjm/Documents/Unreal Projects/Development/DerivedDataCache/DDC.ddp not found, will not use a pak cache.
[2018.04.12-18.25.22:274][  0]LogDerivedDataCache: Unable to find inner node Pak for hierarchical cache Hierarchy.
[2018.04.12-18.25.22:274][  0]LogDerivedDataCache: FDerivedDataBackendGraph:  CompressedPak pak cache file ../../../../../../Users/sc14bjm/Documents/Unreal Projects/Development/DerivedDataCache/Compressed.ddp not found, will not use a pak cache.
[2018.04.12-18.25.22:274][  0]LogDerivedDataCache: Unable to find inner node CompressedPak for hierarchical cache Hierarchy.
[2018.04.12-18.25.22:289][  0]LogDerivedDataCache: Display: Pak cache opened for reading ../../../Engine/DerivedDataCache/Compressed.ddp.
[2018.04.12-18.25.22:301][  0]LogDerivedDataCache: Using Local data cache path C:/Users/sc14bjm/AppData/Local/UnrealEngine/Common/DerivedDataCache: Writable
[2018.04.12-18.25.22:313][  0]LogMaterial: Verifying Global Shaders for PCD3D_SM5
[2018.04.12-18.25.22:313][  0]LogSlate: Using Freetype 2.6.0
[2018.04.12-18.25.22:314][  0]LogSlate: SlateFontCache - WITH_FREETYPE: 1, WITH_HARFBUZZ: 1
[2018.04.12-18.25.22:314][  0]LogSlate: SlateFontCache - WITH_FREETYPE: 1, WITH_HARFBUZZ: 1
[2018.04.12-18.25.22:468][  0]LogAssetRegistry: FAssetRegistry took 0.0263 seconds to start up
[2018.04.12-18.25.22:784][  0]LogInit: Selected Device Profile: [Windows]
[2018.04.12-18.25.22:934][  0]LogSimplygon: Simplygon DLL not present - disabling.
[2018.04.12-18.25.22:937][  0]LogMeshReduction: Using SimplygonSwarm for distributed automatic mesh merging
[2018.04.12-18.25.22:937][  0]LogMeshReduction: Using QuadricMeshReduction for automatic static mesh reduction
[2018.04.12-18.25.22:937][  0]LogMeshReduction: No automatic skeletal mesh reduction module available
[2018.04.12-18.25.22:937][  0]LogMeshReduction: No automatic mesh merging module available
[2018.04.12-18.25.22:937][  0]LogMeshMerging: No automatic mesh merging module available
[2018.04.12-18.25.22:972][  0]LogNetVersion: Development , NetCL: 3944462, EngineNetVer: 2, GameNetVer: 0 (Checksum: 3771591798)
[2018.04.12-18.25.23:461][  0]LogPackageLocalizationCache: Processed 9 localized package path(s) for 2 prioritized culture(s) in 0.146908 seconds
[2018.04.12-18.25.23:467][  0]LogUObjectArray: 36728 objects as part of root set at end of initial load.
[2018.04.12-18.25.23:467][  0]LogUObjectAllocator: 7314304 out of 0 bytes used by permanent object pool.
[2018.04.12-18.25.23:467][  0]LogUObjectArray: CloseDisregardForGC: 0/0 objects in disregard for GC pool
[2018.04.12-18.25.25:198][  0]LogTcpMessaging: Initializing TcpMessaging bridge
[2018.04.12-18.25.25:233][  0]LogUdpMessaging: Initializing bridge on interface 0.0.0.0:0 to multicast group 230.0.0.1:6666.
[2018.04.12-18.25.25:709][  0]SourceControl: Source control is disabled
[2018.04.12-18.25.25:710][  0]SourceControl: Source control is disabled
[2018.04.12-18.25.25:734][  0]SourceControl: Source control is disabled
[2018.04.12-18.25.25:757][  0]SourceControl: Source control is disabled
[2018.04.12-18.25.26:387][  0]LogAndroidPermission: UAndroidPermissionCallbackProxy::GetInstance
[2018.04.12-18.25.26:610][  0]LogOcInput: OculusInput pre-init called
[2018.04.12-18.25.26:739][  0]LogEngine: Initializing Engine...
[2018.04.12-18.25.26:788][  0]LogHMD: SteamVR initialized.  Driver: lighthouse  Display: LHR-476B16BB
[2018.04.12-18.25.26:791][  0]LogStats: UGameplayTagsManager::ConstructGameplayTagTree: Construct from data asset -  0.000 s
[2018.04.12-18.25.26:791][  0]LogStats: UGameplayTagsManager::ConstructGameplayTagTree: GameplayTagTreeChangedEvent.Broadcast -  0.000 s
[2018.04.12-18.25.27:016][  0]LogAIModule: Creating AISystem for world Untitled
[2018.04.12-18.25.27:029][  0]LogInit: XAudio2 using 'Speakers (2- USB Audio Device)' : 2 channels at 48 kHz using 16 bits per sample (channel mask 0x3)
[2018.04.12-18.25.27:042][  0]LogInit: FAudioDevice initialized.
[2018.04.12-18.25.27:240][  0]LogDerivedDataCache: Saved boot cache 0.20s 74MB C:/Users/sc14bjm/AppData/Local/UnrealEngine/4.19/DerivedDataCache/Boot.ddc.
[2018.04.12-18.25.27:257][  0]LogInit: Texture streaming: Enabled
[2018.04.12-18.25.27:284][  0]LogEngineSessionManager: EngineSessionManager initialized
[2018.04.12-18.25.27:302][  0]LogInit: Transaction tracking system initialized
[2018.04.12-18.25.27:331][  0]BlueprintLog: New page: Editor Load
[2018.04.12-18.25.27:418][  0]LocalizationService: Localization service is disabled
[2018.04.12-18.25.27:535][  0]LogConsoleResponse: Display: 
[2018.04.12-18.25.27:690][  0]LogCook: Display: Max memory allowance for cook 16384mb min free memory 0mb
[2018.04.12-18.25.27:690][  0]LogCook: Display: Mobile HDR setting 0
[2018.04.12-18.25.27:691][  0]LogGameplayTags: Display: UGameplayTagsManager::DoneAddingNativeTags. DelegateIsBound: 0
[2018.04.12-18.25.27:691][  0]LogStats: UGameplayTagsManager::ConstructGameplayTagTree: Construct from data asset -  0.000 s
[2018.04.12-18.25.27:691][  0]LogStats: UGameplayTagsManager::ConstructGameplayTagTree: GameplayTagTreeChangedEvent.Broadcast -  0.000 s
[2018.04.12-18.25.28:181][  0]LogFileCache: Scanning file cache for directory 'C:/Users/sc14bjm/Documents/Unreal Projects/Development/Content/' took 0.01s
[2018.04.12-18.25.28:181][  0]SourceControl: Source control is disabled
[2018.04.12-18.25.28:181][  0]Cmd: MAP LOAD FILE="../../../../../../Users/sc14bjm/Documents/Unreal Projects/Development/Content/World.umap" TEMPLATE=0 SHOWPROGRESS=1 FEATURELEVEL=3
[2018.04.12-18.25.28:182][  0]LightingResults: New page: Lighting Build
[2018.04.12-18.25.28:185][  0]MapCheck: New page: Map Check
[2018.04.12-18.25.28:185][  0]LightingResults: New page: Lighting Build
[2018.04.12-18.25.28:444][  0]LogBlueprint: Warning: [Compiler BP_MotionController] Set Hand  is deprecated; please replace or remove it.
[2018.04.12-18.25.28:444][  0]LogBlueprint: Warning: [Compiler BP_MotionController] Set Hand  is deprecated; Please use the Motion Source property instead of Hand
[2018.04.12-18.25.28:464][  0]LogBlueprint: Warning: [Compiler BP_MotionController] [0011.73] Compile of BP_MotionController successful, but with 2 Warning(s) [in 33 ms] (/Game/VirtualRealityBP/Blueprints/BP_MotionController.BP_MotionController)
[2018.04.12-18.25.28:670][  0]LogSkeletalMesh: Skeletal Mesh found in DDC [1.790112ms] /Game/VirtualReality/Mannequin/Character/Mesh/MannequinHand_Right.MannequinHand_Right
[2018.04.12-18.25.28:739][  0]LogAIModule: Creating AISystem for world World
[2018.04.12-18.25.28:746][  0]LogEditorServer: Finished looking for orphan Actors (0.000 secs)
[2018.04.12-18.25.28:760][  0]Cmd: MAP CHECKDEP NOCLEARLOG
[2018.04.12-18.25.28:841][  0]MapCheck: Map check complete: 0 Error(s), 0 Warning(s), took 80.875ms to complete.
[2018.04.12-18.25.28:841][  0]LogFileHelpers: Loading map 'World' took 0.660
[2018.04.12-18.25.28:906][  0]LogWindowsTextInputMethodSystem: Display: IME system now deactivated.
[2018.04.12-18.25.28:982][  0]LogCollectionManager: Loaded 0 collections in 0.002211 seconds
[2018.04.12-18.25.29:024][  0]LogFileCache: Scanning file cache for directory 'C:/Users/sc14bjm/Documents/Unreal Projects/Development/Saved/Collections/' took 0.01s
[2018.04.12-18.25.29:024][  0]LogFileCache: Scanning file cache for directory 'C:/Users/sc14bjm/Documents/Unreal Projects/Development/Content/Developers/sc14bjm/Collections/' took 0.01s
[2018.04.12-18.25.29:024][  0]LogFileCache: Scanning file cache for directory 'C:/Users/sc14bjm/Documents/Unreal Projects/Development/Content/Collections/' took 0.01s
[2018.04.12-18.25.29:024][  0]LogCollectionManager: Rebuilt the GUID cache for 0 collections in 0.000000 seconds
[2018.04.12-18.25.29:033][  0]LogContentBrowser: Native class hierarchy populated in 0.0085 seconds. Added 2452 classes and 558 folders.
[2018.04.12-18.25.29:040][  0]LogContentBrowser: Native class hierarchy updated for 'WidgetCarousel' in 0.0003 seconds. Added 0 classes and 0 folders.
[2018.04.12-18.25.29:100][  0]LogContentBrowser: Native class hierarchy updated for 'AddContentDialog' in 0.0002 seconds. Added 0 classes and 0 folders.
[2018.04.12-18.25.29:107][  0]LogContentBrowser: Native class hierarchy updated for 'SceneOutliner' in 0.0003 seconds. Added 1 classes and 2 folders.
[2018.04.12-18.25.29:124][  0]LogSlate: Took 0.000318 seconds to synchronously load lazily loaded font '../../../Engine/Content/Slate/Fonts/Roboto-Regular.ttf' (155K)
[2018.04.12-18.25.29:126][  0]LogSlate: Took 0.000261 seconds to synchronously load lazily loaded font '../../../Engine/Content/Slate/Fonts/Roboto-Bold.ttf' (160K)
[2018.04.12-18.25.29:133][  0]LogSlate: Took 0.000289 seconds to synchronously load lazily loaded font '../../../Engine/Content/Editor/Slate/Fonts/FontAwesome.ttf' (139K)
[2018.04.12-18.25.29:221][  0]LogRenderer: Reallocating scene render targets to support 1616x916 Format 10 NumSamples 1 (Frame:1).
[2018.04.12-18.25.29:336][  0]LogContentBrowser: Native class hierarchy updated for 'HierarchicalLODOutliner' in 0.0003 seconds. Added 0 classes and 0 folders.
[2018.04.12-18.25.29:336][  0]LogLoad: (Engine Initialization) Total time: 12.60 seconds
[2018.04.12-18.25.29:336][  0]LogLoad: (Engine Initialization) Total Blueprint compile time: 0.00 seconds
[2018.04.12-18.25.29:366][  0]LogContentStreaming: Texture pool size now 1000 MB
[2018.04.12-18.25.29:435][  1]LogAssetRegistry: Asset discovery search completed in 6.9890 seconds
[2018.04.12-18.25.29:436][  1]LogCollectionManager: Rebuilt the object cache for 0 collections in 0.000000 seconds (found 0 objects)
[2018.04.12-18.25.29:436][  1]LogCollectionManager: Fixed up redirectors for 0 collections in 0.000066 seconds (updated 0 objects)
[2018.04.12-18.25.30:358][108]LogSlate: Took 0.000283 seconds to synchronously load lazily loaded font '../../../Engine/Content/Slate/Fonts/Roboto-Light.ttf' (167K)
[2018.04.12-18.25.37:058][911]LogSlate: FSceneViewport::OnFocusLost() reason 0
[2018.04.12-18.25.37:132][920]LogTemp: Repeating last play command: VR Preview
[2018.04.12-18.25.37:143][920]LogPlayLevel: PlayLevel: No blueprints needed recompiling
[2018.04.12-18.25.37:143][920]PIE: New page: PIE session: World (12 Apr 2018 20:25:37)
[2018.04.12-18.25.37:143][920]LogPlayLevel: Creating play world package: /Game/UEDPIE_0_World
[2018.04.12-18.25.37:147][920]LogPlayLevel: PIE: StaticDuplicateObject took: (0.003838s)
[2018.04.12-18.25.37:148][920]LogAIModule: Creating AISystem for world World
[2018.04.12-18.25.37:148][920]LogPlayLevel: PIE: World Init took: (0.000698s)
[2018.04.12-18.25.37:148][920]LogPlayLevel: PIE: Created PIE world by copying editor world from /Game/World.World to /Game/UEDPIE_0_World.World (0.004752s)
[2018.04.12-18.25.37:165][920]LogInit: XAudio2 using 'Speakers (2- USB Audio Device)' : 2 channels at 48 kHz using 16 bits per sample (channel mask 0x3)
[2018.04.12-18.25.37:173][920]LogInit: FAudioDevice initialized.
[2018.04.12-18.25.37:256][920]LogLoad: Game class is 'GameModeBase'
[2018.04.12-18.25.37:259][920]LogWorld: Bringing World /Game/UEDPIE_0_World.World up for play (max tick rate 0) at 2018.04.12-19.25.37
[2018.04.12-18.25.37:260][920]LogWorld: Bringing up level for play took: 0.001832
[2018.04.12-18.25.37:265][920]LogContentBrowser: Native class hierarchy updated for 'MovieSceneCapture' in 0.0003 seconds. Added 11 classes and 0 folders.
[2018.04.12-18.25.37:271][920]PIE: Play in editor start time for /Game/UEDPIE_0_World 0.839
[2018.04.12-18.25.37:332][921]LogRenderer: Reallocating scene render targets to support 3400x1888 Format 10 NumSamples 1 (Frame:1).
[2018.04.12-18.26.28:822][505]LogSlate: Window 'Development Game Preview Standalone (64-bit/PCD3D_SM5)' being destroyed
[2018.04.12-18.26.34:685][185]Cmd: OBJ SAVEPACKAGE PACKAGE="/Game/World" FILE="../../../../../../Users/sc14bjm/Documents/Unreal Projects/Development/Content/World.umap" SILENT=true AUTOSAVING=false KEEPDIRTY=false
[2018.04.12-18.26.34:732][185]LogSavePackage: Save=31.36ms
[2018.04.12-18.26.34:732][185]LogSavePackage: Moving '../../../../../../Users/sc14bjm/Documents/Unreal Projects/Development/Saved/World7C29E20040E6C94B2F5F719DBCCC7994.tmp' to '../../../../../../Users/sc14bjm/Documents/Unreal Projects/Development/Content/World.umap'
[2018.04.12-18.26.34:737][185]LogSavePackage: Display: Finished SavePackage ../../../../../../Users/sc14bjm/Documents/Unreal Projects/Development/Content/World.umap
[2018.04.12-18.26.34:775][185]Cmd: OBJ SAVEPACKAGE PACKAGE="/Game/World_BuiltData" FILE="../../../../../../Users/sc14bjm/Documents/Unreal Projects/Development/Content/World_BuiltData.uasset" SILENT=true
[2018.04.12-18.26.34:802][185]LogSavePackage: Save=17.24ms
[2018.04.12-18.26.34:802][185]LogSavePackage: Moving '../../../../../../Users/sc14bjm/Documents/Unreal Projects/Development/Saved/World_BuiltDataA410FA3845DB8271BD0C6B89BB833B0E.tmp' to '../../../../../../Users/sc14bjm/Documents/Unreal Projects/Development/Content/World_BuiltData.uasset'
[2018.04.12-18.26.34:807][185]LogSavePackage: Display: Finished SavePackage ../../../../../../Users/sc14bjm/Documents/Unreal Projects/Development/Content/World_BuiltData.uasset
[2018.04.12-18.26.38:697][649]Cmd: OBJ SAVEPACKAGE PACKAGE="/Game/World" FILE="../../../../../../Users/sc14bjm/Documents/Unreal Projects/Development/Content/World.umap" SILENT=true AUTOSAVING=false KEEPDIRTY=false
[2018.04.12-18.26.38:738][649]LogSavePackage: Save=25.70ms
[2018.04.12-18.26.38:738][649]LogSavePackage: Moving '../../../../../../Users/sc14bjm/Documents/Unreal Projects/Development/Saved/World7AE8DE0545D6B67D81B60993A6B9D092.tmp' to '../../../../../../Users/sc14bjm/Documents/Unreal Projects/Development/Content/World.umap'
[2018.04.12-18.26.38:743][649]LogSavePackage: Display: Finished SavePackage ../../../../../../Users/sc14bjm/Documents/Unreal Projects/Development/Content/World.umap
[2018.04.12-18.26.38:764][649]Cmd: OBJ SAVEPACKAGE PACKAGE="/Game/World_BuiltData" FILE="../../../../../../Users/sc14bjm/Documents/Unreal Projects/Development/Content/World_BuiltData.uasset" SILENT=true
[2018.04.12-18.26.38:777][649]LogSavePackage: Save=8.55ms
[2018.04.12-18.26.38:777][649]LogSavePackage: Moving '../../../../../../Users/sc14bjm/Documents/Unreal Projects/Development/Saved/World_BuiltData8AE5021F4CE8C95F901F4B86EE209C42.tmp' to '../../../../../../Users/sc14bjm/Documents/Unreal Projects/Development/Content/World_BuiltData.uasset'
[2018.04.12-18.26.38:782][649]LogSavePackage: Display: Finished SavePackage ../../../../../../Users/sc14bjm/Documents/Unreal Projects/Development/Content/World_BuiltData.uasset
[2018.04.12-18.27.12:812][731]LogEditorViewport: Clicking on Actor (LMB): BP_PickupCube_C (BP_PickupCube)
[2018.04.12-18.27.19:356][497]LogSlate: FSceneViewport::OnFocusLost() reason 0
[2018.04.12-18.27.26:955][355]LogContentBrowser: Native class hierarchy updated for 'BlueprintGraph' in 0.0011 seconds. Added 116 classes and 0 folders.
[2018.04.12-18.27.27:661][355]LogSlate: Took 0.000312 seconds to synchronously load lazily loaded font '../../../Engine/Content/Slate/Fonts/Roboto-BoldCondensed.ttf' (158K)
[2018.04.12-18.27.27:717][356]LogSlate: Took 0.000340 seconds to synchronously load lazily loaded font '../../../Engine/Content/Slate/Fonts/Roboto-Italic.ttf' (157K)
[2018.04.12-18.27.29:418][476]LogSlate: Window 'BP_PickupCube' being destroyed
[2018.04.12-18.27.29:421][476]LogSlate: Window 'BP_PickupCube' being destroyed
[2018.04.12-18.27.33:765][948]LogSlate: FSceneViewport::OnFocusLost() reason 0
[2018.04.12-18.27.47:207][517]LogSlate: FSceneViewport::OnFocusLost() reason 0
[2018.04.12-18.27.52:401][128]Cmd: OBJ SAVEPACKAGE PACKAGE="/Game/World" FILE="../../../../../../Users/sc14bjm/Documents/Unreal Projects/Development/Content/World.umap" SILENT=true AUTOSAVING=false KEEPDIRTY=false
[2018.04.12-18.27.52:454][128]LogSavePackage: Save=28.65ms
[2018.04.12-18.27.52:454][128]LogSavePackage: Moving '../../../../../../Users/sc14bjm/Documents/Unreal Projects/Development/Saved/WorldD719CFDA4C2E3E6470EBEF922F543C07.tmp' to '../../../../../../Users/sc14bjm/Documents/Unreal Projects/Development/Content/World.umap'
[2018.04.12-18.27.52:462][128]LogSavePackage: Display: Finished SavePackage ../../../../../../Users/sc14bjm/Documents/Unreal Projects/Development/Content/World.umap
[2018.04.12-18.27.52:481][128]Cmd: OBJ SAVEPACKAGE PACKAGE="/Game/World_BuiltData" FILE="../../../../../../Users/sc14bjm/Documents/Unreal Projects/Development/Content/World_BuiltData.uasset" SILENT=true
[2018.04.12-18.27.52:495][128]LogSavePackage: Save=9.31ms
[2018.04.12-18.27.52:495][128]LogSavePackage: Moving '../../../../../../Users/sc14bjm/Documents/Unreal Projects/Development/Saved/World_BuiltData0C62E7144534AEC9551F1A8135622EB2.tmp' to '../../../../../../Users/sc14bjm/Documents/Unreal Projects/Development/Content/World_BuiltData.uasset'
[2018.04.12-18.27.52:500][128]LogSavePackage: Display: Finished SavePackage ../../../../../../Users/sc14bjm/Documents/Unreal Projects/Development/Content/World_BuiltData.uasset
[2018.04.12-18.27.53:567][253]LogTemp: Repeating last play command: VR Preview
[2018.04.12-18.27.53:578][253]LogPlayLevel: PlayLevel: No blueprints needed recompiling
[2018.04.12-18.27.53:578][253]PIE: New page: PIE session: World (12 Apr 2018 20:27:53)
[2018.04.12-18.27.53:578][253]LogPlayLevel: Creating play world package: /Game/UEDPIE_0_World
[2018.04.12-18.27.53:581][253]LogPlayLevel: PIE: StaticDuplicateObject took: (0.003146s)
[2018.04.12-18.27.53:582][253]LogAIModule: Creating AISystem for world World
[2018.04.12-18.27.53:582][253]LogPlayLevel: PIE: World Init took: (0.000765s)
[2018.04.12-18.27.53:582][253]LogPlayLevel: PIE: Created PIE world by copying editor world from /Game/World.World to /Game/UEDPIE_0_World.World (0.004092s)
[2018.04.12-18.27.53:607][253]LogInit: XAudio2 using 'Speakers (2- USB Audio Device)' : 2 channels at 48 kHz using 16 bits per sample (channel mask 0x3)
[2018.04.12-18.27.53:615][253]LogInit: FAudioDevice initialized.
[2018.04.12-18.27.53:696][253]LogLoad: Game class is 'GameModeBase'
[2018.04.12-18.27.53:697][253]LogWorld: Bringing World /Game/UEDPIE_0_World.World up for play (max tick rate 0) at 2018.04.12-19.27.53
[2018.04.12-18.27.53:697][253]LogWorld: Bringing up level for play took: 0.000950
[2018.04.12-18.27.53:705][253]PIE: Play in editor start time for /Game/UEDPIE_0_World -0.725
[2018.04.12-18.28.38:841][277]LogSlate: Window 'Development Game Preview Standalone (64-bit/PCD3D_SM5)' being destroyed
[2018.04.12-18.29.03:127][177]LogEditorViewport: Clicking on Actor (LMB): BP_PickupCube_C (BP_PickupCube)
[2018.04.12-18.29.18:160][961]LogSlate: FSceneViewport::OnFocusLost() reason 0
[2018.04.12-18.29.33:998][269]LogEditorTransaction: Undo Move Node
[2018.04.12-18.29.56:792][273]BlueprintLog: New page: Compile BP_Catch
[2018.04.12-18.29.57:554][316]Cmd: OBJ SAVEPACKAGE PACKAGE="/Game/BP_Catch" FILE="../../../../../../Users/sc14bjm/Documents/Unreal Projects/Development/Content/BP_Catch.uasset" SILENT=true
[2018.04.12-18.29.57:577][316]LogSavePackage: Save=16.34ms
[2018.04.12-18.29.57:577][316]LogSavePackage: Moving '../../../../../../Users/sc14bjm/Documents/Unreal Projects/Development/Saved/BP_Catch85F939C345F6A22CA747A695C13BDD94.tmp' to '../../../../../../Users/sc14bjm/Documents/Unreal Projects/Development/Content/BP_Catch.uasset'
[2018.04.12-18.29.57:585][316]LogSavePackage: Display: Finished SavePackage ../../../../../../Users/sc14bjm/Documents/Unreal Projects/Development/Content/BP_Catch.uasset
[2018.04.12-18.29.59:998][531]LogTemp: Repeating last play command: VR Preview
[2018.04.12-18.30.00:015][531]LogPlayLevel: PlayLevel: No blueprints needed recompiling
[2018.04.12-18.30.00:015][531]PIE: New page: PIE session: World (12 Apr 2018 20:30:00)
[2018.04.12-18.30.00:015][531]LogPlayLevel: Creating play world package: /Game/UEDPIE_0_World
[2018.04.12-18.30.00:018][531]LogPlayLevel: PIE: StaticDuplicateObject took: (0.003234s)
[2018.04.12-18.30.00:019][531]LogAIModule: Creating AISystem for world World
[2018.04.12-18.30.00:019][531]LogPlayLevel: PIE: World Init took: (0.001221s)
[2018.04.12-18.30.00:020][531]LogPlayLevel: PIE: Created PIE world by copying editor world from /Game/World.World to /Game/UEDPIE_0_World.World (0.004691s)
[2018.04.12-18.30.00:043][531]LogInit: XAudio2 using 'Speakers (2- USB Audio Device)' : 2 channels at 48 kHz using 16 bits per sample (channel mask 0x3)
[2018.04.12-18.30.00:051][531]LogInit: FAudioDevice initialized.
[2018.04.12-18.30.00:133][531]LogLoad: Game class is 'GameModeBase'
[2018.04.12-18.30.00:134][531]LogWorld: Bringing World /Game/UEDPIE_0_World.World up for play (max tick rate 0) at 2018.04.12-19.30.00
[2018.04.12-18.30.00:135][531]LogWorld: Bringing up level for play took: 0.001013
[2018.04.12-18.30.00:144][531]PIE: Play in editor start time for /Game/UEDPIE_0_World -0.284
[2018.04.12-18.30.59:043][785]LogSlate: Window 'Development Game Preview Standalone (64-bit/PCD3D_SM5)' being destroyed
[2018.04.12-18.31.16:529][631]BlueprintLog: New page: Compile BP_Catch
[2018.04.12-18.31.17:373][690]Cmd: OBJ SAVEPACKAGE PACKAGE="/Game/BP_Catch" FILE="../../../../../../Users/sc14bjm/Documents/Unreal Projects/Development/Content/BP_Catch.uasset" SILENT=true
[2018.04.12-18.31.17:394][690]LogSavePackage: Save=15.75ms
[2018.04.12-18.31.17:394][690]LogSavePackage: Moving '../../../../../../Users/sc14bjm/Documents/Unreal Projects/Development/Saved/BP_Catch5DFFAF8546635FCEA1092E907D442B8F.tmp' to '../../../../../../Users/sc14bjm/Documents/Unreal Projects/Development/Content/BP_Catch.uasset'
[2018.04.12-18.31.17:399][690]LogSavePackage: Display: Finished SavePackage ../../../../../../Users/sc14bjm/Documents/Unreal Projects/Development/Content/BP_Catch.uasset
[2018.04.12-18.31.33:015][522]LogSlate: Prevented a slow task dialog from being summoned while a context menu was open
[2018.04.12-18.34.40:769][577]LogSlate: Window 'World* - Level Blueprint Editor' being destroyed
[2018.04.12-18.34.40:772][577]LogSlate: Window 'World* - Level Blueprint Editor' being destroyed
[2018.04.12-18.34.41:849][692]Cmd: OBJ SAVEPACKAGE PACKAGE="/Game/World" FILE="../../../../../../Users/sc14bjm/Documents/Unreal Projects/Development/Content/World.umap" SILENT=true AUTOSAVING=false KEEPDIRTY=false
[2018.04.12-18.34.41:906][692]LogSavePackage: Save=31.50ms
[2018.04.12-18.34.41:906][692]LogSavePackage: Moving '../../../../../../Users/sc14bjm/Documents/Unreal Projects/Development/Saved/WorldFC0144AD40BB995D75613BA208D6E53C.tmp' to '../../../../../../Users/sc14bjm/Documents/Unreal Projects/Development/Content/World.umap'
[2018.04.12-18.34.41:914][692]LogSavePackage: Display: Finished SavePackage ../../../../../../Users/sc14bjm/Documents/Unreal Projects/Development/Content/World.umap
[2018.04.12-18.34.41:936][692]Cmd: OBJ SAVEPACKAGE PACKAGE="/Game/World_BuiltData" FILE="../../../../../../Users/sc14bjm/Documents/Unreal Projects/Development/Content/World_BuiltData.uasset" SILENT=true
[2018.04.12-18.34.41:952][692]LogSavePackage: Save=8.79ms
[2018.04.12-18.34.41:952][692]LogSavePackage: Moving '../../../../../../Users/sc14bjm/Documents/Unreal Projects/Development/Saved/World_BuiltData2DBBE491434AEF7F7473838C01B73BCF.tmp' to '../../../../../../Users/sc14bjm/Documents/Unreal Projects/Development/Content/World_BuiltData.uasset'
[2018.04.12-18.34.41:957][692]LogSavePackage: Display: Finished SavePackage ../../../../../../Users/sc14bjm/Documents/Unreal Projects/Development/Content/World_BuiltData.uasset
[2018.04.12-18.35.03:529][595]BlueprintLog: New page: Compile BP_Catch
[2018.04.12-18.35.04:097][619]Cmd: OBJ SAVEPACKAGE PACKAGE="/Game/BP_Catch" FILE="../../../../../../Users/sc14bjm/Documents/Unreal Projects/Development/Content/BP_Catch.uasset" SILENT=true
[2018.04.12-18.35.04:120][619]LogSavePackage: Save=15.78ms
[2018.04.12-18.35.04:120][619]LogSavePackage: Moving '../../../../../../Users/sc14bjm/Documents/Unreal Projects/Development/Saved/BP_CatchDCBCBA04450E2D06654427AA5E6553E5.tmp' to '../../../../../../Users/sc14bjm/Documents/Unreal Projects/Development/Content/BP_Catch.uasset'
[2018.04.12-18.35.04:125][619]LogSavePackage: Display: Finished SavePackage ../../../../../../Users/sc14bjm/Documents/Unreal Projects/Development/Content/BP_Catch.uasset
[2018.04.12-18.35.05:584][746]LogSlate: Window 'BP_Catch' being destroyed
[2018.04.12-18.35.05:587][746]LogSlate: Window 'BP_Catch' being destroyed
[2018.04.12-18.35.06:666][866]Cmd: OBJ SAVEPACKAGE PACKAGE="/Game/World" FILE="../../../../../../Users/sc14bjm/Documents/Unreal Projects/Development/Content/World.umap" SILENT=true AUTOSAVING=false KEEPDIRTY=false
[2018.04.12-18.35.06:786][866]LogSavePackage: Save=97.52ms
[2018.04.12-18.35.06:786][866]LogSavePackage: Moving '../../../../../../Users/sc14bjm/Documents/Unreal Projects/Development/Saved/World28A86B304556436D56F6EFAFFA2DA815.tmp' to '../../../../../../Users/sc14bjm/Documents/Unreal Projects/Development/Content/World.umap'
[2018.04.12-18.35.06:793][866]LogSavePackage: Display: Finished SavePackage ../../../../../../Users/sc14bjm/Documents/Unreal Projects/Development/Content/World.umap
[2018.04.12-18.35.06:813][866]Cmd: OBJ SAVEPACKAGE PACKAGE="/Game/World_BuiltData" FILE="../../../../../../Users/sc14bjm/Documents/Unreal Projects/Development/Content/World_BuiltData.uasset" SILENT=true
[2018.04.12-18.35.06:826][866]LogSavePackage: Save=8.44ms
[2018.04.12-18.35.06:826][866]LogSavePackage: Moving '../../../../../../Users/sc14bjm/Documents/Unreal Projects/Development/Saved/World_BuiltData419FD05E487E02EEF67F6CB4E6BF7DB8.tmp' to '../../../../../../Users/sc14bjm/Documents/Unreal Projects/Development/Content/World_BuiltData.uasset'
[2018.04.12-18.35.06:831][866]LogSavePackage: Display: Finished SavePackage ../../../../../../Users/sc14bjm/Documents/Unreal Projects/Development/Content/World_BuiltData.uasset
[2018.04.12-18.35.12:730][492]BlueprintLog: New page: Compile BP_Robot
[2018.04.12-18.35.13:365][515]Cmd: OBJ SAVEPACKAGE PACKAGE="/Game/Robot_Model/BP_Robot" FILE="../../../../../../Users/sc14bjm/Documents/Unreal Projects/Development/Content/Robot_Model/BP_Robot.uasset" SILENT=true
[2018.04.12-18.35.13:395][515]LogSavePackage: Save=22.49ms
[2018.04.12-18.35.13:395][515]LogSavePackage: Moving '../../../../../../Users/sc14bjm/Documents/Unreal Projects/Development/Saved/BP_RobotC47C82C04403A62F25D6088B3F371E9E.tmp' to '../../../../../../Users/sc14bjm/Documents/Unreal Projects/Development/Content/Robot_Model/BP_Robot.uasset'
[2018.04.12-18.35.13:400][515]LogSavePackage: Display: Finished SavePackage ../../../../../../Users/sc14bjm/Documents/Unreal Projects/Development/Content/Robot_Model/BP_Robot.uasset
[2018.04.12-18.35.14:881][655]LogSlate: Window 'BP_Robot' being destroyed
[2018.04.12-18.35.14:885][655]LogSlate: Window 'BP_Robot' being destroyed
[2018.04.12-18.36.41:450][ 86]LogWindows: LaunchFileInExternalEditor C:/Program Files/Epic Games/UE_4.19/Engine/Source/Runtime/Engine/Classes/GameFramework/GameModeBase.h 
[2018.04.12-18.36.42:151][ 86]LogWindows: Launch application code for C:/Program Files/Epic Games/UE_4.19/Engine/Source/Runtime/Engine/Classes/GameFramework/GameModeBase.h : 42
[2018.04.12-18.36.42:152][ 86]LogVSAccessor: Warning: Couldn't access Visual Studio
[2018.04.12-18.36.42:156][ 86]LogVSAccessor: Warning: Couldn't access module table
[2018.04.12-18.36.42:157][ 86]LogVSAccessor: Warning: Couldn't access module table
[2018.04.12-18.36.42:157][ 86]LogVSAccessor: Warning: Couldn't access module table
[2018.04.12-18.36.42:157][ 86]LogVSAccessor: Warning: Couldn't access module table
[2018.04.12-18.36.42:157][ 86]LogVSAccessor: Warning: Couldn't access module table
[2018.04.12-18.36.42:157][ 86]LogVSAccessor: Warning: Couldn't access module table
[2018.04.12-18.36.42:157][ 86]LogVSAccessor: Warning: Couldn't access module table
[2018.04.12-18.36.42:157][ 86]LogVSAccessor: Warning: Couldn't access module table
[2018.04.12-18.36.42:157][ 86]LogVSAccessor: Warning: Couldn't access module table
[2018.04.12-18.36.42:157][ 86]LogVSAccessor: Warning: Couldn't access module table
[2018.04.12-18.36.42:157][ 86]LogVSAccessor: Warning: Couldn't access module table
[2018.04.12-18.36.42:158][ 86]LogVSAccessor: Warning: Couldn't access module table
[2018.04.12-18.36.42:158][ 86]LogVSAccessor: Warning: Couldn't access module table
[2018.04.12-18.36.42:158][ 86]LogVSAccessor: Warning: Couldn't access module table
[2018.04.12-18.36.42:158][ 86]LogVSAccessor: Warning: Couldn't access module table
[2018.04.12-18.36.42:158][ 86]LogVSAccessor: Warning: Couldn't access module table
[2018.04.12-18.36.42:158][ 86]LogVSAccessor: Warning: Couldn't access module table
[2018.04.12-18.36.42:158][ 86]LogVSAccessor: Warning: Couldn't access module table
[2018.04.12-18.36.42:158][ 86]LogVSAccessor: Warning: Couldn't access module table
[2018.04.12-18.36.42:158][ 86]LogVSAccessor: Warning: Couldn't access module table
[2018.04.12-18.36.42:158][ 86]LogVSAccessor: Warning: Couldn't access module table
[2018.04.12-18.36.42:158][ 86]LogVSAccessor: Warning: Couldn't access module table
[2018.04.12-18.36.42:159][ 86]LogVSAccessor: Warning: Couldn't access module table
[2018.04.12-18.36.42:159][ 86]LogVSAccessor: Warning: Couldn't access module table
[2018.04.12-18.36.42:159][ 86]LogVSAccessor: Warning: Couldn't access module table
[2018.04.12-18.36.42:159][ 86]LogVSAccessor: Warning: Couldn't access module table
[2018.04.12-18.36.42:159][ 86]LogVSAccessor: Warning: Couldn't access module table
[2018.04.12-18.36.42:159][ 86]LogVSAccessor: Warning: Couldn't access module table
[2018.04.12-18.36.42:159][ 86]LogVSAccessor: Warning: Couldn't access module table
[2018.04.12-18.36.42:160][ 86]LogVSAccessor: Warning: Couldn't access module table
[2018.04.12-18.36.42:160][ 86]LogVSAccessor: Warning: Couldn't access module table
[2018.04.12-18.36.42:160][ 86]LogVSAccessor: Warning: Couldn't access module table
[2018.04.12-18.36.42:160][ 86]LogVSAccessor: Warning: Couldn't access module table
[2018.04.12-18.36.42:160][ 86]LogVSAccessor: Warning: Couldn't access module table
[2018.04.12-18.36.42:160][ 86]LogVSAccessor: Warning: Couldn't access module table
[2018.04.12-18.36.42:160][ 86]LogVSAccessor: Warning: Couldn't access module table
[2018.04.12-18.36.42:160][ 86]LogVSAccessor: Warning: Couldn't access module table
[2018.04.12-18.36.42:161][ 86]LogVSAccessor: Warning: Couldn't access module table
[2018.04.12-18.36.42:161][ 86]LogVSAccessor: Warning: Couldn't access module table
[2018.04.12-18.36.42:161][ 86]LogVSAccessor: Warning: Couldn't access module table
[2018.04.12-18.36.42:161][ 86]LogVSAccessor: Warning: Couldn't access module table
[2018.04.12-18.36.42:161][ 86]LogVSAccessor: Warning: Couldn't access module table
[2018.04.12-18.36.42:161][ 86]LogVSAccessor: Warning: Couldn't access module table
[2018.04.12-18.36.42:161][ 86]LogVSAccessor: Warning: Couldn't access module table
[2018.04.12-18.36.42:161][ 86]LogVSAccessor: Warning: Couldn't access module table
[2018.04.12-18.36.42:161][ 86]LogVSAccessor: Warning: Couldn't access module table
[2018.04.12-18.36.42:162][ 86]LogVSAccessor: Warning: Couldn't access module table
[2018.04.12-18.36.42:162][ 86]LogVSAccessor: Warning: Couldn't access module table
[2018.04.12-18.36.42:162][ 86]LogVSAccessor: Warning: Couldn't access module table
[2018.04.12-18.36.42:162][ 86]LogVSAccessor: Warning: Couldn't access module table
[2018.04.12-18.36.42:162][ 86]LogVSAccessor: Warning: Couldn't access module table
[2018.04.12-18.36.42:162][ 86]LogVSAccessor: Warning: Couldn't access module table
[2018.04.12-18.36.42:162][ 86]LogVSAccessor: Warning: Couldn't access module table
[2018.04.12-18.36.42:162][ 86]LogVSAccessor: Warning: Couldn't access module table
[2018.04.12-18.36.42:162][ 86]LogVSAccessor: Warning: Couldn't access module table
[2018.04.12-18.36.42:162][ 86]LogVSAccessor: Warning: Couldn't access module table
[2018.04.12-18.36.42:162][ 86]LogVSAccessor: Warning: Couldn't access module table
[2018.04.12-18.36.42:163][ 86]LogVSAccessor: Warning: Couldn't access module table
[2018.04.12-18.36.42:163][ 86]LogVSAccessor: Warning: Couldn't access module table
[2018.04.12-18.36.42:163][ 86]LogVSAccessor: Warning: Couldn't access module table
[2018.04.12-18.36.42:163][ 86]LogVSAccessor: Warning: Couldn't access module table
[2018.04.12-18.36.42:163][ 86]LogVSAccessor: Warning: Couldn't access module table
[2018.04.12-18.36.42:163][ 86]LogVSAccessor: Warning: Couldn't access module table
[2018.04.12-18.36.42:163][ 86]LogVSAccessor: Warning: Couldn't access module table
[2018.04.12-18.36.42:163][ 86]LogVSAccessor: Warning: Couldn't access module table
[2018.04.12-18.36.42:163][ 86]LogVSAccessor: Warning: Couldn't access module table
[2018.04.12-18.36.42:163][ 86]LogVSAccessor: Warning: Couldn't access module table
[2018.04.12-18.36.42:164][ 86]LogVSAccessor: Warning: Couldn't access module table
[2018.04.12-18.36.42:164][ 86]LogVSAccessor: Warning: Couldn't access module table
[2018.04.12-18.36.42:164][ 86]LogVSAccessor: Warning: Couldn't access module table
[2018.04.12-18.36.42:164][ 86]LogVSAccessor: Warning: Couldn't access module table
[2018.04.12-18.36.42:164][ 86]LogVSAccessor: Warning: Couldn't access module table
[2018.04.12-18.36.42:164][ 86]LogVSAccessor: Warning: Couldn't access module table
[2018.04.12-18.36.42:164][ 86]LogVSAccessor: Warning: Couldn't access module table
[2018.04.12-18.36.42:164][ 86]LogVSAccessor: Warning: Couldn't access module table
[2018.04.12-18.36.42:165][ 86]LogVSAccessor: Warning: Couldn't access module table
[2018.04.12-18.36.42:165][ 86]LogVSAccessor: Warning: Couldn't access module table
[2018.04.12-18.36.42:165][ 86]LogVSAccessor: Warning: Couldn't access module table
[2018.04.12-18.36.42:165][ 86]LogVSAccessor: Warning: Couldn't access module table
[2018.04.12-18.36.42:165][ 86]LogVSAccessor: Warning: Couldn't access module table
[2018.04.12-18.36.42:165][ 86]LogVSAccessor: Warning: Couldn't access module table
[2018.04.12-18.36.42:165][ 86]LogVSAccessor: Warning: Couldn't access module table
[2018.04.12-18.36.42:166][ 86]LogVSAccessor: Warning: Couldn't access module table
[2018.04.12-18.36.42:166][ 86]LogVSAccessor: Warning: Couldn't access module table
[2018.04.12-18.36.42:166][ 86]LogVSAccessor: Warning: Couldn't access module table
[2018.04.12-18.36.42:166][ 86]LogVSAccessor: Warning: Couldn't access module table
[2018.04.12-18.36.42:166][ 86]LogVSAccessor: Warning: Couldn't access module table
[2018.04.12-18.36.42:166][ 86]LogVSAccessor: Warning: Couldn't access module table
[2018.04.12-18.36.42:166][ 86]LogVSAccessor: Warning: Couldn't access module table
[2018.04.12-18.36.42:166][ 86]LogVSAccessor: Warning: Couldn't access module table
[2018.04.12-18.36.42:166][ 86]LogVSAccessor: Warning: Couldn't access module table
[2018.04.12-18.36.42:170][ 86]LogVSAccessor: Warning: Couldn't access module table
[2018.04.12-18.36.42:170][ 86]LogVSAccessor: Warning: Couldn't access module table
[2018.04.12-18.36.42:170][ 86]LogVSAccessor: Warning: Couldn't access module table
[2018.04.12-18.36.42:173][ 86]LogVSAccessor: Warning: Couldn't access module table
[2018.04.12-18.36.42:174][ 86]LogVSAccessor: Warning: Couldn't access module table
[2018.04.12-18.36.42:174][ 86]LogVSAccessor: Warning: Couldn't access module table
[2018.04.12-18.36.42:180][ 86]LogVSAccessor: Warning: Couldn't access module table
[2018.04.12-18.36.42:190][ 86]LogVSAccessor: Warning: Couldn't access module table
[2018.04.12-18.36.42:193][ 86]LogVSAccessor: Warning: Couldn't access module table
[2018.04.12-18.36.42:194][ 86]LogVSAccessor: Warning: Couldn't access module table
[2018.04.12-18.36.42:194][ 86]LogVSAccessor: Warning: Couldn't access module table
[2018.04.12-18.36.42:195][ 86]LogVSAccessor: Warning: Couldn't access module table
[2018.04.12-18.36.42:196][ 86]LogVSAccessor: Warning: Couldn't access module table
[2018.04.12-18.36.42:197][ 86]LogVSAccessor: Warning: Couldn't access module table
[2018.04.12-18.36.42:199][ 86]LogVSAccessor: Warning: Couldn't access module table
[2018.04.12-18.36.42:202][ 86]LogVSAccessor: Warning: Couldn't access module table
[2018.04.12-18.36.42:204][ 86]LogVSAccessor: Warning: Couldn't access module table
[2018.04.12-18.36.42:204][ 86]LogVSAccessor: Warning: Couldn't access module table
[2018.04.12-18.36.42:204][ 86]LogVSAccessor: Warning: Couldn't access module table
